    ____           __                     __
   / __ \  ____   / /_ _      __  ___    / /_
  / / / / / __ \ / __/| | /| / / / _ \  / __ \
 / /_/ / / /_/ // /_  | |/ |/ / /  __/ / /_/ /
/_____/  \____/ \__/  |__/|__/  \___/ /_.___/
2018-09-19 10:52:55.7409 [DEBUG] [dotweb.go:115] DotWeb Start New AppServer
2018-09-19 10:52:55.7414 [DEBUG] [router.go:437] DotWeb:Router:RegisterRoute success [HEAD] [/App/Add] [github.com/a526757124/polaris/uiserver/handlers.(*AppInfoHandler).Add-fm]
2018-09-19 10:52:55.7414 [DEBUG] [router.go:437] DotWeb:Router:RegisterRoute success [GET] [/App/Add] [github.com/a526757124/polaris/uiserver/handlers.(*AppInfoHandler).Add-fm]
2018-09-19 10:52:55.7419 [DEBUG] [router.go:437] DotWeb:Router:RegisterRoute success [POST] [/App/Add] [github.com/a526757124/polaris/uiserver/handlers.(*AppInfoHandler).Add-fm]
2018-09-19 10:52:55.7449 [DEBUG] [router.go:437] DotWeb:Router:RegisterRoute success [PUT] [/App/Add] [github.com/a526757124/polaris/uiserver/handlers.(*AppInfoHandler).Add-fm]
2018-09-19 10:52:55.7454 [DEBUG] [router.go:437] DotWeb:Router:RegisterRoute success [DELETE] [/App/Add] [github.com/a526757124/polaris/uiserver/handlers.(*AppInfoHandler).Add-fm]
2018-09-19 10:52:55.7459 [DEBUG] [router.go:437] DotWeb:Router:RegisterRoute success [PATCH] [/App/Add] [github.com/a526757124/polaris/uiserver/handlers.(*AppInfoHandler).Add-fm]
2018-09-19 10:52:55.7459 [DEBUG] [router.go:437] DotWeb:Router:RegisterRoute success [OPTIONS] [/App/Add] [github.com/a526757124/polaris/uiserver/handlers.(*AppInfoHandler).Add-fm]
2018-09-19 10:52:55.7464 [DEBUG] [router.go:437] DotWeb:Router:RegisterRoute success [HEAD] [/App/Update] [github.com/a526757124/polaris/uiserver/handlers.(*AppInfoHandler).Update-fm]
2018-09-19 10:52:55.7464 [DEBUG] [router.go:437] DotWeb:Router:RegisterRoute success [GET] [/App/Update] [github.com/a526757124/polaris/uiserver/handlers.(*AppInfoHandler).Update-fm]
2018-09-19 10:52:55.7469 [DEBUG] [router.go:437] DotWeb:Router:RegisterRoute success [POST] [/App/Update] [github.com/a526757124/polaris/uiserver/handlers.(*AppInfoHandler).Update-fm]
2018-09-19 10:52:55.7469 [DEBUG] [router.go:437] DotWeb:Router:RegisterRoute success [PUT] [/App/Update] [github.com/a526757124/polaris/uiserver/handlers.(*AppInfoHandler).Update-fm]
2018-09-19 10:52:55.7474 [DEBUG] [router.go:437] DotWeb:Router:RegisterRoute success [DELETE] [/App/Update] [github.com/a526757124/polaris/uiserver/handlers.(*AppInfoHandler).Update-fm]
2018-09-19 10:52:55.7474 [DEBUG] [router.go:437] DotWeb:Router:RegisterRoute success [PATCH] [/App/Update] [github.com/a526757124/polaris/uiserver/handlers.(*AppInfoHandler).Update-fm]
2018-09-19 10:52:55.7479 [DEBUG] [router.go:437] DotWeb:Router:RegisterRoute success [OPTIONS] [/App/Update] [github.com/a526757124/polaris/uiserver/handlers.(*AppInfoHandler).Update-fm]
2018-09-19 10:52:55.7479 [DEBUG] [router.go:437] DotWeb:Router:RegisterRoute success [HEAD] [/App/Delete] [github.com/a526757124/polaris/uiserver/handlers.(*AppInfoHandler).Delete-fm]
2018-09-19 10:52:55.7484 [DEBUG] [router.go:437] DotWeb:Router:RegisterRoute success [GET] [/App/Delete] [github.com/a526757124/polaris/uiserver/handlers.(*AppInfoHandler).Delete-fm]
2018-09-19 10:52:55.7484 [DEBUG] [router.go:437] DotWeb:Router:RegisterRoute success [POST] [/App/Delete] [github.com/a526757124/polaris/uiserver/handlers.(*AppInfoHandler).Delete-fm]
2018-09-19 10:52:55.7489 [DEBUG] [router.go:437] DotWeb:Router:RegisterRoute success [PUT] [/App/Delete] [github.com/a526757124/polaris/uiserver/handlers.(*AppInfoHandler).Delete-fm]
2018-09-19 10:52:55.7489 [DEBUG] [router.go:437] DotWeb:Router:RegisterRoute success [DELETE] [/App/Delete] [github.com/a526757124/polaris/uiserver/handlers.(*AppInfoHandler).Delete-fm]
2018-09-19 10:52:55.7494 [DEBUG] [router.go:437] DotWeb:Router:RegisterRoute success [PATCH] [/App/Delete] [github.com/a526757124/polaris/uiserver/handlers.(*AppInfoHandler).Delete-fm]
2018-09-19 10:52:55.7494 [DEBUG] [router.go:437] DotWeb:Router:RegisterRoute success [OPTIONS] [/App/Delete] [github.com/a526757124/polaris/uiserver/handlers.(*AppInfoHandler).Delete-fm]
2018-09-19 10:52:55.7499 [DEBUG] [router.go:437] DotWeb:Router:RegisterRoute success [HEAD] [/App/GetList] [github.com/a526757124/polaris/uiserver/handlers.(*AppInfoHandler).GetList-fm]
2018-09-19 10:52:55.7499 [DEBUG] [router.go:437] DotWeb:Router:RegisterRoute success [GET] [/App/GetList] [github.com/a526757124/polaris/uiserver/handlers.(*AppInfoHandler).GetList-fm]
2018-09-19 10:52:55.7504 [DEBUG] [router.go:437] DotWeb:Router:RegisterRoute success [POST] [/App/GetList] [github.com/a526757124/polaris/uiserver/handlers.(*AppInfoHandler).GetList-fm]
2018-09-19 10:52:55.7504 [DEBUG] [router.go:437] DotWeb:Router:RegisterRoute success [PUT] [/App/GetList] [github.com/a526757124/polaris/uiserver/handlers.(*AppInfoHandler).GetList-fm]
2018-09-19 10:52:55.7509 [DEBUG] [router.go:437] DotWeb:Router:RegisterRoute success [DELETE] [/App/GetList] [github.com/a526757124/polaris/uiserver/handlers.(*AppInfoHandler).GetList-fm]
2018-09-19 10:52:55.7509 [DEBUG] [router.go:437] DotWeb:Router:RegisterRoute success [PATCH] [/App/GetList] [github.com/a526757124/polaris/uiserver/handlers.(*AppInfoHandler).GetList-fm]
2018-09-19 10:52:55.7514 [DEBUG] [router.go:437] DotWeb:Router:RegisterRoute success [OPTIONS] [/App/GetList] [github.com/a526757124/polaris/uiserver/handlers.(*AppInfoHandler).GetList-fm]
2018-09-19 10:52:55.7514 [DEBUG] [router.go:437] DotWeb:Router:RegisterRoute success [HEAD] [/APIGroup/Add] [github.com/a526757124/polaris/uiserver/handlers.(*APIGroupHandler).Add-fm]
2018-09-19 10:52:55.7519 [DEBUG] [router.go:437] DotWeb:Router:RegisterRoute success [GET] [/APIGroup/Add] [github.com/a526757124/polaris/uiserver/handlers.(*APIGroupHandler).Add-fm]
2018-09-19 10:52:55.7519 [DEBUG] [router.go:437] DotWeb:Router:RegisterRoute success [POST] [/APIGroup/Add] [github.com/a526757124/polaris/uiserver/handlers.(*APIGroupHandler).Add-fm]
2018-09-19 10:52:55.7524 [DEBUG] [router.go:437] DotWeb:Router:RegisterRoute success [PUT] [/APIGroup/Add] [github.com/a526757124/polaris/uiserver/handlers.(*APIGroupHandler).Add-fm]
2018-09-19 10:52:55.7529 [DEBUG] [router.go:437] DotWeb:Router:RegisterRoute success [DELETE] [/APIGroup/Add] [github.com/a526757124/polaris/uiserver/handlers.(*APIGroupHandler).Add-fm]
2018-09-19 10:52:55.7529 [DEBUG] [router.go:437] DotWeb:Router:RegisterRoute success [PATCH] [/APIGroup/Add] [github.com/a526757124/polaris/uiserver/handlers.(*APIGroupHandler).Add-fm]
2018-09-19 10:52:55.7534 [DEBUG] [router.go:437] DotWeb:Router:RegisterRoute success [OPTIONS] [/APIGroup/Add] [github.com/a526757124/polaris/uiserver/handlers.(*APIGroupHandler).Add-fm]
2018-09-19 10:52:55.7534 [DEBUG] [router.go:437] DotWeb:Router:RegisterRoute success [HEAD] [/APIGroup/Update] [github.com/a526757124/polaris/uiserver/handlers.(*APIGroupHandler).Update-fm]
2018-09-19 10:52:55.7539 [DEBUG] [router.go:437] DotWeb:Router:RegisterRoute success [GET] [/APIGroup/Update] [github.com/a526757124/polaris/uiserver/handlers.(*APIGroupHandler).Update-fm]
2018-09-19 10:52:55.7539 [DEBUG] [router.go:437] DotWeb:Router:RegisterRoute success [POST] [/APIGroup/Update] [github.com/a526757124/polaris/uiserver/handlers.(*APIGroupHandler).Update-fm]
2018-09-19 10:52:55.7544 [DEBUG] [router.go:437] DotWeb:Router:RegisterRoute success [PUT] [/APIGroup/Update] [github.com/a526757124/polaris/uiserver/handlers.(*APIGroupHandler).Update-fm]
2018-09-19 10:52:55.7544 [DEBUG] [router.go:437] DotWeb:Router:RegisterRoute success [DELETE] [/APIGroup/Update] [github.com/a526757124/polaris/uiserver/handlers.(*APIGroupHandler).Update-fm]
2018-09-19 10:52:55.7549 [DEBUG] [router.go:437] DotWeb:Router:RegisterRoute success [PATCH] [/APIGroup/Update] [github.com/a526757124/polaris/uiserver/handlers.(*APIGroupHandler).Update-fm]
2018-09-19 10:52:55.7549 [DEBUG] [router.go:437] DotWeb:Router:RegisterRoute success [OPTIONS] [/APIGroup/Update] [github.com/a526757124/polaris/uiserver/handlers.(*APIGroupHandler).Update-fm]
2018-09-19 10:52:55.7554 [DEBUG] [router.go:437] DotWeb:Router:RegisterRoute success [HEAD] [/APIGroup/Delete] [github.com/a526757124/polaris/uiserver/handlers.(*APIGroupHandler).Delete-fm]
2018-09-19 10:52:55.7554 [DEBUG] [router.go:437] DotWeb:Router:RegisterRoute success [GET] [/APIGroup/Delete] [github.com/a526757124/polaris/uiserver/handlers.(*APIGroupHandler).Delete-fm]
2018-09-19 10:52:55.7559 [DEBUG] [router.go:437] DotWeb:Router:RegisterRoute success [POST] [/APIGroup/Delete] [github.com/a526757124/polaris/uiserver/handlers.(*APIGroupHandler).Delete-fm]
2018-09-19 10:52:55.7564 [DEBUG] [router.go:437] DotWeb:Router:RegisterRoute success [PUT] [/APIGroup/Delete] [github.com/a526757124/polaris/uiserver/handlers.(*APIGroupHandler).Delete-fm]
2018-09-19 10:52:55.7564 [DEBUG] [router.go:437] DotWeb:Router:RegisterRoute success [DELETE] [/APIGroup/Delete] [github.com/a526757124/polaris/uiserver/handlers.(*APIGroupHandler).Delete-fm]
2018-09-19 10:52:55.7569 [DEBUG] [router.go:437] DotWeb:Router:RegisterRoute success [PATCH] [/APIGroup/Delete] [github.com/a526757124/polaris/uiserver/handlers.(*APIGroupHandler).Delete-fm]
2018-09-19 10:52:55.7569 [DEBUG] [router.go:437] DotWeb:Router:RegisterRoute success [OPTIONS] [/APIGroup/Delete] [github.com/a526757124/polaris/uiserver/handlers.(*APIGroupHandler).Delete-fm]
2018-09-19 10:52:55.7574 [DEBUG] [router.go:437] DotWeb:Router:RegisterRoute success [HEAD] [/APIGroup/GetList] [github.com/a526757124/polaris/uiserver/handlers.(*APIGroupHandler).GetList-fm]
2018-09-19 10:52:55.7574 [DEBUG] [router.go:437] DotWeb:Router:RegisterRoute success [GET] [/APIGroup/GetList] [github.com/a526757124/polaris/uiserver/handlers.(*APIGroupHandler).GetList-fm]
2018-09-19 10:52:55.7579 [DEBUG] [router.go:437] DotWeb:Router:RegisterRoute success [POST] [/APIGroup/GetList] [github.com/a526757124/polaris/uiserver/handlers.(*APIGroupHandler).GetList-fm]
2018-09-19 10:52:55.7584 [DEBUG] [router.go:437] DotWeb:Router:RegisterRoute success [PUT] [/APIGroup/GetList] [github.com/a526757124/polaris/uiserver/handlers.(*APIGroupHandler).GetList-fm]
2018-09-19 10:52:55.7589 [DEBUG] [router.go:437] DotWeb:Router:RegisterRoute success [DELETE] [/APIGroup/GetList] [github.com/a526757124/polaris/uiserver/handlers.(*APIGroupHandler).GetList-fm]
2018-09-19 10:52:55.7589 [DEBUG] [router.go:437] DotWeb:Router:RegisterRoute success [PATCH] [/APIGroup/GetList] [github.com/a526757124/polaris/uiserver/handlers.(*APIGroupHandler).GetList-fm]
2018-09-19 10:52:55.7599 [DEBUG] [router.go:437] DotWeb:Router:RegisterRoute success [OPTIONS] [/APIGroup/GetList] [github.com/a526757124/polaris/uiserver/handlers.(*APIGroupHandler).GetList-fm]
2018-09-19 10:52:55.7599 [DEBUG] [server.go:404] DotWeb:HttpServer SetEnabledGzip [false]
2018-09-19 10:52:55.7604 [DEBUG] [dotweb.go:461] DotWeb initBindMiddleware [app] GET^$^/App/Add *dotweb.xMiddleware match
2018-09-19 10:52:55.7609 [DEBUG] [dotweb.go:461] DotWeb initBindMiddleware [app] GET^$^/App/Add *cors.CORSMiddleware match
2018-09-19 10:52:55.7609 [DEBUG] [dotweb.go:461] DotWeb initBindMiddleware [app] PUT^$^/App/Delete *dotweb.xMiddleware match
2018-09-19 10:52:55.7614 [DEBUG] [dotweb.go:461] DotWeb initBindMiddleware [app] PUT^$^/App/Delete *cors.CORSMiddleware match
2018-09-19 10:52:55.7619 [DEBUG] [dotweb.go:461] DotWeb initBindMiddleware [app] POST^$^/App/GetList *dotweb.xMiddleware match
2018-09-19 10:52:55.7624 [DEBUG] [dotweb.go:461] DotWeb initBindMiddleware [app] POST^$^/App/GetList *cors.CORSMiddleware match
2018-09-19 10:52:55.7624 [DEBUG] [dotweb.go:461] DotWeb initBindMiddleware [app] DELETE^$^/App/GetList *dotweb.xMiddleware match
2018-09-19 10:52:55.7629 [DEBUG] [dotweb.go:461] DotWeb initBindMiddleware [app] DELETE^$^/App/GetList *cors.CORSMiddleware match
2018-09-19 10:52:55.7629 [DEBUG] [dotweb.go:461] DotWeb initBindMiddleware [app] POST^$^/APIGroup/Update *dotweb.xMiddleware match
2018-09-19 10:52:55.7634 [DEBUG] [dotweb.go:461] DotWeb initBindMiddleware [app] POST^$^/APIGroup/Update *cors.CORSMiddleware match
2018-09-19 10:52:55.7634 [DEBUG] [dotweb.go:461] DotWeb initBindMiddleware [app] DELETE^$^/App/Delete *dotweb.xMiddleware match
2018-09-19 10:52:55.7639 [DEBUG] [dotweb.go:461] DotWeb initBindMiddleware [app] DELETE^$^/App/Delete *cors.CORSMiddleware match
2018-09-19 10:52:55.7639 [DEBUG] [dotweb.go:461] DotWeb initBindMiddleware [app] POST^$^/App/Update *dotweb.xMiddleware match
2018-09-19 10:52:55.7644 [DEBUG] [dotweb.go:461] DotWeb initBindMiddleware [app] POST^$^/App/Update *cors.CORSMiddleware match
2018-09-19 10:52:55.7644 [DEBUG] [dotweb.go:461] DotWeb initBindMiddleware [app] POST^$^/APIGroup/Delete *dotweb.xMiddleware match
2018-09-19 10:52:55.7649 [DEBUG] [dotweb.go:461] DotWeb initBindMiddleware [app] POST^$^/APIGroup/Delete *cors.CORSMiddleware match
2018-09-19 10:52:55.7649 [DEBUG] [dotweb.go:461] DotWeb initBindMiddleware [app] HEAD^$^/APIGroup/GetList *dotweb.xMiddleware match
2018-09-19 10:52:55.7654 [DEBUG] [dotweb.go:461] DotWeb initBindMiddleware [app] HEAD^$^/APIGroup/GetList *cors.CORSMiddleware match
2018-09-19 10:52:55.7659 [DEBUG] [dotweb.go:461] DotWeb initBindMiddleware [app] PUT^$^/App/Add *dotweb.xMiddleware match
2018-09-19 10:52:55.7659 [DEBUG] [dotweb.go:461] DotWeb initBindMiddleware [app] PUT^$^/App/Add *cors.CORSMiddleware match
2018-09-19 10:52:55.7664 [DEBUG] [dotweb.go:461] DotWeb initBindMiddleware [app] PUT^$^/App/GetList *dotweb.xMiddleware match
2018-09-19 10:52:55.7664 [DEBUG] [dotweb.go:461] DotWeb initBindMiddleware [app] PUT^$^/App/GetList *cors.CORSMiddleware match
2018-09-19 10:52:55.7669 [DEBUG] [dotweb.go:461] DotWeb initBindMiddleware [app] GET^$^/APIGroup/GetList *dotweb.xMiddleware match
2018-09-19 10:52:55.7669 [DEBUG] [dotweb.go:461] DotWeb initBindMiddleware [app] GET^$^/APIGroup/GetList *cors.CORSMiddleware match
2018-09-19 10:52:55.7669 [DEBUG] [dotweb.go:461] DotWeb initBindMiddleware [app] PUT^$^/App/Update *dotweb.xMiddleware match
2018-09-19 10:52:55.7674 [DEBUG] [dotweb.go:461] DotWeb initBindMiddleware [app] PUT^$^/App/Update *cors.CORSMiddleware match
2018-09-19 10:52:55.7674 [DEBUG] [dotweb.go:461] DotWeb initBindMiddleware [app] PUT^$^/APIGroup/Add *dotweb.xMiddleware match
2018-09-19 10:52:55.7679 [DEBUG] [dotweb.go:461] DotWeb initBindMiddleware [app] PUT^$^/APIGroup/Add *cors.CORSMiddleware match
2018-09-19 10:52:55.7679 [DEBUG] [dotweb.go:461] DotWeb initBindMiddleware [app] HEAD^$^/APIGroup/Update *dotweb.xMiddleware match
2018-09-19 10:52:55.7684 [DEBUG] [dotweb.go:461] DotWeb initBindMiddleware [app] HEAD^$^/APIGroup/Update *cors.CORSMiddleware match
2018-09-19 10:52:55.7684 [DEBUG] [dotweb.go:461] DotWeb initBindMiddleware [app] GET^$^/APIGroup/Add *dotweb.xMiddleware match
2018-09-19 10:52:55.7689 [DEBUG] [dotweb.go:461] DotWeb initBindMiddleware [app] GET^$^/APIGroup/Add *cors.CORSMiddleware match
2018-09-19 10:52:55.7694 [DEBUG] [dotweb.go:461] DotWeb initBindMiddleware [app] GET^$^/APIGroup/Update *dotweb.xMiddleware match
2018-09-19 10:52:55.7694 [DEBUG] [dotweb.go:461] DotWeb initBindMiddleware [app] GET^$^/APIGroup/Update *cors.CORSMiddleware match
2018-09-19 10:52:55.7699 [DEBUG] [dotweb.go:461] DotWeb initBindMiddleware [app] GET^$^/APIGroup/Delete *dotweb.xMiddleware match
2018-09-19 10:52:55.7704 [DEBUG] [dotweb.go:461] DotWeb initBindMiddleware [app] GET^$^/APIGroup/Delete *cors.CORSMiddleware match
2018-09-19 10:52:55.7709 [DEBUG] [dotweb.go:461] DotWeb initBindMiddleware [app] POST^$^/APIGroup/GetList *dotweb.xMiddleware match
2018-09-19 10:52:55.7709 [DEBUG] [dotweb.go:461] DotWeb initBindMiddleware [app] POST^$^/APIGroup/GetList *cors.CORSMiddleware match
2018-09-19 10:52:55.7714 [DEBUG] [dotweb.go:461] DotWeb initBindMiddleware [app] POST^$^/App/Add *dotweb.xMiddleware match
2018-09-19 10:52:55.7719 [DEBUG] [dotweb.go:461] DotWeb initBindMiddleware [app] POST^$^/App/Add *cors.CORSMiddleware match
2018-09-19 10:52:55.7724 [DEBUG] [dotweb.go:461] DotWeb initBindMiddleware [app] HEAD^$^/App/Update *dotweb.xMiddleware match
2018-09-19 10:52:55.7724 [DEBUG] [dotweb.go:461] DotWeb initBindMiddleware [app] HEAD^$^/App/Update *cors.CORSMiddleware match
2018-09-19 10:52:55.7729 [DEBUG] [dotweb.go:461] DotWeb initBindMiddleware [app] PATCH^$^/App/Delete *dotweb.xMiddleware match
2018-09-19 10:52:55.7734 [DEBUG] [dotweb.go:461] DotWeb initBindMiddleware [app] PATCH^$^/App/Delete *cors.CORSMiddleware match
2018-09-19 10:52:55.7739 [DEBUG] [dotweb.go:461] DotWeb initBindMiddleware [app] PATCH^$^/App/GetList *dotweb.xMiddleware match
2018-09-19 10:52:55.7744 [DEBUG] [dotweb.go:461] DotWeb initBindMiddleware [app] PATCH^$^/App/GetList *cors.CORSMiddleware match
2018-09-19 10:52:55.7749 [DEBUG] [dotweb.go:461] DotWeb initBindMiddleware [app] PATCH^$^/APIGroup/Delete *dotweb.xMiddleware match
2018-09-19 10:52:55.7749 [DEBUG] [dotweb.go:461] DotWeb initBindMiddleware [app] PATCH^$^/APIGroup/Delete *cors.CORSMiddleware match
2018-09-19 10:52:55.7754 [DEBUG] [dotweb.go:461] DotWeb initBindMiddleware [app] PATCH^$^/App/Add *dotweb.xMiddleware match
2018-09-19 10:52:55.7754 [DEBUG] [dotweb.go:461] DotWeb initBindMiddleware [app] PATCH^$^/App/Add *cors.CORSMiddleware match
2018-09-19 10:52:55.7759 [DEBUG] [dotweb.go:461] DotWeb initBindMiddleware [app] OPTIONS^$^/App/Add *dotweb.xMiddleware match
2018-09-19 10:52:55.7764 [DEBUG] [dotweb.go:461] DotWeb initBindMiddleware [app] OPTIONS^$^/App/Add *cors.CORSMiddleware match
2018-09-19 10:52:55.7764 [DEBUG] [dotweb.go:461] DotWeb initBindMiddleware [app] HEAD^$^/APIGroup/Add *dotweb.xMiddleware match
2018-09-19 10:52:55.7769 [DEBUG] [dotweb.go:461] DotWeb initBindMiddleware [app] HEAD^$^/APIGroup/Add *cors.CORSMiddleware match
2018-09-19 10:52:55.7775 [DEBUG] [dotweb.go:461] DotWeb initBindMiddleware [app] PUT^$^/APIGroup/Update *dotweb.xMiddleware match
2018-09-19 10:52:55.7775 [DEBUG] [dotweb.go:461] DotWeb initBindMiddleware [app] PUT^$^/APIGroup/Update *cors.CORSMiddleware match
2018-09-19 10:52:55.778 [DEBUG] [dotweb.go:461] DotWeb initBindMiddleware [app] PUT^$^/APIGroup/Delete *dotweb.xMiddleware match
2018-09-19 10:52:55.7785 [DEBUG] [dotweb.go:461] DotWeb initBindMiddleware [app] PUT^$^/APIGroup/Delete *cors.CORSMiddleware match
2018-09-19 10:52:55.7785 [DEBUG] [dotweb.go:461] DotWeb initBindMiddleware [app] DELETE^$^/App/Add *dotweb.xMiddleware match
2018-09-19 10:52:55.779 [DEBUG] [dotweb.go:461] DotWeb initBindMiddleware [app] DELETE^$^/App/Add *cors.CORSMiddleware match
2018-09-19 10:52:55.779 [DEBUG] [dotweb.go:461] DotWeb initBindMiddleware [app] OPTIONS^$^/APIGroup/GetList *dotweb.xMiddleware match
2018-09-19 10:52:55.7795 [DEBUG] [dotweb.go:461] DotWeb initBindMiddleware [app] OPTIONS^$^/APIGroup/GetList *cors.CORSMiddleware match
2018-09-19 10:52:55.7795 [DEBUG] [dotweb.go:461] DotWeb initBindMiddleware [app] HEAD^$^/App/GetList *dotweb.xMiddleware match
2018-09-19 10:52:55.78 [DEBUG] [dotweb.go:461] DotWeb initBindMiddleware [app] HEAD^$^/App/GetList *cors.CORSMiddleware match
2018-09-19 10:52:55.7805 [DEBUG] [dotweb.go:461] DotWeb initBindMiddleware [app] POST^$^/APIGroup/Add *dotweb.xMiddleware match
2018-09-19 10:52:55.781 [DEBUG] [dotweb.go:461] DotWeb initBindMiddleware [app] POST^$^/APIGroup/Add *cors.CORSMiddleware match
2018-09-19 10:52:55.7815 [DEBUG] [dotweb.go:461] DotWeb initBindMiddleware [app] OPTIONS^$^/APIGroup/Add *dotweb.xMiddleware match
2018-09-19 10:52:55.7815 [DEBUG] [dotweb.go:461] DotWeb initBindMiddleware [app] OPTIONS^$^/APIGroup/Add *cors.CORSMiddleware match
2018-09-19 10:52:55.782 [DEBUG] [dotweb.go:461] DotWeb initBindMiddleware [app] PATCH^$^/APIGroup/GetList *dotweb.xMiddleware match
2018-09-19 10:52:55.782 [DEBUG] [dotweb.go:461] DotWeb initBindMiddleware [app] PATCH^$^/APIGroup/GetList *cors.CORSMiddleware match
2018-09-19 10:52:55.7825 [DEBUG] [dotweb.go:461] DotWeb initBindMiddleware [app] OPTIONS^$^/App/Update *dotweb.xMiddleware match
2018-09-19 10:52:55.7825 [DEBUG] [dotweb.go:461] DotWeb initBindMiddleware [app] OPTIONS^$^/App/Update *cors.CORSMiddleware match
2018-09-19 10:52:55.783 [DEBUG] [dotweb.go:461] DotWeb initBindMiddleware [app] DELETE^$^/APIGroup/GetList *dotweb.xMiddleware match
2018-09-19 10:52:55.783 [DEBUG] [dotweb.go:461] DotWeb initBindMiddleware [app] DELETE^$^/APIGroup/GetList *cors.CORSMiddleware match
2018-09-19 10:52:55.7835 [DEBUG] [dotweb.go:461] DotWeb initBindMiddleware [app] HEAD^$^/App/Delete *dotweb.xMiddleware match
2018-09-19 10:52:55.784 [DEBUG] [dotweb.go:461] DotWeb initBindMiddleware [app] HEAD^$^/App/Delete *cors.CORSMiddleware match
2018-09-19 10:52:55.7845 [DEBUG] [dotweb.go:461] DotWeb initBindMiddleware [app] GET^$^/App/Delete *dotweb.xMiddleware match
2018-09-19 10:52:55.785 [DEBUG] [dotweb.go:461] DotWeb initBindMiddleware [app] GET^$^/App/Delete *cors.CORSMiddleware match
2018-09-19 10:52:55.7855 [DEBUG] [dotweb.go:461] DotWeb initBindMiddleware [app] DELETE^$^/APIGroup/Add *dotweb.xMiddleware match
2018-09-19 10:52:55.7855 [DEBUG] [dotweb.go:461] DotWeb initBindMiddleware [app] DELETE^$^/APIGroup/Add *cors.CORSMiddleware match
2018-09-19 10:52:55.7855 [DEBUG] [dotweb.go:461] DotWeb initBindMiddleware [app] DELETE^$^/App/Update *dotweb.xMiddleware match
2018-09-19 10:52:55.786 [DEBUG] [dotweb.go:461] DotWeb initBindMiddleware [app] DELETE^$^/App/Update *cors.CORSMiddleware match
2018-09-19 10:52:55.7865 [DEBUG] [dotweb.go:461] DotWeb initBindMiddleware [app] GET^$^/App/GetList *dotweb.xMiddleware match
2018-09-19 10:52:55.7865 [DEBUG] [dotweb.go:461] DotWeb initBindMiddleware [app] GET^$^/App/GetList *cors.CORSMiddleware match
2018-09-19 10:52:55.787 [DEBUG] [dotweb.go:461] DotWeb initBindMiddleware [app] PUT^$^/APIGroup/GetList *dotweb.xMiddleware match
2018-09-19 10:52:55.787 [DEBUG] [dotweb.go:461] DotWeb initBindMiddleware [app] PUT^$^/APIGroup/GetList *cors.CORSMiddleware match
2018-09-19 10:52:55.7875 [DEBUG] [dotweb.go:461] DotWeb initBindMiddleware [app] PATCH^$^/App/Update *dotweb.xMiddleware match
2018-09-19 10:52:55.7875 [DEBUG] [dotweb.go:461] DotWeb initBindMiddleware [app] PATCH^$^/App/Update *cors.CORSMiddleware match
2018-09-19 10:52:55.788 [DEBUG] [dotweb.go:461] DotWeb initBindMiddleware [app] POST^$^/App/Delete *dotweb.xMiddleware match
2018-09-19 10:52:55.788 [DEBUG] [dotweb.go:461] DotWeb initBindMiddleware [app] POST^$^/App/Delete *cors.CORSMiddleware match
2018-09-19 10:52:55.7885 [DEBUG] [dotweb.go:461] DotWeb initBindMiddleware [app] OPTIONS^$^/App/Delete *dotweb.xMiddleware match
2018-09-19 10:52:55.7885 [DEBUG] [dotweb.go:461] DotWeb initBindMiddleware [app] OPTIONS^$^/App/Delete *cors.CORSMiddleware match
2018-09-19 10:52:55.789 [DEBUG] [dotweb.go:461] DotWeb initBindMiddleware [app] OPTIONS^$^/App/GetList *dotweb.xMiddleware match
2018-09-19 10:52:55.79 [DEBUG] [dotweb.go:461] DotWeb initBindMiddleware [app] OPTIONS^$^/App/GetList *cors.CORSMiddleware match
2018-09-19 10:52:55.79 [DEBUG] [dotweb.go:461] DotWeb initBindMiddleware [app] OPTIONS^$^/APIGroup/Delete *dotweb.xMiddleware match
2018-09-19 10:52:55.7905 [DEBUG] [dotweb.go:461] DotWeb initBindMiddleware [app] OPTIONS^$^/APIGroup/Delete *cors.CORSMiddleware match
2018-09-19 10:52:55.7905 [DEBUG] [dotweb.go:461] DotWeb initBindMiddleware [app] DELETE^$^/APIGroup/Update *dotweb.xMiddleware match
2018-09-19 10:52:55.791 [DEBUG] [dotweb.go:461] DotWeb initBindMiddleware [app] DELETE^$^/APIGroup/Update *cors.CORSMiddleware match
2018-09-19 10:52:55.791 [DEBUG] [dotweb.go:461] DotWeb initBindMiddleware [app] HEAD^$^/APIGroup/Delete *dotweb.xMiddleware match
2018-09-19 10:52:55.7915 [DEBUG] [dotweb.go:461] DotWeb initBindMiddleware [app] HEAD^$^/APIGroup/Delete *cors.CORSMiddleware match
2018-09-19 10:52:55.7915 [DEBUG] [dotweb.go:461] DotWeb initBindMiddleware [app] HEAD^$^/App/Add *dotweb.xMiddleware match
2018-09-19 10:52:55.792 [DEBUG] [dotweb.go:461] DotWeb initBindMiddleware [app] HEAD^$^/App/Add *cors.CORSMiddleware match
2018-09-19 10:52:55.792 [DEBUG] [dotweb.go:461] DotWeb initBindMiddleware [app] GET^$^/App/Update *dotweb.xMiddleware match
2018-09-19 10:52:55.7925 [DEBUG] [dotweb.go:461] DotWeb initBindMiddleware [app] GET^$^/App/Update *cors.CORSMiddleware match
2018-09-19 10:52:55.7925 [DEBUG] [dotweb.go:461] DotWeb initBindMiddleware [app] PATCH^$^/APIGroup/Add *dotweb.xMiddleware match
2018-09-19 10:52:55.793 [DEBUG] [dotweb.go:461] DotWeb initBindMiddleware [app] PATCH^$^/APIGroup/Add *cors.CORSMiddleware match
2018-09-19 10:52:55.793 [DEBUG] [dotweb.go:461] DotWeb initBindMiddleware [app] PATCH^$^/APIGroup/Update *dotweb.xMiddleware match
2018-09-19 10:52:55.7935 [DEBUG] [dotweb.go:461] DotWeb initBindMiddleware [app] PATCH^$^/APIGroup/Update *cors.CORSMiddleware match
2018-09-19 10:52:55.7935 [DEBUG] [dotweb.go:461] DotWeb initBindMiddleware [app] OPTIONS^$^/APIGroup/Update *dotweb.xMiddleware match
2018-09-19 10:52:55.794 [DEBUG] [dotweb.go:461] DotWeb initBindMiddleware [app] OPTIONS^$^/APIGroup/Update *cors.CORSMiddleware match
2018-09-19 10:52:55.794 [DEBUG] [dotweb.go:461] DotWeb initBindMiddleware [app] DELETE^$^/APIGroup/Delete *dotweb.xMiddleware match
2018-09-19 10:52:55.7945 [DEBUG] [dotweb.go:461] DotWeb initBindMiddleware [app] DELETE^$^/APIGroup/Delete *cors.CORSMiddleware match
2018-09-19 10:52:55.7945 [DEBUG] [group.go:31] DotWeb:Group NewGroup [/dotweb]
2018-09-19 10:52:55.795 [DEBUG] [router.go:437] DotWeb:Router:RegisterRoute success [GET] [/dotweb/debug/pprof/:key] [github.com/devfeel/dotweb.initPProf]
2018-09-19 10:52:55.7955 [DEBUG] [router.go:437] DotWeb:Router:RegisterRoute success [GET] [/dotweb/debug/freemem] [github.com/devfeel/dotweb.freeMemory]
2018-09-19 10:52:55.7955 [DEBUG] [router.go:437] DotWeb:Router:RegisterRoute success [GET] [/dotweb/state] [github.com/devfeel/dotweb.showServerState]
2018-09-19 10:52:55.796 [DEBUG] [router.go:437] DotWeb:Router:RegisterRoute success [GET] [/dotweb/state/interval] [github.com/devfeel/dotweb.showIntervalData]
2018-09-19 10:52:55.796 [DEBUG] [router.go:437] DotWeb:Router:RegisterRoute success [GET] [/dotweb/query/:key] [github.com/devfeel/dotweb.showQuery]
2018-09-19 10:52:55.7965 [DEBUG] [dotweb.go:331] DotWeb RunMode is production
2018-09-19 10:52:55.7965 [DEBUG] [server.go:109] DotWeb:HttpServer ListenAndServe [:10001]
    ____           __                     __
   / __ \  ____   / /_ _      __  ___    / /_
  / / / / / __ \ / __/| | /| / / / _ \  / __ \
 / /_/ / / /_/ // /_  | |/ |/ / /  __/ / /_/ /
/_____/  \____/ \__/  |__/|__/  \___/ /_.___/
2018-09-19 21:57:19.18 [DEBUG] [dotweb.go:115] DotWeb Start New AppServer
2018-09-19 21:57:19.1805 [DEBUG] [server.go:386] DotWeb:HttpServer SetEnabledAutoOPTIONS [true]
2018-09-19 21:57:19.1805 [DEBUG] [router.go:437] DotWeb:Router:RegisterRoute success [POST] [/App/Add] [github.com/a526757124/polaris/uiserver/handlers.(*AppInfoHandler).Add-fm]
2018-09-19 21:57:19.181 [DEBUG] [router.go:474] DotWeb:Router:RegisterRoute AutoOPTIONS success [OPTIONS] [/App/Add] [github.com/a526757124/polaris/uiserver/handlers.(*AppInfoHandler).Add-fm]
2018-09-19 21:57:19.181 [DEBUG] [router.go:437] DotWeb:Router:RegisterRoute success [POST] [/App/Update] [github.com/a526757124/polaris/uiserver/handlers.(*AppInfoHandler).Update-fm]
2018-09-19 21:57:19.1815 [DEBUG] [router.go:474] DotWeb:Router:RegisterRoute AutoOPTIONS success [OPTIONS] [/App/Update] [github.com/a526757124/polaris/uiserver/handlers.(*AppInfoHandler).Update-fm]
2018-09-19 21:57:19.1815 [DEBUG] [router.go:437] DotWeb:Router:RegisterRoute success [POST] [/App/Delete] [github.com/a526757124/polaris/uiserver/handlers.(*AppInfoHandler).Delete-fm]
2018-09-19 21:57:19.182 [DEBUG] [router.go:474] DotWeb:Router:RegisterRoute AutoOPTIONS success [OPTIONS] [/App/Delete] [github.com/a526757124/polaris/uiserver/handlers.(*AppInfoHandler).Delete-fm]
2018-09-19 21:57:19.182 [DEBUG] [router.go:437] DotWeb:Router:RegisterRoute success [POST] [/App/GetList] [github.com/a526757124/polaris/uiserver/handlers.(*AppInfoHandler).GetList-fm]
2018-09-19 21:57:19.1825 [DEBUG] [router.go:474] DotWeb:Router:RegisterRoute AutoOPTIONS success [OPTIONS] [/App/GetList] [github.com/a526757124/polaris/uiserver/handlers.(*AppInfoHandler).GetList-fm]
2018-09-19 21:57:19.183 [DEBUG] [router.go:437] DotWeb:Router:RegisterRoute success [POST] [/APIGroup/Add] [github.com/a526757124/polaris/uiserver/handlers.(*APIGroupHandler).Add-fm]
2018-09-19 21:57:19.1835 [DEBUG] [router.go:474] DotWeb:Router:RegisterRoute AutoOPTIONS success [OPTIONS] [/APIGroup/Add] [github.com/a526757124/polaris/uiserver/handlers.(*APIGroupHandler).Add-fm]
2018-09-19 21:57:19.184 [DEBUG] [router.go:437] DotWeb:Router:RegisterRoute success [POST] [/APIGroup/Update] [github.com/a526757124/polaris/uiserver/handlers.(*APIGroupHandler).Update-fm]
2018-09-19 21:57:19.1845 [DEBUG] [router.go:474] DotWeb:Router:RegisterRoute AutoOPTIONS success [OPTIONS] [/APIGroup/Update] [github.com/a526757124/polaris/uiserver/handlers.(*APIGroupHandler).Update-fm]
2018-09-19 21:57:19.1845 [DEBUG] [router.go:437] DotWeb:Router:RegisterRoute success [POST] [/APIGroup/Delete] [github.com/a526757124/polaris/uiserver/handlers.(*APIGroupHandler).Delete-fm]
2018-09-19 21:57:19.185 [DEBUG] [router.go:474] DotWeb:Router:RegisterRoute AutoOPTIONS success [OPTIONS] [/APIGroup/Delete] [github.com/a526757124/polaris/uiserver/handlers.(*APIGroupHandler).Delete-fm]
2018-09-19 21:57:19.1855 [DEBUG] [router.go:437] DotWeb:Router:RegisterRoute success [POST] [/APIGroup/GetList] [github.com/a526757124/polaris/uiserver/handlers.(*APIGroupHandler).GetList-fm]
2018-09-19 21:57:19.186 [DEBUG] [router.go:474] DotWeb:Router:RegisterRoute AutoOPTIONS success [OPTIONS] [/APIGroup/GetList] [github.com/a526757124/polaris/uiserver/handlers.(*APIGroupHandler).GetList-fm]
2018-09-19 21:57:19.186 [DEBUG] [server.go:412] DotWeb:HttpServer SetEnabledGzip [false]
2018-09-19 21:57:19.1865 [DEBUG] [dotweb.go:461] DotWeb initBindMiddleware [app] POST^$^/APIGroup/Delete *dotweb.xMiddleware match
2018-09-19 21:57:19.187 [DEBUG] [dotweb.go:461] DotWeb initBindMiddleware [app] POST^$^/APIGroup/Delete *cors.CORSMiddleware match
2018-09-19 21:57:19.187 [DEBUG] [dotweb.go:461] DotWeb initBindMiddleware [app] POST^$^/APIGroup/GetList *dotweb.xMiddleware match
2018-09-19 21:57:19.1875 [DEBUG] [dotweb.go:461] DotWeb initBindMiddleware [app] POST^$^/APIGroup/GetList *cors.CORSMiddleware match
2018-09-19 21:57:19.1875 [DEBUG] [dotweb.go:461] DotWeb initBindMiddleware [app] POST^$^/App/GetList *dotweb.xMiddleware match
2018-09-19 21:57:19.188 [DEBUG] [dotweb.go:461] DotWeb initBindMiddleware [app] POST^$^/App/GetList *cors.CORSMiddleware match
2018-09-19 21:57:19.1885 [DEBUG] [dotweb.go:461] DotWeb initBindMiddleware [app] POST^$^/APIGroup/Add *dotweb.xMiddleware match
2018-09-19 21:57:19.1885 [DEBUG] [dotweb.go:461] DotWeb initBindMiddleware [app] POST^$^/APIGroup/Add *cors.CORSMiddleware match
2018-09-19 21:57:19.189 [DEBUG] [dotweb.go:461] DotWeb initBindMiddleware [app] POST^$^/APIGroup/Update *dotweb.xMiddleware match
2018-09-19 21:57:19.1896 [DEBUG] [dotweb.go:461] DotWeb initBindMiddleware [app] POST^$^/APIGroup/Update *cors.CORSMiddleware match
2018-09-19 21:57:19.1901 [DEBUG] [dotweb.go:461] DotWeb initBindMiddleware [app] OPTIONS^$^/App/Delete *dotweb.xMiddleware match
2018-09-19 21:57:19.1901 [DEBUG] [dotweb.go:461] DotWeb initBindMiddleware [app] OPTIONS^$^/App/Delete *cors.CORSMiddleware match
2018-09-19 21:57:19.1906 [DEBUG] [dotweb.go:461] DotWeb initBindMiddleware [app] OPTIONS^$^/APIGroup/Update *dotweb.xMiddleware match
2018-09-19 21:57:19.1911 [DEBUG] [dotweb.go:461] DotWeb initBindMiddleware [app] OPTIONS^$^/APIGroup/Update *cors.CORSMiddleware match
2018-09-19 21:57:19.1916 [DEBUG] [dotweb.go:461] DotWeb initBindMiddleware [app] OPTIONS^$^/App/Add *dotweb.xMiddleware match
2018-09-19 21:57:19.1916 [DEBUG] [dotweb.go:461] DotWeb initBindMiddleware [app] OPTIONS^$^/App/Add *cors.CORSMiddleware match
2018-09-19 21:57:19.1921 [DEBUG] [dotweb.go:461] DotWeb initBindMiddleware [app] OPTIONS^$^/App/Update *dotweb.xMiddleware match
2018-09-19 21:57:19.1926 [DEBUG] [dotweb.go:461] DotWeb initBindMiddleware [app] OPTIONS^$^/App/Update *cors.CORSMiddleware match
2018-09-19 21:57:19.1926 [DEBUG] [dotweb.go:461] DotWeb initBindMiddleware [app] POST^$^/App/Delete *dotweb.xMiddleware match
2018-09-19 21:57:19.1936 [DEBUG] [dotweb.go:461] DotWeb initBindMiddleware [app] POST^$^/App/Delete *cors.CORSMiddleware match
2018-09-19 21:57:19.1936 [DEBUG] [dotweb.go:461] DotWeb initBindMiddleware [app] POST^$^/App/Add *dotweb.xMiddleware match
2018-09-19 21:57:19.1941 [DEBUG] [dotweb.go:461] DotWeb initBindMiddleware [app] POST^$^/App/Add *cors.CORSMiddleware match
2018-09-19 21:57:19.1946 [DEBUG] [dotweb.go:461] DotWeb initBindMiddleware [app] POST^$^/App/Update *dotweb.xMiddleware match
2018-09-19 21:57:19.1951 [DEBUG] [dotweb.go:461] DotWeb initBindMiddleware [app] POST^$^/App/Update *cors.CORSMiddleware match
2018-09-19 21:57:19.1951 [DEBUG] [dotweb.go:461] DotWeb initBindMiddleware [app] OPTIONS^$^/APIGroup/Delete *dotweb.xMiddleware match
2018-09-19 21:57:19.1956 [DEBUG] [dotweb.go:461] DotWeb initBindMiddleware [app] OPTIONS^$^/APIGroup/Delete *cors.CORSMiddleware match
2018-09-19 21:57:19.1956 [DEBUG] [dotweb.go:461] DotWeb initBindMiddleware [app] OPTIONS^$^/App/GetList *dotweb.xMiddleware match
2018-09-19 21:57:19.1961 [DEBUG] [dotweb.go:461] DotWeb initBindMiddleware [app] OPTIONS^$^/App/GetList *cors.CORSMiddleware match
2018-09-19 21:57:19.1961 [DEBUG] [dotweb.go:461] DotWeb initBindMiddleware [app] OPTIONS^$^/APIGroup/Add *dotweb.xMiddleware match
2018-09-19 21:57:19.1966 [DEBUG] [dotweb.go:461] DotWeb initBindMiddleware [app] OPTIONS^$^/APIGroup/Add *cors.CORSMiddleware match
2018-09-19 21:57:19.1966 [DEBUG] [dotweb.go:461] DotWeb initBindMiddleware [app] OPTIONS^$^/APIGroup/GetList *dotweb.xMiddleware match
2018-09-19 21:57:19.1971 [DEBUG] [dotweb.go:461] DotWeb initBindMiddleware [app] OPTIONS^$^/APIGroup/GetList *cors.CORSMiddleware match
2018-09-19 21:57:19.1971 [DEBUG] [group.go:31] DotWeb:Group NewGroup [/dotweb]
2018-09-19 21:57:19.1976 [DEBUG] [router.go:437] DotWeb:Router:RegisterRoute success [GET] [/dotweb/debug/pprof/:key] [github.com/devfeel/dotweb.initPProf]
2018-09-19 21:57:19.1981 [DEBUG] [router.go:474] DotWeb:Router:RegisterRoute AutoOPTIONS success [OPTIONS] [/dotweb/debug/pprof/:key] [github.com/devfeel/dotweb.initPProf]
2018-09-19 21:57:19.1981 [DEBUG] [router.go:437] DotWeb:Router:RegisterRoute success [GET] [/dotweb/debug/freemem] [github.com/devfeel/dotweb.freeMemory]
2018-09-19 21:57:19.1986 [DEBUG] [router.go:474] DotWeb:Router:RegisterRoute AutoOPTIONS success [OPTIONS] [/dotweb/debug/freemem] [github.com/devfeel/dotweb.freeMemory]
2018-09-19 21:57:19.1986 [DEBUG] [router.go:437] DotWeb:Router:RegisterRoute success [GET] [/dotweb/state] [github.com/devfeel/dotweb.showServerState]
2018-09-19 21:57:19.1991 [DEBUG] [router.go:474] DotWeb:Router:RegisterRoute AutoOPTIONS success [OPTIONS] [/dotweb/state] [github.com/devfeel/dotweb.showServerState]
2018-09-19 21:57:19.1996 [DEBUG] [router.go:437] DotWeb:Router:RegisterRoute success [GET] [/dotweb/state/interval] [github.com/devfeel/dotweb.showIntervalData]
2018-09-19 21:57:19.2001 [DEBUG] [router.go:474] DotWeb:Router:RegisterRoute AutoOPTIONS success [OPTIONS] [/dotweb/state/interval] [github.com/devfeel/dotweb.showIntervalData]
2018-09-19 21:57:19.2006 [DEBUG] [router.go:437] DotWeb:Router:RegisterRoute success [GET] [/dotweb/query/:key] [github.com/devfeel/dotweb.showQuery]
2018-09-19 21:57:19.2006 [DEBUG] [router.go:474] DotWeb:Router:RegisterRoute AutoOPTIONS success [OPTIONS] [/dotweb/query/:key] [github.com/devfeel/dotweb.showQuery]
2018-09-19 21:57:19.2011 [DEBUG] [dotweb.go:331] DotWeb RunMode is production
2018-09-19 21:57:19.2016 [DEBUG] [server.go:109] DotWeb:HttpServer ListenAndServe [:10001]
    ____           __                     __
   / __ \  ____   / /_ _      __  ___    / /_
  / / / / / __ \ / __/| | /| / / / _ \  / __ \
 / /_/ / / /_/ // /_  | |/ |/ / /  __/ / /_/ /
/_____/  \____/ \__/  |__/|__/  \___/ /_.___/
2018-09-19 21:58:13.1698 [DEBUG] [dotweb.go:115] DotWeb Start New AppServer
2018-09-19 21:58:13.1698 [DEBUG] [server.go:386] DotWeb:HttpServer SetEnabledAutoOPTIONS [true]
2018-09-19 21:58:13.1703 [DEBUG] [router.go:437] DotWeb:Router:RegisterRoute success [POST] [/App/Add] [github.com/a526757124/polaris/uiserver/handlers.(*AppInfoHandler).Add-fm]
2018-09-19 21:58:13.1708 [DEBUG] [router.go:474] DotWeb:Router:RegisterRoute AutoOPTIONS success [OPTIONS] [/App/Add] [github.com/a526757124/polaris/uiserver/handlers.(*AppInfoHandler).Add-fm]
2018-09-19 21:58:13.1708 [DEBUG] [router.go:437] DotWeb:Router:RegisterRoute success [POST] [/App/Update] [github.com/a526757124/polaris/uiserver/handlers.(*AppInfoHandler).Update-fm]
2018-09-19 21:58:13.1713 [DEBUG] [router.go:474] DotWeb:Router:RegisterRoute AutoOPTIONS success [OPTIONS] [/App/Update] [github.com/a526757124/polaris/uiserver/handlers.(*AppInfoHandler).Update-fm]
2018-09-19 21:58:13.1718 [DEBUG] [router.go:437] DotWeb:Router:RegisterRoute success [POST] [/App/Delete] [github.com/a526757124/polaris/uiserver/handlers.(*AppInfoHandler).Delete-fm]
2018-09-19 21:58:13.1718 [DEBUG] [router.go:474] DotWeb:Router:RegisterRoute AutoOPTIONS success [OPTIONS] [/App/Delete] [github.com/a526757124/polaris/uiserver/handlers.(*AppInfoHandler).Delete-fm]
2018-09-19 21:58:13.1723 [DEBUG] [router.go:437] DotWeb:Router:RegisterRoute success [POST] [/App/GetList] [github.com/a526757124/polaris/uiserver/handlers.(*AppInfoHandler).GetList-fm]
2018-09-19 21:58:13.1723 [DEBUG] [router.go:474] DotWeb:Router:RegisterRoute AutoOPTIONS success [OPTIONS] [/App/GetList] [github.com/a526757124/polaris/uiserver/handlers.(*AppInfoHandler).GetList-fm]
2018-09-19 21:58:13.1728 [DEBUG] [router.go:437] DotWeb:Router:RegisterRoute success [POST] [/APIGroup/Add] [github.com/a526757124/polaris/uiserver/handlers.(*APIGroupHandler).Add-fm]
2018-09-19 21:58:13.1728 [DEBUG] [router.go:474] DotWeb:Router:RegisterRoute AutoOPTIONS success [OPTIONS] [/APIGroup/Add] [github.com/a526757124/polaris/uiserver/handlers.(*APIGroupHandler).Add-fm]
2018-09-19 21:58:13.1733 [DEBUG] [router.go:437] DotWeb:Router:RegisterRoute success [POST] [/APIGroup/Update] [github.com/a526757124/polaris/uiserver/handlers.(*APIGroupHandler).Update-fm]
2018-09-19 21:58:13.1738 [DEBUG] [router.go:474] DotWeb:Router:RegisterRoute AutoOPTIONS success [OPTIONS] [/APIGroup/Update] [github.com/a526757124/polaris/uiserver/handlers.(*APIGroupHandler).Update-fm]
2018-09-19 21:58:13.1738 [DEBUG] [router.go:437] DotWeb:Router:RegisterRoute success [POST] [/APIGroup/Delete] [github.com/a526757124/polaris/uiserver/handlers.(*APIGroupHandler).Delete-fm]
2018-09-19 21:58:13.1743 [DEBUG] [router.go:474] DotWeb:Router:RegisterRoute AutoOPTIONS success [OPTIONS] [/APIGroup/Delete] [github.com/a526757124/polaris/uiserver/handlers.(*APIGroupHandler).Delete-fm]
2018-09-19 21:58:13.1749 [DEBUG] [router.go:437] DotWeb:Router:RegisterRoute success [POST] [/APIGroup/GetList] [github.com/a526757124/polaris/uiserver/handlers.(*APIGroupHandler).GetList-fm]
2018-09-19 21:58:13.1754 [DEBUG] [router.go:474] DotWeb:Router:RegisterRoute AutoOPTIONS success [OPTIONS] [/APIGroup/GetList] [github.com/a526757124/polaris/uiserver/handlers.(*APIGroupHandler).GetList-fm]
2018-09-19 21:58:13.1754 [DEBUG] [server.go:412] DotWeb:HttpServer SetEnabledGzip [false]
2018-09-19 21:58:13.1759 [DEBUG] [dotweb.go:461] DotWeb initBindMiddleware [app] OPTIONS^$^/App/Add *dotweb.xMiddleware match
2018-09-19 21:58:13.1764 [DEBUG] [dotweb.go:461] DotWeb initBindMiddleware [app] OPTIONS^$^/App/Add *cors.CORSMiddleware match
2018-09-19 21:58:13.1764 [DEBUG] [dotweb.go:461] DotWeb initBindMiddleware [app] OPTIONS^$^/App/Update *dotweb.xMiddleware match
2018-09-19 21:58:13.1769 [DEBUG] [dotweb.go:461] DotWeb initBindMiddleware [app] OPTIONS^$^/App/Update *cors.CORSMiddleware match
2018-09-19 21:58:13.1769 [DEBUG] [dotweb.go:461] DotWeb initBindMiddleware [app] POST^$^/App/Delete *dotweb.xMiddleware match
2018-09-19 21:58:13.1774 [DEBUG] [dotweb.go:461] DotWeb initBindMiddleware [app] POST^$^/App/Delete *cors.CORSMiddleware match
2018-09-19 21:58:13.1779 [DEBUG] [dotweb.go:461] DotWeb initBindMiddleware [app] OPTIONS^$^/App/Delete *dotweb.xMiddleware match
2018-09-19 21:58:13.1779 [DEBUG] [dotweb.go:461] DotWeb initBindMiddleware [app] OPTIONS^$^/App/Delete *cors.CORSMiddleware match
2018-09-19 21:58:13.1789 [DEBUG] [dotweb.go:461] DotWeb initBindMiddleware [app] POST^$^/APIGroup/Update *dotweb.xMiddleware match
2018-09-19 21:58:13.1804 [DEBUG] [dotweb.go:461] DotWeb initBindMiddleware [app] POST^$^/APIGroup/Update *cors.CORSMiddleware match
2018-09-19 21:58:13.1809 [DEBUG] [dotweb.go:461] DotWeb initBindMiddleware [app] POST^$^/App/GetList *dotweb.xMiddleware match
2018-09-19 21:58:13.1819 [DEBUG] [dotweb.go:461] DotWeb initBindMiddleware [app] POST^$^/App/GetList *cors.CORSMiddleware match
2018-09-19 21:58:13.1819 [DEBUG] [dotweb.go:461] DotWeb initBindMiddleware [app] OPTIONS^$^/APIGroup/Update *dotweb.xMiddleware match
2018-09-19 21:58:13.1824 [DEBUG] [dotweb.go:461] DotWeb initBindMiddleware [app] OPTIONS^$^/APIGroup/Update *cors.CORSMiddleware match
2018-09-19 21:58:13.1829 [DEBUG] [dotweb.go:461] DotWeb initBindMiddleware [app] POST^$^/App/Update *dotweb.xMiddleware match
2018-09-19 21:58:13.1834 [DEBUG] [dotweb.go:461] DotWeb initBindMiddleware [app] POST^$^/App/Update *cors.CORSMiddleware match
2018-09-19 21:58:13.1834 [DEBUG] [dotweb.go:461] DotWeb initBindMiddleware [app] POST^$^/APIGroup/Add *dotweb.xMiddleware match
2018-09-19 21:58:13.1844 [DEBUG] [dotweb.go:461] DotWeb initBindMiddleware [app] POST^$^/APIGroup/Add *cors.CORSMiddleware match
2018-09-19 21:58:13.1849 [DEBUG] [dotweb.go:461] DotWeb initBindMiddleware [app] POST^$^/APIGroup/GetList *dotweb.xMiddleware match
2018-09-19 21:58:13.1854 [DEBUG] [dotweb.go:461] DotWeb initBindMiddleware [app] POST^$^/APIGroup/GetList *cors.CORSMiddleware match
2018-09-19 21:58:13.1859 [DEBUG] [dotweb.go:461] DotWeb initBindMiddleware [app] POST^$^/App/Add *dotweb.xMiddleware match
2018-09-19 21:58:13.1864 [DEBUG] [dotweb.go:461] DotWeb initBindMiddleware [app] POST^$^/App/Add *cors.CORSMiddleware match
2018-09-19 21:58:13.1869 [DEBUG] [dotweb.go:461] DotWeb initBindMiddleware [app] OPTIONS^$^/App/GetList *dotweb.xMiddleware match
2018-09-19 21:58:13.1874 [DEBUG] [dotweb.go:461] DotWeb initBindMiddleware [app] OPTIONS^$^/App/GetList *cors.CORSMiddleware match
2018-09-19 21:58:13.1879 [DEBUG] [dotweb.go:461] DotWeb initBindMiddleware [app] OPTIONS^$^/APIGroup/Add *dotweb.xMiddleware match
2018-09-19 21:58:13.1879 [DEBUG] [dotweb.go:461] DotWeb initBindMiddleware [app] OPTIONS^$^/APIGroup/Add *cors.CORSMiddleware match
2018-09-19 21:58:13.1884 [DEBUG] [dotweb.go:461] DotWeb initBindMiddleware [app] POST^$^/APIGroup/Delete *dotweb.xMiddleware match
2018-09-19 21:58:13.1884 [DEBUG] [dotweb.go:461] DotWeb initBindMiddleware [app] POST^$^/APIGroup/Delete *cors.CORSMiddleware match
2018-09-19 21:58:13.1889 [DEBUG] [dotweb.go:461] DotWeb initBindMiddleware [app] OPTIONS^$^/APIGroup/Delete *dotweb.xMiddleware match
2018-09-19 21:58:13.1894 [DEBUG] [dotweb.go:461] DotWeb initBindMiddleware [app] OPTIONS^$^/APIGroup/Delete *cors.CORSMiddleware match
2018-09-19 21:58:13.1899 [DEBUG] [dotweb.go:461] DotWeb initBindMiddleware [app] OPTIONS^$^/APIGroup/GetList *dotweb.xMiddleware match
2018-09-19 21:58:13.1899 [DEBUG] [dotweb.go:461] DotWeb initBindMiddleware [app] OPTIONS^$^/APIGroup/GetList *cors.CORSMiddleware match
2018-09-19 21:58:13.1904 [DEBUG] [group.go:31] DotWeb:Group NewGroup [/dotweb]
2018-09-19 21:58:13.1909 [DEBUG] [router.go:437] DotWeb:Router:RegisterRoute success [GET] [/dotweb/debug/pprof/:key] [github.com/devfeel/dotweb.initPProf]
2018-09-19 21:58:13.1914 [DEBUG] [router.go:474] DotWeb:Router:RegisterRoute AutoOPTIONS success [OPTIONS] [/dotweb/debug/pprof/:key] [github.com/devfeel/dotweb.initPProf]
2018-09-19 21:58:13.1914 [DEBUG] [router.go:437] DotWeb:Router:RegisterRoute success [GET] [/dotweb/debug/freemem] [github.com/devfeel/dotweb.freeMemory]
2018-09-19 21:58:13.1919 [DEBUG] [router.go:474] DotWeb:Router:RegisterRoute AutoOPTIONS success [OPTIONS] [/dotweb/debug/freemem] [github.com/devfeel/dotweb.freeMemory]
2018-09-19 21:58:13.1924 [DEBUG] [router.go:437] DotWeb:Router:RegisterRoute success [GET] [/dotweb/state] [github.com/devfeel/dotweb.showServerState]
2018-09-19 21:58:13.1929 [DEBUG] [router.go:474] DotWeb:Router:RegisterRoute AutoOPTIONS success [OPTIONS] [/dotweb/state] [github.com/devfeel/dotweb.showServerState]
2018-09-19 21:58:13.1934 [DEBUG] [router.go:437] DotWeb:Router:RegisterRoute success [GET] [/dotweb/state/interval] [github.com/devfeel/dotweb.showIntervalData]
2018-09-19 21:58:13.1939 [DEBUG] [router.go:474] DotWeb:Router:RegisterRoute AutoOPTIONS success [OPTIONS] [/dotweb/state/interval] [github.com/devfeel/dotweb.showIntervalData]
2018-09-19 21:58:13.1939 [DEBUG] [router.go:437] DotWeb:Router:RegisterRoute success [GET] [/dotweb/query/:key] [github.com/devfeel/dotweb.showQuery]
2018-09-19 21:58:13.1944 [DEBUG] [router.go:474] DotWeb:Router:RegisterRoute AutoOPTIONS success [OPTIONS] [/dotweb/query/:key] [github.com/devfeel/dotweb.showQuery]
2018-09-19 21:58:13.1944 [DEBUG] [dotweb.go:331] DotWeb RunMode is production
2018-09-19 21:58:13.1949 [DEBUG] [server.go:109] DotWeb:HttpServer ListenAndServe [:10001]
    ____           __                     __
   / __ \  ____   / /_ _      __  ___    / /_
  / / / / / __ \ / __/| | /| / / / _ \  / __ \
 / /_/ / / /_/ // /_  | |/ |/ / /  __/ / /_/ /
/_____/  \____/ \__/  |__/|__/  \___/ /_.___/
2018-09-19 22:06:02.8387 [DEBUG] [dotweb.go:115] DotWeb Start New AppServer
2018-09-19 22:06:02.8387 [DEBUG] [server.go:386] DotWeb:HttpServer SetEnabledAutoOPTIONS [true]
2018-09-19 22:06:02.8392 [DEBUG] [router.go:437] DotWeb:Router:RegisterRoute success [POST] [/App/Add] [github.com/a526757124/polaris/uiserver/handlers.(*AppInfoHandler).Add-fm]
2018-09-19 22:06:02.8392 [DEBUG] [router.go:474] DotWeb:Router:RegisterRoute AutoOPTIONS success [OPTIONS] [/App/Add] [github.com/a526757124/polaris/uiserver/handlers.(*AppInfoHandler).Add-fm]
2018-09-19 22:06:02.8397 [DEBUG] [router.go:437] DotWeb:Router:RegisterRoute success [POST] [/App/Update] [github.com/a526757124/polaris/uiserver/handlers.(*AppInfoHandler).Update-fm]
2018-09-19 22:06:02.8402 [DEBUG] [router.go:474] DotWeb:Router:RegisterRoute AutoOPTIONS success [OPTIONS] [/App/Update] [github.com/a526757124/polaris/uiserver/handlers.(*AppInfoHandler).Update-fm]
2018-09-19 22:06:02.8402 [DEBUG] [router.go:437] DotWeb:Router:RegisterRoute success [POST] [/App/Delete] [github.com/a526757124/polaris/uiserver/handlers.(*AppInfoHandler).Delete-fm]
2018-09-19 22:06:02.8407 [DEBUG] [router.go:474] DotWeb:Router:RegisterRoute AutoOPTIONS success [OPTIONS] [/App/Delete] [github.com/a526757124/polaris/uiserver/handlers.(*AppInfoHandler).Delete-fm]
2018-09-19 22:06:02.8412 [DEBUG] [router.go:437] DotWeb:Router:RegisterRoute success [POST] [/App/GetList] [github.com/a526757124/polaris/uiserver/handlers.(*AppInfoHandler).GetList-fm]
2018-09-19 22:06:02.8412 [DEBUG] [router.go:474] DotWeb:Router:RegisterRoute AutoOPTIONS success [OPTIONS] [/App/GetList] [github.com/a526757124/polaris/uiserver/handlers.(*AppInfoHandler).GetList-fm]
2018-09-19 22:06:02.8417 [DEBUG] [router.go:437] DotWeb:Router:RegisterRoute success [POST] [/APIGroup/Add] [github.com/a526757124/polaris/uiserver/handlers.(*APIGroupHandler).Add-fm]
2018-09-19 22:06:02.8417 [DEBUG] [router.go:474] DotWeb:Router:RegisterRoute AutoOPTIONS success [OPTIONS] [/APIGroup/Add] [github.com/a526757124/polaris/uiserver/handlers.(*APIGroupHandler).Add-fm]
2018-09-19 22:06:02.8422 [DEBUG] [router.go:437] DotWeb:Router:RegisterRoute success [POST] [/APIGroup/Update] [github.com/a526757124/polaris/uiserver/handlers.(*APIGroupHandler).Update-fm]
2018-09-19 22:06:02.8422 [DEBUG] [router.go:474] DotWeb:Router:RegisterRoute AutoOPTIONS success [OPTIONS] [/APIGroup/Update] [github.com/a526757124/polaris/uiserver/handlers.(*APIGroupHandler).Update-fm]
2018-09-19 22:06:02.8427 [DEBUG] [router.go:437] DotWeb:Router:RegisterRoute success [POST] [/APIGroup/Delete] [github.com/a526757124/polaris/uiserver/handlers.(*APIGroupHandler).Delete-fm]
2018-09-19 22:06:02.8427 [DEBUG] [router.go:474] DotWeb:Router:RegisterRoute AutoOPTIONS success [OPTIONS] [/APIGroup/Delete] [github.com/a526757124/polaris/uiserver/handlers.(*APIGroupHandler).Delete-fm]
2018-09-19 22:06:02.8432 [DEBUG] [router.go:437] DotWeb:Router:RegisterRoute success [POST] [/APIGroup/GetList] [github.com/a526757124/polaris/uiserver/handlers.(*APIGroupHandler).GetList-fm]
2018-09-19 22:06:02.8437 [DEBUG] [router.go:474] DotWeb:Router:RegisterRoute AutoOPTIONS success [OPTIONS] [/APIGroup/GetList] [github.com/a526757124/polaris/uiserver/handlers.(*APIGroupHandler).GetList-fm]
2018-09-19 22:06:02.8442 [DEBUG] [server.go:412] DotWeb:HttpServer SetEnabledGzip [false]
2018-09-19 22:06:02.8447 [DEBUG] [dotweb.go:461] DotWeb initBindMiddleware [app] OPTIONS^$^/APIGroup/Update *dotweb.xMiddleware match
2018-09-19 22:06:02.8452 [DEBUG] [dotweb.go:461] DotWeb initBindMiddleware [app] OPTIONS^$^/APIGroup/Update *cors.CORSMiddleware match
2018-09-19 22:06:02.8467 [DEBUG] [dotweb.go:461] DotWeb initBindMiddleware [app] POST^$^/APIGroup/Delete *dotweb.xMiddleware match
2018-09-19 22:06:02.8482 [DEBUG] [dotweb.go:461] DotWeb initBindMiddleware [app] POST^$^/APIGroup/Delete *cors.CORSMiddleware match
2018-09-19 22:06:02.8492 [DEBUG] [dotweb.go:461] DotWeb initBindMiddleware [app] OPTIONS^$^/APIGroup/Delete *dotweb.xMiddleware match
2018-09-19 22:06:02.8497 [DEBUG] [dotweb.go:461] DotWeb initBindMiddleware [app] OPTIONS^$^/APIGroup/Delete *cors.CORSMiddleware match
2018-09-19 22:06:02.8502 [DEBUG] [dotweb.go:461] DotWeb initBindMiddleware [app] OPTIONS^$^/APIGroup/GetList *dotweb.xMiddleware match
2018-09-19 22:06:02.8517 [DEBUG] [dotweb.go:461] DotWeb initBindMiddleware [app] OPTIONS^$^/APIGroup/GetList *cors.CORSMiddleware match
2018-09-19 22:06:02.8522 [DEBUG] [dotweb.go:461] DotWeb initBindMiddleware [app] POST^$^/App/Add *dotweb.xMiddleware match
2018-09-19 22:06:02.8527 [DEBUG] [dotweb.go:461] DotWeb initBindMiddleware [app] POST^$^/App/Add *cors.CORSMiddleware match
2018-09-19 22:06:02.8527 [DEBUG] [dotweb.go:461] DotWeb initBindMiddleware [app] POST^$^/App/GetList *dotweb.xMiddleware match
2018-09-19 22:06:02.8537 [DEBUG] [dotweb.go:461] DotWeb initBindMiddleware [app] POST^$^/App/GetList *cors.CORSMiddleware match
2018-09-19 22:06:02.8542 [DEBUG] [dotweb.go:461] DotWeb initBindMiddleware [app] OPTIONS^$^/App/GetList *dotweb.xMiddleware match
2018-09-19 22:06:02.8552 [DEBUG] [dotweb.go:461] DotWeb initBindMiddleware [app] OPTIONS^$^/App/GetList *cors.CORSMiddleware match
2018-09-19 22:06:02.8552 [DEBUG] [dotweb.go:461] DotWeb initBindMiddleware [app] POST^$^/App/Delete *dotweb.xMiddleware match
2018-09-19 22:06:02.8562 [DEBUG] [dotweb.go:461] DotWeb initBindMiddleware [app] POST^$^/App/Delete *cors.CORSMiddleware match
2018-09-19 22:06:02.8572 [DEBUG] [dotweb.go:461] DotWeb initBindMiddleware [app] POST^$^/App/Update *dotweb.xMiddleware match
2018-09-19 22:06:02.8577 [DEBUG] [dotweb.go:461] DotWeb initBindMiddleware [app] POST^$^/App/Update *cors.CORSMiddleware match
2018-09-19 22:06:02.8582 [DEBUG] [dotweb.go:461] DotWeb initBindMiddleware [app] OPTIONS^$^/App/Update *dotweb.xMiddleware match
2018-09-19 22:06:02.8587 [DEBUG] [dotweb.go:461] DotWeb initBindMiddleware [app] OPTIONS^$^/App/Update *cors.CORSMiddleware match
2018-09-19 22:06:02.8592 [DEBUG] [dotweb.go:461] DotWeb initBindMiddleware [app] OPTIONS^$^/APIGroup/Add *dotweb.xMiddleware match
2018-09-19 22:06:02.8597 [DEBUG] [dotweb.go:461] DotWeb initBindMiddleware [app] OPTIONS^$^/APIGroup/Add *cors.CORSMiddleware match
2018-09-19 22:06:02.8597 [DEBUG] [dotweb.go:461] DotWeb initBindMiddleware [app] OPTIONS^$^/App/Add *dotweb.xMiddleware match
2018-09-19 22:06:02.8602 [DEBUG] [dotweb.go:461] DotWeb initBindMiddleware [app] OPTIONS^$^/App/Add *cors.CORSMiddleware match
2018-09-19 22:06:02.8602 [DEBUG] [dotweb.go:461] DotWeb initBindMiddleware [app] POST^$^/APIGroup/Add *dotweb.xMiddleware match
2018-09-19 22:06:02.8607 [DEBUG] [dotweb.go:461] DotWeb initBindMiddleware [app] POST^$^/APIGroup/Add *cors.CORSMiddleware match
2018-09-19 22:06:02.8607 [DEBUG] [dotweb.go:461] DotWeb initBindMiddleware [app] POST^$^/APIGroup/Update *dotweb.xMiddleware match
2018-09-19 22:06:02.8612 [DEBUG] [dotweb.go:461] DotWeb initBindMiddleware [app] POST^$^/APIGroup/Update *cors.CORSMiddleware match
2018-09-19 22:06:02.8617 [DEBUG] [dotweb.go:461] DotWeb initBindMiddleware [app] POST^$^/APIGroup/GetList *dotweb.xMiddleware match
2018-09-19 22:06:02.8617 [DEBUG] [dotweb.go:461] DotWeb initBindMiddleware [app] POST^$^/APIGroup/GetList *cors.CORSMiddleware match
2018-09-19 22:06:02.8622 [DEBUG] [dotweb.go:461] DotWeb initBindMiddleware [app] OPTIONS^$^/App/Delete *dotweb.xMiddleware match
2018-09-19 22:06:02.8627 [DEBUG] [dotweb.go:461] DotWeb initBindMiddleware [app] OPTIONS^$^/App/Delete *cors.CORSMiddleware match
2018-09-19 22:06:02.8632 [DEBUG] [group.go:31] DotWeb:Group NewGroup [/dotweb]
2018-09-19 22:06:02.8637 [DEBUG] [router.go:437] DotWeb:Router:RegisterRoute success [GET] [/dotweb/debug/pprof/:key] [github.com/devfeel/dotweb.initPProf]
2018-09-19 22:06:02.8642 [DEBUG] [router.go:474] DotWeb:Router:RegisterRoute AutoOPTIONS success [OPTIONS] [/dotweb/debug/pprof/:key] [github.com/devfeel/dotweb.initPProf]
2018-09-19 22:06:02.8647 [DEBUG] [router.go:437] DotWeb:Router:RegisterRoute success [GET] [/dotweb/debug/freemem] [github.com/devfeel/dotweb.freeMemory]
2018-09-19 22:06:02.8647 [DEBUG] [router.go:474] DotWeb:Router:RegisterRoute AutoOPTIONS success [OPTIONS] [/dotweb/debug/freemem] [github.com/devfeel/dotweb.freeMemory]
2018-09-19 22:06:02.8652 [DEBUG] [router.go:437] DotWeb:Router:RegisterRoute success [GET] [/dotweb/state] [github.com/devfeel/dotweb.showServerState]
2018-09-19 22:06:02.8657 [DEBUG] [router.go:474] DotWeb:Router:RegisterRoute AutoOPTIONS success [OPTIONS] [/dotweb/state] [github.com/devfeel/dotweb.showServerState]
2018-09-19 22:06:02.8662 [DEBUG] [router.go:437] DotWeb:Router:RegisterRoute success [GET] [/dotweb/state/interval] [github.com/devfeel/dotweb.showIntervalData]
2018-09-19 22:06:02.8662 [DEBUG] [router.go:474] DotWeb:Router:RegisterRoute AutoOPTIONS success [OPTIONS] [/dotweb/state/interval] [github.com/devfeel/dotweb.showIntervalData]
2018-09-19 22:06:02.8667 [DEBUG] [router.go:437] DotWeb:Router:RegisterRoute success [GET] [/dotweb/query/:key] [github.com/devfeel/dotweb.showQuery]
2018-09-19 22:06:02.8672 [DEBUG] [router.go:474] DotWeb:Router:RegisterRoute AutoOPTIONS success [OPTIONS] [/dotweb/query/:key] [github.com/devfeel/dotweb.showQuery]
2018-09-19 22:06:02.8677 [DEBUG] [dotweb.go:331] DotWeb RunMode is production
2018-09-19 22:06:02.8682 [DEBUG] [server.go:109] DotWeb:HttpServer ListenAndServe [:10001]
