    ____           __                     __
   / __ \  ____   / /_ _      __  ___    / /_
  / / / / / __ \ / __/| | /| / / / _ \  / __ \
 / /_/ / / /_/ // /_  | |/ |/ / /  __/ / /_/ /
/_____/  \____/ \__/  |__/|__/  \___/ /_.___/
2018-09-25 22:30:19.7107 [DEBUG] [dotweb.go:115] DotWeb Start New AppServer
2018-09-25 22:30:19.7112 [DEBUG] [server.go:386] DotWeb:HttpServer SetEnabledAutoOPTIONS [true]
2018-09-25 22:30:19.7117 [DEBUG] [router.go:453] DotWeb:Router:RegisterRoute success [POST] [/App/Add] [github.com/a526757124/polaris/uiserver/handlers.(*AppInfoHandler).Add-fm]
2018-09-25 22:30:19.7117 [DEBUG] [router.go:479] DotWeb:Router:RegisterRoute AutoOPTIONS success [OPTIONS] [/App/Add] [github.com/a526757124/polaris/uiserver/handlers.(*AppInfoHandler).Add-fm]
2018-09-25 22:30:19.7182 [DEBUG] [router.go:453] DotWeb:Router:RegisterRoute success [POST] [/App/Update] [github.com/a526757124/polaris/uiserver/handlers.(*AppInfoHandler).Update-fm]
2018-09-25 22:30:19.7192 [DEBUG] [router.go:479] DotWeb:Router:RegisterRoute AutoOPTIONS success [OPTIONS] [/App/Update] [github.com/a526757124/polaris/uiserver/handlers.(*AppInfoHandler).Update-fm]
2018-09-25 22:30:19.7203 [DEBUG] [router.go:453] DotWeb:Router:RegisterRoute success [POST] [/App/Delete] [github.com/a526757124/polaris/uiserver/handlers.(*AppInfoHandler).Delete-fm]
2018-09-25 22:30:19.7212 [DEBUG] [router.go:479] DotWeb:Router:RegisterRoute AutoOPTIONS success [OPTIONS] [/App/Delete] [github.com/a526757124/polaris/uiserver/handlers.(*AppInfoHandler).Delete-fm]
2018-09-25 22:30:19.7212 [DEBUG] [router.go:453] DotWeb:Router:RegisterRoute success [POST] [/App/GetList] [github.com/a526757124/polaris/uiserver/handlers.(*AppInfoHandler).GetList-fm]
2018-09-25 22:30:19.7217 [DEBUG] [router.go:479] DotWeb:Router:RegisterRoute AutoOPTIONS success [OPTIONS] [/App/GetList] [github.com/a526757124/polaris/uiserver/handlers.(*AppInfoHandler).GetList-fm]
2018-09-25 22:30:19.7222 [DEBUG] [router.go:453] DotWeb:Router:RegisterRoute success [POST] [/APIGroup/Add] [github.com/a526757124/polaris/uiserver/handlers.(*APIGroupHandler).Add-fm]
2018-09-25 22:30:19.7227 [DEBUG] [router.go:479] DotWeb:Router:RegisterRoute AutoOPTIONS success [OPTIONS] [/APIGroup/Add] [github.com/a526757124/polaris/uiserver/handlers.(*APIGroupHandler).Add-fm]
2018-09-25 22:30:19.7232 [DEBUG] [router.go:453] DotWeb:Router:RegisterRoute success [POST] [/APIGroup/Update] [github.com/a526757124/polaris/uiserver/handlers.(*APIGroupHandler).Update-fm]
2018-09-25 22:30:19.7237 [DEBUG] [router.go:479] DotWeb:Router:RegisterRoute AutoOPTIONS success [OPTIONS] [/APIGroup/Update] [github.com/a526757124/polaris/uiserver/handlers.(*APIGroupHandler).Update-fm]
2018-09-25 22:30:19.7242 [DEBUG] [router.go:453] DotWeb:Router:RegisterRoute success [POST] [/APIGroup/Delete] [github.com/a526757124/polaris/uiserver/handlers.(*APIGroupHandler).Delete-fm]
2018-09-25 22:30:19.7242 [DEBUG] [router.go:479] DotWeb:Router:RegisterRoute AutoOPTIONS success [OPTIONS] [/APIGroup/Delete] [github.com/a526757124/polaris/uiserver/handlers.(*APIGroupHandler).Delete-fm]
2018-09-25 22:30:19.7247 [DEBUG] [router.go:453] DotWeb:Router:RegisterRoute success [POST] [/APIGroup/GetList] [github.com/a526757124/polaris/uiserver/handlers.(*APIGroupHandler).GetList-fm]
2018-09-25 22:30:19.7257 [DEBUG] [router.go:479] DotWeb:Router:RegisterRoute AutoOPTIONS success [OPTIONS] [/APIGroup/GetList] [github.com/a526757124/polaris/uiserver/handlers.(*APIGroupHandler).GetList-fm]
2018-09-25 22:30:19.7267 [DEBUG] [server.go:412] DotWeb:HttpServer SetEnabledGzip [false]
2018-09-25 22:30:19.7277 [DEBUG] [dotweb.go:461] DotWeb initBindMiddleware [app] POST^$^/APIGroup/Delete *dotweb.xMiddleware match
2018-09-25 22:30:19.7282 [DEBUG] [dotweb.go:461] DotWeb initBindMiddleware [app] POST^$^/APIGroup/Delete *cors.CORSMiddleware match
2018-09-25 22:30:19.7282 [DEBUG] [dotweb.go:461] DotWeb initBindMiddleware [app] POST^$^/App/Add *dotweb.xMiddleware match
2018-09-25 22:30:19.7287 [DEBUG] [dotweb.go:461] DotWeb initBindMiddleware [app] POST^$^/App/Add *cors.CORSMiddleware match
2018-09-25 22:30:19.7292 [DEBUG] [dotweb.go:461] DotWeb initBindMiddleware [app] POST^$^/APIGroup/Add *dotweb.xMiddleware match
2018-09-25 22:30:19.7297 [DEBUG] [dotweb.go:461] DotWeb initBindMiddleware [app] POST^$^/APIGroup/Add *cors.CORSMiddleware match
2018-09-25 22:30:19.7302 [DEBUG] [dotweb.go:461] DotWeb initBindMiddleware [app] POST^$^/App/GetList *dotweb.xMiddleware match
2018-09-25 22:30:19.7302 [DEBUG] [dotweb.go:461] DotWeb initBindMiddleware [app] POST^$^/App/GetList *cors.CORSMiddleware match
2018-09-25 22:30:19.7307 [DEBUG] [dotweb.go:461] DotWeb initBindMiddleware [app] OPTIONS^$^/APIGroup/Delete *dotweb.xMiddleware match
2018-09-25 22:30:19.7312 [DEBUG] [dotweb.go:461] DotWeb initBindMiddleware [app] OPTIONS^$^/APIGroup/Delete *cors.CORSMiddleware match
2018-09-25 22:30:19.7317 [DEBUG] [dotweb.go:461] DotWeb initBindMiddleware [app] POST^$^/APIGroup/GetList *dotweb.xMiddleware match
2018-09-25 22:30:19.7317 [DEBUG] [dotweb.go:461] DotWeb initBindMiddleware [app] POST^$^/APIGroup/GetList *cors.CORSMiddleware match
2018-09-25 22:30:19.7322 [DEBUG] [dotweb.go:461] DotWeb initBindMiddleware [app] OPTIONS^$^/App/Update *dotweb.xMiddleware match
2018-09-25 22:30:19.7327 [DEBUG] [dotweb.go:461] DotWeb initBindMiddleware [app] OPTIONS^$^/App/Update *cors.CORSMiddleware match
2018-09-25 22:30:19.7332 [DEBUG] [dotweb.go:461] DotWeb initBindMiddleware [app] OPTIONS^$^/App/Delete *dotweb.xMiddleware match
2018-09-25 22:30:19.7337 [DEBUG] [dotweb.go:461] DotWeb initBindMiddleware [app] OPTIONS^$^/App/Delete *cors.CORSMiddleware match
2018-09-25 22:30:19.7347 [DEBUG] [dotweb.go:461] DotWeb initBindMiddleware [app] OPTIONS^$^/APIGroup/Add *dotweb.xMiddleware match
2018-09-25 22:30:19.7353 [DEBUG] [dotweb.go:461] DotWeb initBindMiddleware [app] OPTIONS^$^/APIGroup/Add *cors.CORSMiddleware match
2018-09-25 22:30:19.7357 [DEBUG] [dotweb.go:461] DotWeb initBindMiddleware [app] POST^$^/APIGroup/Update *dotweb.xMiddleware match
2018-09-25 22:30:19.7362 [DEBUG] [dotweb.go:461] DotWeb initBindMiddleware [app] POST^$^/APIGroup/Update *cors.CORSMiddleware match
2018-09-25 22:30:19.7372 [DEBUG] [dotweb.go:461] DotWeb initBindMiddleware [app] OPTIONS^$^/APIGroup/Update *dotweb.xMiddleware match
2018-09-25 22:30:19.7377 [DEBUG] [dotweb.go:461] DotWeb initBindMiddleware [app] OPTIONS^$^/APIGroup/Update *cors.CORSMiddleware match
2018-09-25 22:30:19.7382 [DEBUG] [dotweb.go:461] DotWeb initBindMiddleware [app] OPTIONS^$^/App/Add *dotweb.xMiddleware match
2018-09-25 22:30:19.7387 [DEBUG] [dotweb.go:461] DotWeb initBindMiddleware [app] OPTIONS^$^/App/Add *cors.CORSMiddleware match
2018-09-25 22:30:19.7393 [DEBUG] [dotweb.go:461] DotWeb initBindMiddleware [app] POST^$^/App/Delete *dotweb.xMiddleware match
2018-09-25 22:30:19.7398 [DEBUG] [dotweb.go:461] DotWeb initBindMiddleware [app] POST^$^/App/Delete *cors.CORSMiddleware match
2018-09-25 22:30:19.7403 [DEBUG] [dotweb.go:461] DotWeb initBindMiddleware [app] OPTIONS^$^/APIGroup/GetList *dotweb.xMiddleware match
2018-09-25 22:30:19.7403 [DEBUG] [dotweb.go:461] DotWeb initBindMiddleware [app] OPTIONS^$^/APIGroup/GetList *cors.CORSMiddleware match
2018-09-25 22:30:19.7413 [DEBUG] [dotweb.go:461] DotWeb initBindMiddleware [app] POST^$^/App/Update *dotweb.xMiddleware match
2018-09-25 22:30:19.7413 [DEBUG] [dotweb.go:461] DotWeb initBindMiddleware [app] POST^$^/App/Update *cors.CORSMiddleware match
2018-09-25 22:30:19.7418 [DEBUG] [dotweb.go:461] DotWeb initBindMiddleware [app] OPTIONS^$^/App/GetList *dotweb.xMiddleware match
2018-09-25 22:30:19.7423 [DEBUG] [dotweb.go:461] DotWeb initBindMiddleware [app] OPTIONS^$^/App/GetList *cors.CORSMiddleware match
2018-09-25 22:30:19.7429 [DEBUG] [group.go:31] DotWeb:Group NewGroup [/dotweb]
2018-09-25 22:30:19.7433 [DEBUG] [router.go:453] DotWeb:Router:RegisterRoute success [GET] [/dotweb/debug/pprof/:key] [github.com/devfeel/dotweb.initPProf]
2018-09-25 22:30:19.7438 [DEBUG] [router.go:479] DotWeb:Router:RegisterRoute AutoOPTIONS success [OPTIONS] [/dotweb/debug/pprof/:key] [github.com/devfeel/dotweb.initPProf]
2018-09-25 22:30:19.7438 [DEBUG] [router.go:453] DotWeb:Router:RegisterRoute success [GET] [/dotweb/debug/freemem] [github.com/devfeel/dotweb.freeMemory]
2018-09-25 22:30:19.7443 [DEBUG] [router.go:479] DotWeb:Router:RegisterRoute AutoOPTIONS success [OPTIONS] [/dotweb/debug/freemem] [github.com/devfeel/dotweb.freeMemory]
2018-09-25 22:30:19.7448 [DEBUG] [router.go:453] DotWeb:Router:RegisterRoute success [GET] [/dotweb/state] [github.com/devfeel/dotweb.showServerState]
2018-09-25 22:30:19.7448 [DEBUG] [router.go:479] DotWeb:Router:RegisterRoute AutoOPTIONS success [OPTIONS] [/dotweb/state] [github.com/devfeel/dotweb.showServerState]
2018-09-25 22:30:19.7453 [DEBUG] [router.go:453] DotWeb:Router:RegisterRoute success [GET] [/dotweb/state/interval] [github.com/devfeel/dotweb.showIntervalData]
2018-09-25 22:30:19.7453 [DEBUG] [router.go:479] DotWeb:Router:RegisterRoute AutoOPTIONS success [OPTIONS] [/dotweb/state/interval] [github.com/devfeel/dotweb.showIntervalData]
2018-09-25 22:30:19.7458 [DEBUG] [router.go:453] DotWeb:Router:RegisterRoute success [GET] [/dotweb/query/:key] [github.com/devfeel/dotweb.showQuery]
2018-09-25 22:30:19.7458 [DEBUG] [router.go:479] DotWeb:Router:RegisterRoute AutoOPTIONS success [OPTIONS] [/dotweb/query/:key] [github.com/devfeel/dotweb.showQuery]
2018-09-25 22:30:19.7463 [DEBUG] [dotweb.go:331] DotWeb RunMode is production
2018-09-25 22:30:19.7463 [DEBUG] [server.go:109] DotWeb:HttpServer ListenAndServe [:10001]
    ____           __                     __
   / __ \  ____   / /_ _      __  ___    / /_
  / / / / / __ \ / __/| | /| / / / _ \  / __ \
 / /_/ / / /_/ // /_  | |/ |/ / /  __/ / /_/ /
/_____/  \____/ \__/  |__/|__/  \___/ /_.___/
2018-09-25 22:38:40.3877 [DEBUG] [dotweb.go:115] DotWeb Start New AppServer
2018-09-25 22:38:40.3882 [DEBUG] [server.go:386] DotWeb:HttpServer SetEnabledAutoOPTIONS [true]
2018-09-25 22:38:40.3882 [DEBUG] [router.go:453] DotWeb:Router:RegisterRoute success [POST] [/App/Add] [github.com/a526757124/polaris/uiserver/handlers.(*AppInfoHandler).Add-fm]
2018-09-25 22:38:40.3887 [DEBUG] [router.go:479] DotWeb:Router:RegisterRoute AutoOPTIONS success [OPTIONS] [/App/Add] [github.com/a526757124/polaris/uiserver/handlers.(*AppInfoHandler).Add-fm]
2018-09-25 22:38:40.3887 [DEBUG] [router.go:453] DotWeb:Router:RegisterRoute success [POST] [/App/Update] [github.com/a526757124/polaris/uiserver/handlers.(*AppInfoHandler).Update-fm]
2018-09-25 22:38:40.3892 [DEBUG] [router.go:479] DotWeb:Router:RegisterRoute AutoOPTIONS success [OPTIONS] [/App/Update] [github.com/a526757124/polaris/uiserver/handlers.(*AppInfoHandler).Update-fm]
2018-09-25 22:38:40.3897 [DEBUG] [router.go:453] DotWeb:Router:RegisterRoute success [POST] [/App/Delete] [github.com/a526757124/polaris/uiserver/handlers.(*AppInfoHandler).Delete-fm]
2018-09-25 22:38:40.3902 [DEBUG] [router.go:479] DotWeb:Router:RegisterRoute AutoOPTIONS success [OPTIONS] [/App/Delete] [github.com/a526757124/polaris/uiserver/handlers.(*AppInfoHandler).Delete-fm]
2018-09-25 22:38:40.3907 [DEBUG] [router.go:453] DotWeb:Router:RegisterRoute success [POST] [/App/GetList] [github.com/a526757124/polaris/uiserver/handlers.(*AppInfoHandler).GetList-fm]
2018-09-25 22:38:40.3907 [DEBUG] [router.go:479] DotWeb:Router:RegisterRoute AutoOPTIONS success [OPTIONS] [/App/GetList] [github.com/a526757124/polaris/uiserver/handlers.(*AppInfoHandler).GetList-fm]
2018-09-25 22:38:40.3912 [DEBUG] [router.go:453] DotWeb:Router:RegisterRoute success [POST] [/APIGroup/Add] [github.com/a526757124/polaris/uiserver/handlers.(*APIGroupHandler).Add-fm]
2018-09-25 22:38:40.3917 [DEBUG] [router.go:479] DotWeb:Router:RegisterRoute AutoOPTIONS success [OPTIONS] [/APIGroup/Add] [github.com/a526757124/polaris/uiserver/handlers.(*APIGroupHandler).Add-fm]
2018-09-25 22:38:40.3917 [DEBUG] [router.go:453] DotWeb:Router:RegisterRoute success [POST] [/APIGroup/Update] [github.com/a526757124/polaris/uiserver/handlers.(*APIGroupHandler).Update-fm]
2018-09-25 22:38:40.3922 [DEBUG] [router.go:479] DotWeb:Router:RegisterRoute AutoOPTIONS success [OPTIONS] [/APIGroup/Update] [github.com/a526757124/polaris/uiserver/handlers.(*APIGroupHandler).Update-fm]
2018-09-25 22:38:40.3922 [DEBUG] [router.go:453] DotWeb:Router:RegisterRoute success [POST] [/APIGroup/Delete] [github.com/a526757124/polaris/uiserver/handlers.(*APIGroupHandler).Delete-fm]
2018-09-25 22:38:40.3927 [DEBUG] [router.go:479] DotWeb:Router:RegisterRoute AutoOPTIONS success [OPTIONS] [/APIGroup/Delete] [github.com/a526757124/polaris/uiserver/handlers.(*APIGroupHandler).Delete-fm]
2018-09-25 22:38:40.3927 [DEBUG] [router.go:453] DotWeb:Router:RegisterRoute success [POST] [/APIGroup/GetList] [github.com/a526757124/polaris/uiserver/handlers.(*APIGroupHandler).GetList-fm]
2018-09-25 22:38:40.3932 [DEBUG] [router.go:479] DotWeb:Router:RegisterRoute AutoOPTIONS success [OPTIONS] [/APIGroup/GetList] [github.com/a526757124/polaris/uiserver/handlers.(*APIGroupHandler).GetList-fm]
2018-09-25 22:38:40.3937 [DEBUG] [server.go:412] DotWeb:HttpServer SetEnabledGzip [false]
2018-09-25 22:38:40.3937 [DEBUG] [dotweb.go:461] DotWeb initBindMiddleware [app] POST^$^/APIGroup/Update *dotweb.xMiddleware match
2018-09-25 22:38:40.3942 [DEBUG] [dotweb.go:461] DotWeb initBindMiddleware [app] POST^$^/APIGroup/Update *cors.CORSMiddleware match
2018-09-25 22:38:40.3942 [DEBUG] [dotweb.go:461] DotWeb initBindMiddleware [app] POST^$^/APIGroup/Delete *dotweb.xMiddleware match
2018-09-25 22:38:40.3947 [DEBUG] [dotweb.go:461] DotWeb initBindMiddleware [app] POST^$^/APIGroup/Delete *cors.CORSMiddleware match
2018-09-25 22:38:40.3952 [DEBUG] [dotweb.go:461] DotWeb initBindMiddleware [app] OPTIONS^$^/App/Add *dotweb.xMiddleware match
2018-09-25 22:38:40.3952 [DEBUG] [dotweb.go:461] DotWeb initBindMiddleware [app] OPTIONS^$^/App/Add *cors.CORSMiddleware match
2018-09-25 22:38:40.3957 [DEBUG] [dotweb.go:461] DotWeb initBindMiddleware [app] POST^$^/App/Delete *dotweb.xMiddleware match
2018-09-25 22:38:40.3962 [DEBUG] [dotweb.go:461] DotWeb initBindMiddleware [app] POST^$^/App/Delete *cors.CORSMiddleware match
2018-09-25 22:38:40.3967 [DEBUG] [dotweb.go:461] DotWeb initBindMiddleware [app] OPTIONS^$^/App/Delete *dotweb.xMiddleware match
2018-09-25 22:38:40.3967 [DEBUG] [dotweb.go:461] DotWeb initBindMiddleware [app] OPTIONS^$^/App/Delete *cors.CORSMiddleware match
2018-09-25 22:38:40.3972 [DEBUG] [dotweb.go:461] DotWeb initBindMiddleware [app] POST^$^/App/GetList *dotweb.xMiddleware match
2018-09-25 22:38:40.3972 [DEBUG] [dotweb.go:461] DotWeb initBindMiddleware [app] POST^$^/App/GetList *cors.CORSMiddleware match
2018-09-25 22:38:40.3977 [DEBUG] [dotweb.go:461] DotWeb initBindMiddleware [app] OPTIONS^$^/App/GetList *dotweb.xMiddleware match
2018-09-25 22:38:40.3982 [DEBUG] [dotweb.go:461] DotWeb initBindMiddleware [app] OPTIONS^$^/App/GetList *cors.CORSMiddleware match
2018-09-25 22:38:40.3982 [DEBUG] [dotweb.go:461] DotWeb initBindMiddleware [app] POST^$^/App/Add *dotweb.xMiddleware match
2018-09-25 22:38:40.3987 [DEBUG] [dotweb.go:461] DotWeb initBindMiddleware [app] POST^$^/App/Add *cors.CORSMiddleware match
2018-09-25 22:38:40.3987 [DEBUG] [dotweb.go:461] DotWeb initBindMiddleware [app] POST^$^/App/Update *dotweb.xMiddleware match
2018-09-25 22:38:40.3992 [DEBUG] [dotweb.go:461] DotWeb initBindMiddleware [app] POST^$^/App/Update *cors.CORSMiddleware match
2018-09-25 22:38:40.3992 [DEBUG] [dotweb.go:461] DotWeb initBindMiddleware [app] OPTIONS^$^/APIGroup/Update *dotweb.xMiddleware match
2018-09-25 22:38:40.3997 [DEBUG] [dotweb.go:461] DotWeb initBindMiddleware [app] OPTIONS^$^/APIGroup/Update *cors.CORSMiddleware match
2018-09-25 22:38:40.3997 [DEBUG] [dotweb.go:461] DotWeb initBindMiddleware [app] POST^$^/APIGroup/GetList *dotweb.xMiddleware match
2018-09-25 22:38:40.4002 [DEBUG] [dotweb.go:461] DotWeb initBindMiddleware [app] POST^$^/APIGroup/GetList *cors.CORSMiddleware match
2018-09-25 22:38:40.4002 [DEBUG] [dotweb.go:461] DotWeb initBindMiddleware [app] OPTIONS^$^/APIGroup/GetList *dotweb.xMiddleware match
2018-09-25 22:38:40.4007 [DEBUG] [dotweb.go:461] DotWeb initBindMiddleware [app] OPTIONS^$^/APIGroup/GetList *cors.CORSMiddleware match
2018-09-25 22:38:40.4007 [DEBUG] [dotweb.go:461] DotWeb initBindMiddleware [app] OPTIONS^$^/APIGroup/Add *dotweb.xMiddleware match
2018-09-25 22:38:40.4012 [DEBUG] [dotweb.go:461] DotWeb initBindMiddleware [app] OPTIONS^$^/APIGroup/Add *cors.CORSMiddleware match
2018-09-25 22:38:40.4012 [DEBUG] [dotweb.go:461] DotWeb initBindMiddleware [app] OPTIONS^$^/App/Update *dotweb.xMiddleware match
2018-09-25 22:38:40.4017 [DEBUG] [dotweb.go:461] DotWeb initBindMiddleware [app] OPTIONS^$^/App/Update *cors.CORSMiddleware match
2018-09-25 22:38:40.4022 [DEBUG] [dotweb.go:461] DotWeb initBindMiddleware [app] POST^$^/APIGroup/Add *dotweb.xMiddleware match
2018-09-25 22:38:40.4022 [DEBUG] [dotweb.go:461] DotWeb initBindMiddleware [app] POST^$^/APIGroup/Add *cors.CORSMiddleware match
2018-09-25 22:38:40.4027 [DEBUG] [dotweb.go:461] DotWeb initBindMiddleware [app] OPTIONS^$^/APIGroup/Delete *dotweb.xMiddleware match
2018-09-25 22:38:40.4032 [DEBUG] [dotweb.go:461] DotWeb initBindMiddleware [app] OPTIONS^$^/APIGroup/Delete *cors.CORSMiddleware match
2018-09-25 22:38:40.4037 [DEBUG] [group.go:31] DotWeb:Group NewGroup [/dotweb]
2018-09-25 22:38:40.4042 [DEBUG] [router.go:453] DotWeb:Router:RegisterRoute success [GET] [/dotweb/debug/pprof/:key] [github.com/devfeel/dotweb.initPProf]
2018-09-25 22:38:40.4042 [DEBUG] [router.go:479] DotWeb:Router:RegisterRoute AutoOPTIONS success [OPTIONS] [/dotweb/debug/pprof/:key] [github.com/devfeel/dotweb.initPProf]
2018-09-25 22:38:40.4047 [DEBUG] [router.go:453] DotWeb:Router:RegisterRoute success [GET] [/dotweb/debug/freemem] [github.com/devfeel/dotweb.freeMemory]
2018-09-25 22:38:40.4047 [DEBUG] [router.go:479] DotWeb:Router:RegisterRoute AutoOPTIONS success [OPTIONS] [/dotweb/debug/freemem] [github.com/devfeel/dotweb.freeMemory]
2018-09-25 22:38:40.4052 [DEBUG] [router.go:453] DotWeb:Router:RegisterRoute success [GET] [/dotweb/state] [github.com/devfeel/dotweb.showServerState]
2018-09-25 22:38:40.4057 [DEBUG] [router.go:479] DotWeb:Router:RegisterRoute AutoOPTIONS success [OPTIONS] [/dotweb/state] [github.com/devfeel/dotweb.showServerState]
2018-09-25 22:38:40.4062 [DEBUG] [router.go:453] DotWeb:Router:RegisterRoute success [GET] [/dotweb/state/interval] [github.com/devfeel/dotweb.showIntervalData]
2018-09-25 22:38:40.4067 [DEBUG] [router.go:479] DotWeb:Router:RegisterRoute AutoOPTIONS success [OPTIONS] [/dotweb/state/interval] [github.com/devfeel/dotweb.showIntervalData]
2018-09-25 22:38:40.4072 [DEBUG] [router.go:453] DotWeb:Router:RegisterRoute success [GET] [/dotweb/query/:key] [github.com/devfeel/dotweb.showQuery]
2018-09-25 22:38:40.4077 [DEBUG] [router.go:479] DotWeb:Router:RegisterRoute AutoOPTIONS success [OPTIONS] [/dotweb/query/:key] [github.com/devfeel/dotweb.showQuery]
2018-09-25 22:38:40.4082 [DEBUG] [dotweb.go:331] DotWeb RunMode is production
2018-09-25 22:38:40.4087 [DEBUG] [server.go:109] DotWeb:HttpServer ListenAndServe [:10001]
    ____           __                     __
   / __ \  ____   / /_ _      __  ___    / /_
  / / / / / __ \ / __/| | /| / / / _ \  / __ \
 / /_/ / / /_/ // /_  | |/ |/ / /  __/ / /_/ /
/_____/  \____/ \__/  |__/|__/  \___/ /_.___/
2018-09-25 22:46:46.8703 [DEBUG] [dotweb.go:115] DotWeb Start New AppServer
2018-09-25 22:46:46.8708 [DEBUG] [server.go:386] DotWeb:HttpServer SetEnabledAutoOPTIONS [true]
2018-09-25 22:46:46.8708 [DEBUG] [router.go:453] DotWeb:Router:RegisterRoute success [POST] [/App/Add] [github.com/a526757124/polaris/uiserver/handlers.(*AppInfoHandler).Add-fm]
2018-09-25 22:46:46.8713 [DEBUG] [router.go:479] DotWeb:Router:RegisterRoute AutoOPTIONS success [OPTIONS] [/App/Add] [github.com/a526757124/polaris/uiserver/handlers.(*AppInfoHandler).Add-fm]
2018-09-25 22:46:46.8713 [DEBUG] [router.go:453] DotWeb:Router:RegisterRoute success [POST] [/App/Update] [github.com/a526757124/polaris/uiserver/handlers.(*AppInfoHandler).Update-fm]
2018-09-25 22:46:46.8718 [DEBUG] [router.go:479] DotWeb:Router:RegisterRoute AutoOPTIONS success [OPTIONS] [/App/Update] [github.com/a526757124/polaris/uiserver/handlers.(*AppInfoHandler).Update-fm]
2018-09-25 22:46:46.8723 [DEBUG] [router.go:453] DotWeb:Router:RegisterRoute success [POST] [/App/Delete] [github.com/a526757124/polaris/uiserver/handlers.(*AppInfoHandler).Delete-fm]
2018-09-25 22:46:46.8728 [DEBUG] [router.go:479] DotWeb:Router:RegisterRoute AutoOPTIONS success [OPTIONS] [/App/Delete] [github.com/a526757124/polaris/uiserver/handlers.(*AppInfoHandler).Delete-fm]
2018-09-25 22:46:46.8728 [DEBUG] [router.go:453] DotWeb:Router:RegisterRoute success [POST] [/App/GetList] [github.com/a526757124/polaris/uiserver/handlers.(*AppInfoHandler).GetList-fm]
2018-09-25 22:46:46.8733 [DEBUG] [router.go:479] DotWeb:Router:RegisterRoute AutoOPTIONS success [OPTIONS] [/App/GetList] [github.com/a526757124/polaris/uiserver/handlers.(*AppInfoHandler).GetList-fm]
2018-09-25 22:46:46.8738 [DEBUG] [router.go:453] DotWeb:Router:RegisterRoute success [POST] [/APIGroup/Add] [github.com/a526757124/polaris/uiserver/handlers.(*APIGroupHandler).Add-fm]
2018-09-25 22:46:46.8738 [DEBUG] [router.go:479] DotWeb:Router:RegisterRoute AutoOPTIONS success [OPTIONS] [/APIGroup/Add] [github.com/a526757124/polaris/uiserver/handlers.(*APIGroupHandler).Add-fm]
2018-09-25 22:46:46.8743 [DEBUG] [router.go:453] DotWeb:Router:RegisterRoute success [POST] [/APIGroup/Update] [github.com/a526757124/polaris/uiserver/handlers.(*APIGroupHandler).Update-fm]
2018-09-25 22:46:46.8748 [DEBUG] [router.go:479] DotWeb:Router:RegisterRoute AutoOPTIONS success [OPTIONS] [/APIGroup/Update] [github.com/a526757124/polaris/uiserver/handlers.(*APIGroupHandler).Update-fm]
2018-09-25 22:46:46.8753 [DEBUG] [router.go:453] DotWeb:Router:RegisterRoute success [POST] [/APIGroup/Delete] [github.com/a526757124/polaris/uiserver/handlers.(*APIGroupHandler).Delete-fm]
2018-09-25 22:46:46.8763 [DEBUG] [router.go:479] DotWeb:Router:RegisterRoute AutoOPTIONS success [OPTIONS] [/APIGroup/Delete] [github.com/a526757124/polaris/uiserver/handlers.(*APIGroupHandler).Delete-fm]
2018-09-25 22:46:46.8768 [DEBUG] [router.go:453] DotWeb:Router:RegisterRoute success [POST] [/APIGroup/GetList] [github.com/a526757124/polaris/uiserver/handlers.(*APIGroupHandler).GetList-fm]
2018-09-25 22:46:46.8773 [DEBUG] [router.go:479] DotWeb:Router:RegisterRoute AutoOPTIONS success [OPTIONS] [/APIGroup/GetList] [github.com/a526757124/polaris/uiserver/handlers.(*APIGroupHandler).GetList-fm]
2018-09-25 22:46:46.8783 [DEBUG] [server.go:412] DotWeb:HttpServer SetEnabledGzip [false]
2018-09-25 22:46:46.8788 [DEBUG] [dotweb.go:461] DotWeb initBindMiddleware [app] POST^$^/App/Update *dotweb.xMiddleware match
2018-09-25 22:46:46.8793 [DEBUG] [dotweb.go:461] DotWeb initBindMiddleware [app] POST^$^/App/Update *cors.CORSMiddleware match
2018-09-25 22:46:46.8798 [DEBUG] [dotweb.go:461] DotWeb initBindMiddleware [app] POST^$^/App/Delete *dotweb.xMiddleware match
2018-09-25 22:46:46.8798 [DEBUG] [dotweb.go:461] DotWeb initBindMiddleware [app] POST^$^/App/Delete *cors.CORSMiddleware match
2018-09-25 22:46:46.8808 [DEBUG] [dotweb.go:461] DotWeb initBindMiddleware [app] POST^$^/App/GetList *dotweb.xMiddleware match
2018-09-25 22:46:46.8813 [DEBUG] [dotweb.go:461] DotWeb initBindMiddleware [app] POST^$^/App/GetList *cors.CORSMiddleware match
2018-09-25 22:46:46.8818 [DEBUG] [dotweb.go:461] DotWeb initBindMiddleware [app] POST^$^/APIGroup/Update *dotweb.xMiddleware match
2018-09-25 22:46:46.8823 [DEBUG] [dotweb.go:461] DotWeb initBindMiddleware [app] POST^$^/APIGroup/Update *cors.CORSMiddleware match
2018-09-25 22:46:46.8823 [DEBUG] [dotweb.go:461] DotWeb initBindMiddleware [app] POST^$^/APIGroup/Delete *dotweb.xMiddleware match
2018-09-25 22:46:46.8828 [DEBUG] [dotweb.go:461] DotWeb initBindMiddleware [app] POST^$^/APIGroup/Delete *cors.CORSMiddleware match
2018-09-25 22:46:46.8833 [DEBUG] [dotweb.go:461] DotWeb initBindMiddleware [app] OPTIONS^$^/APIGroup/GetList *dotweb.xMiddleware match
2018-09-25 22:46:46.8833 [DEBUG] [dotweb.go:461] DotWeb initBindMiddleware [app] OPTIONS^$^/APIGroup/GetList *cors.CORSMiddleware match
2018-09-25 22:46:46.8838 [DEBUG] [dotweb.go:461] DotWeb initBindMiddleware [app] OPTIONS^$^/App/GetList *dotweb.xMiddleware match
2018-09-25 22:46:46.8843 [DEBUG] [dotweb.go:461] DotWeb initBindMiddleware [app] OPTIONS^$^/App/GetList *cors.CORSMiddleware match
2018-09-25 22:46:46.8853 [DEBUG] [dotweb.go:461] DotWeb initBindMiddleware [app] POST^$^/APIGroup/Add *dotweb.xMiddleware match
2018-09-25 22:46:46.8858 [DEBUG] [dotweb.go:461] DotWeb initBindMiddleware [app] POST^$^/APIGroup/Add *cors.CORSMiddleware match
2018-09-25 22:46:46.8863 [DEBUG] [dotweb.go:461] DotWeb initBindMiddleware [app] OPTIONS^$^/APIGroup/Add *dotweb.xMiddleware match
2018-09-25 22:46:46.8868 [DEBUG] [dotweb.go:461] DotWeb initBindMiddleware [app] OPTIONS^$^/APIGroup/Add *cors.CORSMiddleware match
2018-09-25 22:46:46.8868 [DEBUG] [dotweb.go:461] DotWeb initBindMiddleware [app] POST^$^/App/Add *dotweb.xMiddleware match
2018-09-25 22:46:46.8873 [DEBUG] [dotweb.go:461] DotWeb initBindMiddleware [app] POST^$^/App/Add *cors.CORSMiddleware match
2018-09-25 22:46:46.8878 [DEBUG] [dotweb.go:461] DotWeb initBindMiddleware [app] OPTIONS^$^/App/Add *dotweb.xMiddleware match
2018-09-25 22:46:46.8888 [DEBUG] [dotweb.go:461] DotWeb initBindMiddleware [app] OPTIONS^$^/App/Add *cors.CORSMiddleware match
2018-09-25 22:46:46.8893 [DEBUG] [dotweb.go:461] DotWeb initBindMiddleware [app] OPTIONS^$^/APIGroup/Update *dotweb.xMiddleware match
2018-09-25 22:46:46.8898 [DEBUG] [dotweb.go:461] DotWeb initBindMiddleware [app] OPTIONS^$^/APIGroup/Update *cors.CORSMiddleware match
2018-09-25 22:46:46.8903 [DEBUG] [dotweb.go:461] DotWeb initBindMiddleware [app] POST^$^/APIGroup/GetList *dotweb.xMiddleware match
2018-09-25 22:46:46.8908 [DEBUG] [dotweb.go:461] DotWeb initBindMiddleware [app] POST^$^/APIGroup/GetList *cors.CORSMiddleware match
2018-09-25 22:46:46.8918 [DEBUG] [dotweb.go:461] DotWeb initBindMiddleware [app] OPTIONS^$^/App/Update *dotweb.xMiddleware match
2018-09-25 22:46:46.8923 [DEBUG] [dotweb.go:461] DotWeb initBindMiddleware [app] OPTIONS^$^/App/Update *cors.CORSMiddleware match
2018-09-25 22:46:46.8933 [DEBUG] [dotweb.go:461] DotWeb initBindMiddleware [app] OPTIONS^$^/App/Delete *dotweb.xMiddleware match
2018-09-25 22:46:46.8938 [DEBUG] [dotweb.go:461] DotWeb initBindMiddleware [app] OPTIONS^$^/App/Delete *cors.CORSMiddleware match
2018-09-25 22:46:46.8943 [DEBUG] [dotweb.go:461] DotWeb initBindMiddleware [app] OPTIONS^$^/APIGroup/Delete *dotweb.xMiddleware match
2018-09-25 22:46:46.8948 [DEBUG] [dotweb.go:461] DotWeb initBindMiddleware [app] OPTIONS^$^/APIGroup/Delete *cors.CORSMiddleware match
2018-09-25 22:46:46.8953 [DEBUG] [group.go:31] DotWeb:Group NewGroup [/dotweb]
2018-09-25 22:46:46.8958 [DEBUG] [router.go:453] DotWeb:Router:RegisterRoute success [GET] [/dotweb/debug/pprof/:key] [github.com/devfeel/dotweb.initPProf]
2018-09-25 22:46:46.8964 [DEBUG] [router.go:479] DotWeb:Router:RegisterRoute AutoOPTIONS success [OPTIONS] [/dotweb/debug/pprof/:key] [github.com/devfeel/dotweb.initPProf]
2018-09-25 22:46:46.8964 [DEBUG] [router.go:453] DotWeb:Router:RegisterRoute success [GET] [/dotweb/debug/freemem] [github.com/devfeel/dotweb.freeMemory]
2018-09-25 22:46:46.8974 [DEBUG] [router.go:479] DotWeb:Router:RegisterRoute AutoOPTIONS success [OPTIONS] [/dotweb/debug/freemem] [github.com/devfeel/dotweb.freeMemory]
2018-09-25 22:46:46.8979 [DEBUG] [router.go:453] DotWeb:Router:RegisterRoute success [GET] [/dotweb/state] [github.com/devfeel/dotweb.showServerState]
2018-09-25 22:46:46.8979 [DEBUG] [router.go:479] DotWeb:Router:RegisterRoute AutoOPTIONS success [OPTIONS] [/dotweb/state] [github.com/devfeel/dotweb.showServerState]
2018-09-25 22:46:46.8984 [DEBUG] [router.go:453] DotWeb:Router:RegisterRoute success [GET] [/dotweb/state/interval] [github.com/devfeel/dotweb.showIntervalData]
2018-09-25 22:46:46.8989 [DEBUG] [router.go:479] DotWeb:Router:RegisterRoute AutoOPTIONS success [OPTIONS] [/dotweb/state/interval] [github.com/devfeel/dotweb.showIntervalData]
2018-09-25 22:46:46.8989 [DEBUG] [router.go:453] DotWeb:Router:RegisterRoute success [GET] [/dotweb/query/:key] [github.com/devfeel/dotweb.showQuery]
2018-09-25 22:46:46.8994 [DEBUG] [router.go:479] DotWeb:Router:RegisterRoute AutoOPTIONS success [OPTIONS] [/dotweb/query/:key] [github.com/devfeel/dotweb.showQuery]
2018-09-25 22:46:46.8999 [DEBUG] [dotweb.go:331] DotWeb RunMode is production
2018-09-25 22:46:46.9004 [DEBUG] [server.go:109] DotWeb:HttpServer ListenAndServe [:10001]
    ____           __                     __
   / __ \  ____   / /_ _      __  ___    / /_
  / / / / / __ \ / __/| | /| / / / _ \  / __ \
 / /_/ / / /_/ // /_  | |/ |/ / /  __/ / /_/ /
/_____/  \____/ \__/  |__/|__/  \___/ /_.___/
2018-09-25 22:48:55.2689 [DEBUG] [dotweb.go:115] DotWeb Start New AppServer
2018-09-25 22:48:55.2694 [DEBUG] [server.go:386] DotWeb:HttpServer SetEnabledAutoOPTIONS [true]
2018-09-25 22:48:55.2699 [DEBUG] [router.go:453] DotWeb:Router:RegisterRoute success [POST] [/App/Add] [github.com/a526757124/polaris/uiserver/handlers.(*AppInfoHandler).Add-fm]
2018-09-25 22:48:55.2704 [DEBUG] [router.go:479] DotWeb:Router:RegisterRoute AutoOPTIONS success [OPTIONS] [/App/Add] [github.com/a526757124/polaris/uiserver/handlers.(*AppInfoHandler).Add-fm]
2018-09-25 22:48:55.2709 [DEBUG] [router.go:453] DotWeb:Router:RegisterRoute success [POST] [/App/Update] [github.com/a526757124/polaris/uiserver/handlers.(*AppInfoHandler).Update-fm]
2018-09-25 22:48:55.2714 [DEBUG] [router.go:479] DotWeb:Router:RegisterRoute AutoOPTIONS success [OPTIONS] [/App/Update] [github.com/a526757124/polaris/uiserver/handlers.(*AppInfoHandler).Update-fm]
2018-09-25 22:48:55.2719 [DEBUG] [router.go:453] DotWeb:Router:RegisterRoute success [POST] [/App/Delete] [github.com/a526757124/polaris/uiserver/handlers.(*AppInfoHandler).Delete-fm]
2018-09-25 22:48:55.2724 [DEBUG] [router.go:479] DotWeb:Router:RegisterRoute AutoOPTIONS success [OPTIONS] [/App/Delete] [github.com/a526757124/polaris/uiserver/handlers.(*AppInfoHandler).Delete-fm]
2018-09-25 22:48:55.275 [DEBUG] [router.go:453] DotWeb:Router:RegisterRoute success [POST] [/App/GetList] [github.com/a526757124/polaris/uiserver/handlers.(*AppInfoHandler).GetList-fm]
2018-09-25 22:48:55.276 [DEBUG] [router.go:479] DotWeb:Router:RegisterRoute AutoOPTIONS success [OPTIONS] [/App/GetList] [github.com/a526757124/polaris/uiserver/handlers.(*AppInfoHandler).GetList-fm]
2018-09-25 22:48:55.2765 [DEBUG] [router.go:453] DotWeb:Router:RegisterRoute success [POST] [/APIGroup/Add] [github.com/a526757124/polaris/uiserver/handlers.(*APIGroupHandler).Add-fm]
2018-09-25 22:48:55.278 [DEBUG] [router.go:479] DotWeb:Router:RegisterRoute AutoOPTIONS success [OPTIONS] [/APIGroup/Add] [github.com/a526757124/polaris/uiserver/handlers.(*APIGroupHandler).Add-fm]
2018-09-25 22:48:55.2795 [DEBUG] [router.go:453] DotWeb:Router:RegisterRoute success [POST] [/APIGroup/Update] [github.com/a526757124/polaris/uiserver/handlers.(*APIGroupHandler).Update-fm]
2018-09-25 22:48:55.28 [DEBUG] [router.go:479] DotWeb:Router:RegisterRoute AutoOPTIONS success [OPTIONS] [/APIGroup/Update] [github.com/a526757124/polaris/uiserver/handlers.(*APIGroupHandler).Update-fm]
2018-09-25 22:48:55.2805 [DEBUG] [router.go:453] DotWeb:Router:RegisterRoute success [POST] [/APIGroup/Delete] [github.com/a526757124/polaris/uiserver/handlers.(*APIGroupHandler).Delete-fm]
2018-09-25 22:48:55.281 [DEBUG] [router.go:479] DotWeb:Router:RegisterRoute AutoOPTIONS success [OPTIONS] [/APIGroup/Delete] [github.com/a526757124/polaris/uiserver/handlers.(*APIGroupHandler).Delete-fm]
2018-09-25 22:48:55.2815 [DEBUG] [router.go:453] DotWeb:Router:RegisterRoute success [POST] [/APIGroup/GetList] [github.com/a526757124/polaris/uiserver/handlers.(*APIGroupHandler).GetList-fm]
2018-09-25 22:48:55.282 [DEBUG] [router.go:479] DotWeb:Router:RegisterRoute AutoOPTIONS success [OPTIONS] [/APIGroup/GetList] [github.com/a526757124/polaris/uiserver/handlers.(*APIGroupHandler).GetList-fm]
2018-09-25 22:48:55.2825 [DEBUG] [server.go:412] DotWeb:HttpServer SetEnabledGzip [false]
2018-09-25 22:48:55.283 [DEBUG] [dotweb.go:461] DotWeb initBindMiddleware [app] OPTIONS^$^/APIGroup/Delete *dotweb.xMiddleware match
2018-09-25 22:48:55.2835 [DEBUG] [dotweb.go:461] DotWeb initBindMiddleware [app] OPTIONS^$^/APIGroup/Delete *cors.CORSMiddleware match
2018-09-25 22:48:55.284 [DEBUG] [dotweb.go:461] DotWeb initBindMiddleware [app] OPTIONS^$^/App/Add *dotweb.xMiddleware match
2018-09-25 22:48:55.2845 [DEBUG] [dotweb.go:461] DotWeb initBindMiddleware [app] OPTIONS^$^/App/Add *cors.CORSMiddleware match
2018-09-25 22:48:55.2845 [DEBUG] [dotweb.go:461] DotWeb initBindMiddleware [app] POST^$^/App/GetList *dotweb.xMiddleware match
2018-09-25 22:48:55.285 [DEBUG] [dotweb.go:461] DotWeb initBindMiddleware [app] POST^$^/App/GetList *cors.CORSMiddleware match
2018-09-25 22:48:55.2855 [DEBUG] [dotweb.go:461] DotWeb initBindMiddleware [app] OPTIONS^$^/APIGroup/Update *dotweb.xMiddleware match
2018-09-25 22:48:55.2855 [DEBUG] [dotweb.go:461] DotWeb initBindMiddleware [app] OPTIONS^$^/APIGroup/Update *cors.CORSMiddleware match
2018-09-25 22:48:55.286 [DEBUG] [dotweb.go:461] DotWeb initBindMiddleware [app] OPTIONS^$^/APIGroup/Add *dotweb.xMiddleware match
2018-09-25 22:48:55.2865 [DEBUG] [dotweb.go:461] DotWeb initBindMiddleware [app] OPTIONS^$^/APIGroup/Add *cors.CORSMiddleware match
2018-09-25 22:48:55.2865 [DEBUG] [dotweb.go:461] DotWeb initBindMiddleware [app] POST^$^/APIGroup/Update *dotweb.xMiddleware match
2018-09-25 22:48:55.287 [DEBUG] [dotweb.go:461] DotWeb initBindMiddleware [app] POST^$^/APIGroup/Update *cors.CORSMiddleware match
2018-09-25 22:48:55.2875 [DEBUG] [dotweb.go:461] DotWeb initBindMiddleware [app] POST^$^/App/Update *dotweb.xMiddleware match
2018-09-25 22:48:55.2875 [DEBUG] [dotweb.go:461] DotWeb initBindMiddleware [app] POST^$^/App/Update *cors.CORSMiddleware match
2018-09-25 22:48:55.288 [DEBUG] [dotweb.go:461] DotWeb initBindMiddleware [app] OPTIONS^$^/App/Update *dotweb.xMiddleware match
2018-09-25 22:48:55.2885 [DEBUG] [dotweb.go:461] DotWeb initBindMiddleware [app] OPTIONS^$^/App/Update *cors.CORSMiddleware match
2018-09-25 22:48:55.2885 [DEBUG] [dotweb.go:461] DotWeb initBindMiddleware [app] POST^$^/App/Delete *dotweb.xMiddleware match
2018-09-25 22:48:55.289 [DEBUG] [dotweb.go:461] DotWeb initBindMiddleware [app] POST^$^/App/Delete *cors.CORSMiddleware match
2018-09-25 22:48:55.2895 [DEBUG] [dotweb.go:461] DotWeb initBindMiddleware [app] POST^$^/APIGroup/Delete *dotweb.xMiddleware match
2018-09-25 22:48:55.29 [DEBUG] [dotweb.go:461] DotWeb initBindMiddleware [app] POST^$^/APIGroup/Delete *cors.CORSMiddleware match
2018-09-25 22:48:55.29 [DEBUG] [dotweb.go:461] DotWeb initBindMiddleware [app] OPTIONS^$^/App/Delete *dotweb.xMiddleware match
2018-09-25 22:48:55.2905 [DEBUG] [dotweb.go:461] DotWeb initBindMiddleware [app] OPTIONS^$^/App/Delete *cors.CORSMiddleware match
2018-09-25 22:48:55.291 [DEBUG] [dotweb.go:461] DotWeb initBindMiddleware [app] OPTIONS^$^/App/GetList *dotweb.xMiddleware match
2018-09-25 22:48:55.291 [DEBUG] [dotweb.go:461] DotWeb initBindMiddleware [app] OPTIONS^$^/App/GetList *cors.CORSMiddleware match
2018-09-25 22:48:55.2915 [DEBUG] [dotweb.go:461] DotWeb initBindMiddleware [app] POST^$^/APIGroup/Add *dotweb.xMiddleware match
2018-09-25 22:48:55.292 [DEBUG] [dotweb.go:461] DotWeb initBindMiddleware [app] POST^$^/APIGroup/Add *cors.CORSMiddleware match
2018-09-25 22:48:55.294 [DEBUG] [dotweb.go:461] DotWeb initBindMiddleware [app] POST^$^/App/Add *dotweb.xMiddleware match
2018-09-25 22:48:55.2955 [DEBUG] [dotweb.go:461] DotWeb initBindMiddleware [app] POST^$^/App/Add *cors.CORSMiddleware match
2018-09-25 22:48:55.296 [DEBUG] [dotweb.go:461] DotWeb initBindMiddleware [app] POST^$^/APIGroup/GetList *dotweb.xMiddleware match
2018-09-25 22:48:55.297 [DEBUG] [dotweb.go:461] DotWeb initBindMiddleware [app] POST^$^/APIGroup/GetList *cors.CORSMiddleware match
2018-09-25 22:48:55.298 [DEBUG] [dotweb.go:461] DotWeb initBindMiddleware [app] OPTIONS^$^/APIGroup/GetList *dotweb.xMiddleware match
2018-09-25 22:48:55.2995 [DEBUG] [dotweb.go:461] DotWeb initBindMiddleware [app] OPTIONS^$^/APIGroup/GetList *cors.CORSMiddleware match
2018-09-25 22:48:55.3 [DEBUG] [group.go:31] DotWeb:Group NewGroup [/dotweb]
2018-09-25 22:48:55.3015 [DEBUG] [router.go:453] DotWeb:Router:RegisterRoute success [GET] [/dotweb/debug/pprof/:key] [github.com/devfeel/dotweb.initPProf]
2018-09-25 22:48:55.302 [DEBUG] [router.go:479] DotWeb:Router:RegisterRoute AutoOPTIONS success [OPTIONS] [/dotweb/debug/pprof/:key] [github.com/devfeel/dotweb.initPProf]
2018-09-25 22:48:55.303 [DEBUG] [router.go:453] DotWeb:Router:RegisterRoute success [GET] [/dotweb/debug/freemem] [github.com/devfeel/dotweb.freeMemory]
2018-09-25 22:48:55.3035 [DEBUG] [router.go:479] DotWeb:Router:RegisterRoute AutoOPTIONS success [OPTIONS] [/dotweb/debug/freemem] [github.com/devfeel/dotweb.freeMemory]
2018-09-25 22:48:55.3035 [DEBUG] [router.go:453] DotWeb:Router:RegisterRoute success [GET] [/dotweb/state] [github.com/devfeel/dotweb.showServerState]
2018-09-25 22:48:55.304 [DEBUG] [router.go:479] DotWeb:Router:RegisterRoute AutoOPTIONS success [OPTIONS] [/dotweb/state] [github.com/devfeel/dotweb.showServerState]
2018-09-25 22:48:55.3045 [DEBUG] [router.go:453] DotWeb:Router:RegisterRoute success [GET] [/dotweb/state/interval] [github.com/devfeel/dotweb.showIntervalData]
2018-09-25 22:48:55.3045 [DEBUG] [router.go:479] DotWeb:Router:RegisterRoute AutoOPTIONS success [OPTIONS] [/dotweb/state/interval] [github.com/devfeel/dotweb.showIntervalData]
2018-09-25 22:48:55.305 [DEBUG] [router.go:453] DotWeb:Router:RegisterRoute success [GET] [/dotweb/query/:key] [github.com/devfeel/dotweb.showQuery]
2018-09-25 22:48:55.3055 [DEBUG] [router.go:479] DotWeb:Router:RegisterRoute AutoOPTIONS success [OPTIONS] [/dotweb/query/:key] [github.com/devfeel/dotweb.showQuery]
2018-09-25 22:48:55.306 [DEBUG] [dotweb.go:331] DotWeb RunMode is production
2018-09-25 22:48:55.3065 [DEBUG] [server.go:109] DotWeb:HttpServer ListenAndServe [:10001]
    ____           __                     __
   / __ \  ____   / /_ _      __  ___    / /_
  / / / / / __ \ / __/| | /| / / / _ \  / __ \
 / /_/ / / /_/ // /_  | |/ |/ / /  __/ / /_/ /
/_____/  \____/ \__/  |__/|__/  \___/ /_.___/
2018-09-25 22:49:47.3487 [DEBUG] [dotweb.go:115] DotWeb Start New AppServer
2018-09-25 22:49:47.3492 [DEBUG] [server.go:386] DotWeb:HttpServer SetEnabledAutoOPTIONS [true]
2018-09-25 22:49:47.3497 [DEBUG] [router.go:453] DotWeb:Router:RegisterRoute success [POST] [/App/Add] [github.com/a526757124/polaris/uiserver/handlers.(*AppInfoHandler).Add-fm]
2018-09-25 22:49:47.3497 [DEBUG] [router.go:479] DotWeb:Router:RegisterRoute AutoOPTIONS success [OPTIONS] [/App/Add] [github.com/a526757124/polaris/uiserver/handlers.(*AppInfoHandler).Add-fm]
2018-09-25 22:49:47.3502 [DEBUG] [router.go:453] DotWeb:Router:RegisterRoute success [POST] [/App/Update] [github.com/a526757124/polaris/uiserver/handlers.(*AppInfoHandler).Update-fm]
2018-09-25 22:49:47.3507 [DEBUG] [router.go:479] DotWeb:Router:RegisterRoute AutoOPTIONS success [OPTIONS] [/App/Update] [github.com/a526757124/polaris/uiserver/handlers.(*AppInfoHandler).Update-fm]
2018-09-25 22:49:47.3507 [DEBUG] [router.go:453] DotWeb:Router:RegisterRoute success [POST] [/App/Delete] [github.com/a526757124/polaris/uiserver/handlers.(*AppInfoHandler).Delete-fm]
2018-09-25 22:49:47.3512 [DEBUG] [router.go:479] DotWeb:Router:RegisterRoute AutoOPTIONS success [OPTIONS] [/App/Delete] [github.com/a526757124/polaris/uiserver/handlers.(*AppInfoHandler).Delete-fm]
2018-09-25 22:49:47.3512 [DEBUG] [router.go:453] DotWeb:Router:RegisterRoute success [POST] [/App/GetList] [github.com/a526757124/polaris/uiserver/handlers.(*AppInfoHandler).GetList-fm]
2018-09-25 22:49:47.3517 [DEBUG] [router.go:479] DotWeb:Router:RegisterRoute AutoOPTIONS success [OPTIONS] [/App/GetList] [github.com/a526757124/polaris/uiserver/handlers.(*AppInfoHandler).GetList-fm]
2018-09-25 22:49:47.3522 [DEBUG] [router.go:453] DotWeb:Router:RegisterRoute success [POST] [/APIGroup/Add] [github.com/a526757124/polaris/uiserver/handlers.(*APIGroupHandler).Add-fm]
2018-09-25 22:49:47.3522 [DEBUG] [router.go:479] DotWeb:Router:RegisterRoute AutoOPTIONS success [OPTIONS] [/APIGroup/Add] [github.com/a526757124/polaris/uiserver/handlers.(*APIGroupHandler).Add-fm]
2018-09-25 22:49:47.3527 [DEBUG] [router.go:453] DotWeb:Router:RegisterRoute success [POST] [/APIGroup/Update] [github.com/a526757124/polaris/uiserver/handlers.(*APIGroupHandler).Update-fm]
2018-09-25 22:49:47.3532 [DEBUG] [router.go:479] DotWeb:Router:RegisterRoute AutoOPTIONS success [OPTIONS] [/APIGroup/Update] [github.com/a526757124/polaris/uiserver/handlers.(*APIGroupHandler).Update-fm]
2018-09-25 22:49:47.3532 [DEBUG] [router.go:453] DotWeb:Router:RegisterRoute success [POST] [/APIGroup/Delete] [github.com/a526757124/polaris/uiserver/handlers.(*APIGroupHandler).Delete-fm]
2018-09-25 22:49:47.3537 [DEBUG] [router.go:479] DotWeb:Router:RegisterRoute AutoOPTIONS success [OPTIONS] [/APIGroup/Delete] [github.com/a526757124/polaris/uiserver/handlers.(*APIGroupHandler).Delete-fm]
2018-09-25 22:49:47.3542 [DEBUG] [router.go:453] DotWeb:Router:RegisterRoute success [POST] [/APIGroup/GetList] [github.com/a526757124/polaris/uiserver/handlers.(*APIGroupHandler).GetList-fm]
2018-09-25 22:49:47.3562 [DEBUG] [router.go:479] DotWeb:Router:RegisterRoute AutoOPTIONS success [OPTIONS] [/APIGroup/GetList] [github.com/a526757124/polaris/uiserver/handlers.(*APIGroupHandler).GetList-fm]
2018-09-25 22:49:47.3567 [DEBUG] [server.go:412] DotWeb:HttpServer SetEnabledGzip [false]
2018-09-25 22:49:47.3572 [DEBUG] [dotweb.go:461] DotWeb initBindMiddleware [app] POST^$^/APIGroup/Update *dotweb.xMiddleware match
2018-09-25 22:49:47.3572 [DEBUG] [dotweb.go:461] DotWeb initBindMiddleware [app] POST^$^/APIGroup/Update *cors.CORSMiddleware match
2018-09-25 22:49:47.3577 [DEBUG] [dotweb.go:461] DotWeb initBindMiddleware [app] POST^$^/APIGroup/Delete *dotweb.xMiddleware match
2018-09-25 22:49:47.3582 [DEBUG] [dotweb.go:461] DotWeb initBindMiddleware [app] POST^$^/APIGroup/Delete *cors.CORSMiddleware match
2018-09-25 22:49:47.3587 [DEBUG] [dotweb.go:461] DotWeb initBindMiddleware [app] POST^$^/App/Add *dotweb.xMiddleware match
2018-09-25 22:49:47.3587 [DEBUG] [dotweb.go:461] DotWeb initBindMiddleware [app] POST^$^/App/Add *cors.CORSMiddleware match
2018-09-25 22:49:47.3592 [DEBUG] [dotweb.go:461] DotWeb initBindMiddleware [app] POST^$^/App/GetList *dotweb.xMiddleware match
2018-09-25 22:49:47.3592 [DEBUG] [dotweb.go:461] DotWeb initBindMiddleware [app] POST^$^/App/GetList *cors.CORSMiddleware match
2018-09-25 22:49:47.3597 [DEBUG] [dotweb.go:461] DotWeb initBindMiddleware [app] OPTIONS^$^/APIGroup/GetList *dotweb.xMiddleware match
2018-09-25 22:49:47.3602 [DEBUG] [dotweb.go:461] DotWeb initBindMiddleware [app] OPTIONS^$^/APIGroup/GetList *cors.CORSMiddleware match
2018-09-25 22:49:47.3607 [DEBUG] [dotweb.go:461] DotWeb initBindMiddleware [app] OPTIONS^$^/APIGroup/Delete *dotweb.xMiddleware match
2018-09-25 22:49:47.3607 [DEBUG] [dotweb.go:461] DotWeb initBindMiddleware [app] OPTIONS^$^/APIGroup/Delete *cors.CORSMiddleware match
2018-09-25 22:49:47.3612 [DEBUG] [dotweb.go:461] DotWeb initBindMiddleware [app] POST^$^/APIGroup/GetList *dotweb.xMiddleware match
2018-09-25 22:49:47.3617 [DEBUG] [dotweb.go:461] DotWeb initBindMiddleware [app] POST^$^/APIGroup/GetList *cors.CORSMiddleware match
2018-09-25 22:49:47.3622 [DEBUG] [dotweb.go:461] DotWeb initBindMiddleware [app] OPTIONS^$^/App/GetList *dotweb.xMiddleware match
2018-09-25 22:49:47.3627 [DEBUG] [dotweb.go:461] DotWeb initBindMiddleware [app] OPTIONS^$^/App/GetList *cors.CORSMiddleware match
2018-09-25 22:49:47.3632 [DEBUG] [dotweb.go:461] DotWeb initBindMiddleware [app] OPTIONS^$^/APIGroup/Add *dotweb.xMiddleware match
2018-09-25 22:49:47.3637 [DEBUG] [dotweb.go:461] DotWeb initBindMiddleware [app] OPTIONS^$^/APIGroup/Add *cors.CORSMiddleware match
2018-09-25 22:49:47.3642 [DEBUG] [dotweb.go:461] DotWeb initBindMiddleware [app] OPTIONS^$^/App/Update *dotweb.xMiddleware match
2018-09-25 22:49:47.3642 [DEBUG] [dotweb.go:461] DotWeb initBindMiddleware [app] OPTIONS^$^/App/Update *cors.CORSMiddleware match
2018-09-25 22:49:47.3647 [DEBUG] [dotweb.go:461] DotWeb initBindMiddleware [app] POST^$^/App/Delete *dotweb.xMiddleware match
2018-09-25 22:49:47.3652 [DEBUG] [dotweb.go:461] DotWeb initBindMiddleware [app] POST^$^/App/Delete *cors.CORSMiddleware match
2018-09-25 22:49:47.3652 [DEBUG] [dotweb.go:461] DotWeb initBindMiddleware [app] OPTIONS^$^/App/Delete *dotweb.xMiddleware match
2018-09-25 22:49:47.3657 [DEBUG] [dotweb.go:461] DotWeb initBindMiddleware [app] OPTIONS^$^/App/Delete *cors.CORSMiddleware match
2018-09-25 22:49:47.3657 [DEBUG] [dotweb.go:461] DotWeb initBindMiddleware [app] POST^$^/APIGroup/Add *dotweb.xMiddleware match
2018-09-25 22:49:47.3662 [DEBUG] [dotweb.go:461] DotWeb initBindMiddleware [app] POST^$^/APIGroup/Add *cors.CORSMiddleware match
2018-09-25 22:49:47.3662 [DEBUG] [dotweb.go:461] DotWeb initBindMiddleware [app] OPTIONS^$^/APIGroup/Update *dotweb.xMiddleware match
2018-09-25 22:49:47.3667 [DEBUG] [dotweb.go:461] DotWeb initBindMiddleware [app] OPTIONS^$^/APIGroup/Update *cors.CORSMiddleware match
2018-09-25 22:49:47.3667 [DEBUG] [dotweb.go:461] DotWeb initBindMiddleware [app] OPTIONS^$^/App/Add *dotweb.xMiddleware match
2018-09-25 22:49:47.3672 [DEBUG] [dotweb.go:461] DotWeb initBindMiddleware [app] OPTIONS^$^/App/Add *cors.CORSMiddleware match
2018-09-25 22:49:47.3672 [DEBUG] [dotweb.go:461] DotWeb initBindMiddleware [app] POST^$^/App/Update *dotweb.xMiddleware match
2018-09-25 22:49:47.3677 [DEBUG] [dotweb.go:461] DotWeb initBindMiddleware [app] POST^$^/App/Update *cors.CORSMiddleware match
2018-09-25 22:49:47.3677 [DEBUG] [group.go:31] DotWeb:Group NewGroup [/dotweb]
2018-09-25 22:49:47.3682 [DEBUG] [router.go:453] DotWeb:Router:RegisterRoute success [GET] [/dotweb/debug/pprof/:key] [github.com/devfeel/dotweb.initPProf]
2018-09-25 22:49:47.3682 [DEBUG] [router.go:479] DotWeb:Router:RegisterRoute AutoOPTIONS success [OPTIONS] [/dotweb/debug/pprof/:key] [github.com/devfeel/dotweb.initPProf]
2018-09-25 22:49:47.3687 [DEBUG] [router.go:453] DotWeb:Router:RegisterRoute success [GET] [/dotweb/debug/freemem] [github.com/devfeel/dotweb.freeMemory]
2018-09-25 22:49:47.3687 [DEBUG] [router.go:479] DotWeb:Router:RegisterRoute AutoOPTIONS success [OPTIONS] [/dotweb/debug/freemem] [github.com/devfeel/dotweb.freeMemory]
2018-09-25 22:49:47.3692 [DEBUG] [router.go:453] DotWeb:Router:RegisterRoute success [GET] [/dotweb/state] [github.com/devfeel/dotweb.showServerState]
2018-09-25 22:49:47.3697 [DEBUG] [router.go:479] DotWeb:Router:RegisterRoute AutoOPTIONS success [OPTIONS] [/dotweb/state] [github.com/devfeel/dotweb.showServerState]
2018-09-25 22:49:47.3697 [DEBUG] [router.go:453] DotWeb:Router:RegisterRoute success [GET] [/dotweb/state/interval] [github.com/devfeel/dotweb.showIntervalData]
2018-09-25 22:49:47.3702 [DEBUG] [router.go:479] DotWeb:Router:RegisterRoute AutoOPTIONS success [OPTIONS] [/dotweb/state/interval] [github.com/devfeel/dotweb.showIntervalData]
2018-09-25 22:49:47.3702 [DEBUG] [router.go:453] DotWeb:Router:RegisterRoute success [GET] [/dotweb/query/:key] [github.com/devfeel/dotweb.showQuery]
2018-09-25 22:49:47.3707 [DEBUG] [router.go:479] DotWeb:Router:RegisterRoute AutoOPTIONS success [OPTIONS] [/dotweb/query/:key] [github.com/devfeel/dotweb.showQuery]
2018-09-25 22:49:47.3707 [DEBUG] [dotweb.go:331] DotWeb RunMode is production
2018-09-25 22:49:47.3712 [DEBUG] [server.go:109] DotWeb:HttpServer ListenAndServe [:10001]
    ____           __                     __
   / __ \  ____   / /_ _      __  ___    / /_
  / / / / / __ \ / __/| | /| / / / _ \  / __ \
 / /_/ / / /_/ // /_  | |/ |/ / /  __/ / /_/ /
/_____/  \____/ \__/  |__/|__/  \___/ /_.___/
2018-09-25 22:50:22.9638 [DEBUG] [dotweb.go:115] DotWeb Start New AppServer
2018-09-25 22:50:22.9643 [DEBUG] [server.go:386] DotWeb:HttpServer SetEnabledAutoOPTIONS [true]
2018-09-25 22:50:22.9648 [DEBUG] [router.go:453] DotWeb:Router:RegisterRoute success [POST] [/App/Add] [github.com/a526757124/polaris/uiserver/handlers.(*AppInfoHandler).Add-fm]
2018-09-25 22:50:22.9653 [DEBUG] [router.go:479] DotWeb:Router:RegisterRoute AutoOPTIONS success [OPTIONS] [/App/Add] [github.com/a526757124/polaris/uiserver/handlers.(*AppInfoHandler).Add-fm]
2018-09-25 22:50:22.9653 [DEBUG] [router.go:453] DotWeb:Router:RegisterRoute success [POST] [/App/Update] [github.com/a526757124/polaris/uiserver/handlers.(*AppInfoHandler).Update-fm]
2018-09-25 22:50:22.9658 [DEBUG] [router.go:479] DotWeb:Router:RegisterRoute AutoOPTIONS success [OPTIONS] [/App/Update] [github.com/a526757124/polaris/uiserver/handlers.(*AppInfoHandler).Update-fm]
2018-09-25 22:50:22.9663 [DEBUG] [router.go:453] DotWeb:Router:RegisterRoute success [POST] [/App/Delete] [github.com/a526757124/polaris/uiserver/handlers.(*AppInfoHandler).Delete-fm]
2018-09-25 22:50:22.9663 [DEBUG] [router.go:479] DotWeb:Router:RegisterRoute AutoOPTIONS success [OPTIONS] [/App/Delete] [github.com/a526757124/polaris/uiserver/handlers.(*AppInfoHandler).Delete-fm]
2018-09-25 22:50:22.9668 [DEBUG] [router.go:453] DotWeb:Router:RegisterRoute success [POST] [/App/GetList] [github.com/a526757124/polaris/uiserver/handlers.(*AppInfoHandler).GetList-fm]
2018-09-25 22:50:22.9673 [DEBUG] [router.go:479] DotWeb:Router:RegisterRoute AutoOPTIONS success [OPTIONS] [/App/GetList] [github.com/a526757124/polaris/uiserver/handlers.(*AppInfoHandler).GetList-fm]
2018-09-25 22:50:22.9673 [DEBUG] [router.go:453] DotWeb:Router:RegisterRoute success [POST] [/APIGroup/Add] [github.com/a526757124/polaris/uiserver/handlers.(*APIGroupHandler).Add-fm]
2018-09-25 22:50:22.9678 [DEBUG] [router.go:479] DotWeb:Router:RegisterRoute AutoOPTIONS success [OPTIONS] [/APIGroup/Add] [github.com/a526757124/polaris/uiserver/handlers.(*APIGroupHandler).Add-fm]
2018-09-25 22:50:22.9683 [DEBUG] [router.go:453] DotWeb:Router:RegisterRoute success [POST] [/APIGroup/Update] [github.com/a526757124/polaris/uiserver/handlers.(*APIGroupHandler).Update-fm]
2018-09-25 22:50:22.9683 [DEBUG] [router.go:479] DotWeb:Router:RegisterRoute AutoOPTIONS success [OPTIONS] [/APIGroup/Update] [github.com/a526757124/polaris/uiserver/handlers.(*APIGroupHandler).Update-fm]
2018-09-25 22:50:22.9688 [DEBUG] [router.go:453] DotWeb:Router:RegisterRoute success [POST] [/APIGroup/Delete] [github.com/a526757124/polaris/uiserver/handlers.(*APIGroupHandler).Delete-fm]
2018-09-25 22:50:22.9688 [DEBUG] [router.go:479] DotWeb:Router:RegisterRoute AutoOPTIONS success [OPTIONS] [/APIGroup/Delete] [github.com/a526757124/polaris/uiserver/handlers.(*APIGroupHandler).Delete-fm]
2018-09-25 22:50:22.9693 [DEBUG] [router.go:453] DotWeb:Router:RegisterRoute success [POST] [/APIGroup/GetList] [github.com/a526757124/polaris/uiserver/handlers.(*APIGroupHandler).GetList-fm]
2018-09-25 22:50:22.9703 [DEBUG] [router.go:479] DotWeb:Router:RegisterRoute AutoOPTIONS success [OPTIONS] [/APIGroup/GetList] [github.com/a526757124/polaris/uiserver/handlers.(*APIGroupHandler).GetList-fm]
2018-09-25 22:50:22.9713 [DEBUG] [server.go:412] DotWeb:HttpServer SetEnabledGzip [false]
2018-09-25 22:50:22.9734 [DEBUG] [dotweb.go:461] DotWeb initBindMiddleware [app] POST^$^/APIGroup/Delete *dotweb.xMiddleware match
2018-09-25 22:50:22.9744 [DEBUG] [dotweb.go:461] DotWeb initBindMiddleware [app] POST^$^/APIGroup/Delete *cors.CORSMiddleware match
2018-09-25 22:50:22.9749 [DEBUG] [dotweb.go:461] DotWeb initBindMiddleware [app] OPTIONS^$^/App/GetList *dotweb.xMiddleware match
2018-09-25 22:50:22.9759 [DEBUG] [dotweb.go:461] DotWeb initBindMiddleware [app] OPTIONS^$^/App/GetList *cors.CORSMiddleware match
2018-09-25 22:50:22.9764 [DEBUG] [dotweb.go:461] DotWeb initBindMiddleware [app] POST^$^/APIGroup/Add *dotweb.xMiddleware match
2018-09-25 22:50:22.9769 [DEBUG] [dotweb.go:461] DotWeb initBindMiddleware [app] POST^$^/APIGroup/Add *cors.CORSMiddleware match
2018-09-25 22:50:22.9774 [DEBUG] [dotweb.go:461] DotWeb initBindMiddleware [app] OPTIONS^$^/APIGroup/Add *dotweb.xMiddleware match
2018-09-25 22:50:22.9779 [DEBUG] [dotweb.go:461] DotWeb initBindMiddleware [app] OPTIONS^$^/APIGroup/Add *cors.CORSMiddleware match
2018-09-25 22:50:22.9779 [DEBUG] [dotweb.go:461] DotWeb initBindMiddleware [app] OPTIONS^$^/APIGroup/Update *dotweb.xMiddleware match
2018-09-25 22:50:22.9789 [DEBUG] [dotweb.go:461] DotWeb initBindMiddleware [app] OPTIONS^$^/APIGroup/Update *cors.CORSMiddleware match
2018-09-25 22:50:22.9794 [DEBUG] [dotweb.go:461] DotWeb initBindMiddleware [app] OPTIONS^$^/APIGroup/Delete *dotweb.xMiddleware match
2018-09-25 22:50:22.9799 [DEBUG] [dotweb.go:461] DotWeb initBindMiddleware [app] OPTIONS^$^/APIGroup/Delete *cors.CORSMiddleware match
2018-09-25 22:50:22.9809 [DEBUG] [dotweb.go:461] DotWeb initBindMiddleware [app] OPTIONS^$^/App/Delete *dotweb.xMiddleware match
2018-09-25 22:50:22.9809 [DEBUG] [dotweb.go:461] DotWeb initBindMiddleware [app] OPTIONS^$^/App/Delete *cors.CORSMiddleware match
2018-09-25 22:50:22.9819 [DEBUG] [dotweb.go:461] DotWeb initBindMiddleware [app] OPTIONS^$^/App/Add *dotweb.xMiddleware match
2018-09-25 22:50:22.9824 [DEBUG] [dotweb.go:461] DotWeb initBindMiddleware [app] OPTIONS^$^/App/Add *cors.CORSMiddleware match
2018-09-25 22:50:22.9824 [DEBUG] [dotweb.go:461] DotWeb initBindMiddleware [app] POST^$^/App/Update *dotweb.xMiddleware match
2018-09-25 22:50:22.9829 [DEBUG] [dotweb.go:461] DotWeb initBindMiddleware [app] POST^$^/App/Update *cors.CORSMiddleware match
2018-09-25 22:50:22.9839 [DEBUG] [dotweb.go:461] DotWeb initBindMiddleware [app] OPTIONS^$^/App/Update *dotweb.xMiddleware match
2018-09-25 22:50:22.9839 [DEBUG] [dotweb.go:461] DotWeb initBindMiddleware [app] OPTIONS^$^/App/Update *cors.CORSMiddleware match
2018-09-25 22:50:22.9844 [DEBUG] [dotweb.go:461] DotWeb initBindMiddleware [app] POST^$^/App/GetList *dotweb.xMiddleware match
2018-09-25 22:50:22.9849 [DEBUG] [dotweb.go:461] DotWeb initBindMiddleware [app] POST^$^/App/GetList *cors.CORSMiddleware match
2018-09-25 22:50:22.9859 [DEBUG] [dotweb.go:461] DotWeb initBindMiddleware [app] POST^$^/APIGroup/Update *dotweb.xMiddleware match
2018-09-25 22:50:22.9869 [DEBUG] [dotweb.go:461] DotWeb initBindMiddleware [app] POST^$^/APIGroup/Update *cors.CORSMiddleware match
2018-09-25 22:50:22.9879 [DEBUG] [dotweb.go:461] DotWeb initBindMiddleware [app] POST^$^/APIGroup/GetList *dotweb.xMiddleware match
2018-09-25 22:50:22.9909 [DEBUG] [dotweb.go:461] DotWeb initBindMiddleware [app] POST^$^/APIGroup/GetList *cors.CORSMiddleware match
2018-09-25 22:50:22.9914 [DEBUG] [dotweb.go:461] DotWeb initBindMiddleware [app] OPTIONS^$^/APIGroup/GetList *dotweb.xMiddleware match
2018-09-25 22:50:22.9929 [DEBUG] [dotweb.go:461] DotWeb initBindMiddleware [app] OPTIONS^$^/APIGroup/GetList *cors.CORSMiddleware match
2018-09-25 22:50:22.9939 [DEBUG] [dotweb.go:461] DotWeb initBindMiddleware [app] POST^$^/App/Add *dotweb.xMiddleware match
2018-09-25 22:50:22.9949 [DEBUG] [dotweb.go:461] DotWeb initBindMiddleware [app] POST^$^/App/Add *cors.CORSMiddleware match
2018-09-25 22:50:22.9954 [DEBUG] [dotweb.go:461] DotWeb initBindMiddleware [app] POST^$^/App/Delete *dotweb.xMiddleware match
2018-09-25 22:50:22.9959 [DEBUG] [dotweb.go:461] DotWeb initBindMiddleware [app] POST^$^/App/Delete *cors.CORSMiddleware match
2018-09-25 22:50:22.9964 [DEBUG] [group.go:31] DotWeb:Group NewGroup [/dotweb]
2018-09-25 22:50:22.9969 [DEBUG] [router.go:453] DotWeb:Router:RegisterRoute success [GET] [/dotweb/debug/pprof/:key] [github.com/devfeel/dotweb.initPProf]
2018-09-25 22:50:22.9969 [DEBUG] [router.go:479] DotWeb:Router:RegisterRoute AutoOPTIONS success [OPTIONS] [/dotweb/debug/pprof/:key] [github.com/devfeel/dotweb.initPProf]
2018-09-25 22:50:22.9974 [DEBUG] [router.go:453] DotWeb:Router:RegisterRoute success [GET] [/dotweb/debug/freemem] [github.com/devfeel/dotweb.freeMemory]
2018-09-25 22:50:22.9979 [DEBUG] [router.go:479] DotWeb:Router:RegisterRoute AutoOPTIONS success [OPTIONS] [/dotweb/debug/freemem] [github.com/devfeel/dotweb.freeMemory]
2018-09-25 22:50:22.9979 [DEBUG] [router.go:453] DotWeb:Router:RegisterRoute success [GET] [/dotweb/state] [github.com/devfeel/dotweb.showServerState]
2018-09-25 22:50:22.9984 [DEBUG] [router.go:479] DotWeb:Router:RegisterRoute AutoOPTIONS success [OPTIONS] [/dotweb/state] [github.com/devfeel/dotweb.showServerState]
2018-09-25 22:50:22.9989 [DEBUG] [router.go:453] DotWeb:Router:RegisterRoute success [GET] [/dotweb/state/interval] [github.com/devfeel/dotweb.showIntervalData]
2018-09-25 22:50:22.9989 [DEBUG] [router.go:479] DotWeb:Router:RegisterRoute AutoOPTIONS success [OPTIONS] [/dotweb/state/interval] [github.com/devfeel/dotweb.showIntervalData]
2018-09-25 22:50:22.9994 [DEBUG] [router.go:453] DotWeb:Router:RegisterRoute success [GET] [/dotweb/query/:key] [github.com/devfeel/dotweb.showQuery]
2018-09-25 22:50:22.9994 [DEBUG] [router.go:479] DotWeb:Router:RegisterRoute AutoOPTIONS success [OPTIONS] [/dotweb/query/:key] [github.com/devfeel/dotweb.showQuery]
2018-09-25 22:50:22.9999 [DEBUG] [dotweb.go:331] DotWeb RunMode is production
2018-09-25 22:50:23.0004 [DEBUG] [server.go:109] DotWeb:HttpServer ListenAndServe [:10001]
    ____           __                     __
   / __ \  ____   / /_ _      __  ___    / /_
  / / / / / __ \ / __/| | /| / / / _ \  / __ \
 / /_/ / / /_/ // /_  | |/ |/ / /  __/ / /_/ /
/_____/  \____/ \__/  |__/|__/  \___/ /_.___/
2018-09-25 22:50:48.249 [DEBUG] [dotweb.go:115] DotWeb Start New AppServer
2018-09-25 22:50:48.2495 [DEBUG] [server.go:386] DotWeb:HttpServer SetEnabledAutoOPTIONS [true]
2018-09-25 22:50:48.25 [DEBUG] [router.go:453] DotWeb:Router:RegisterRoute success [POST] [/App/Add] [github.com/a526757124/polaris/uiserver/handlers.(*AppInfoHandler).Add-fm]
2018-09-25 22:50:48.2505 [DEBUG] [router.go:479] DotWeb:Router:RegisterRoute AutoOPTIONS success [OPTIONS] [/App/Add] [github.com/a526757124/polaris/uiserver/handlers.(*AppInfoHandler).Add-fm]
2018-09-25 22:50:48.251 [DEBUG] [router.go:453] DotWeb:Router:RegisterRoute success [POST] [/App/Update] [github.com/a526757124/polaris/uiserver/handlers.(*AppInfoHandler).Update-fm]
2018-09-25 22:50:48.251 [DEBUG] [router.go:479] DotWeb:Router:RegisterRoute AutoOPTIONS success [OPTIONS] [/App/Update] [github.com/a526757124/polaris/uiserver/handlers.(*AppInfoHandler).Update-fm]
2018-09-25 22:50:48.2515 [DEBUG] [router.go:453] DotWeb:Router:RegisterRoute success [POST] [/App/Delete] [github.com/a526757124/polaris/uiserver/handlers.(*AppInfoHandler).Delete-fm]
2018-09-25 22:50:48.252 [DEBUG] [router.go:479] DotWeb:Router:RegisterRoute AutoOPTIONS success [OPTIONS] [/App/Delete] [github.com/a526757124/polaris/uiserver/handlers.(*AppInfoHandler).Delete-fm]
2018-09-25 22:50:48.252 [DEBUG] [router.go:453] DotWeb:Router:RegisterRoute success [POST] [/App/GetList] [github.com/a526757124/polaris/uiserver/handlers.(*AppInfoHandler).GetList-fm]
2018-09-25 22:50:48.253 [DEBUG] [router.go:479] DotWeb:Router:RegisterRoute AutoOPTIONS success [OPTIONS] [/App/GetList] [github.com/a526757124/polaris/uiserver/handlers.(*AppInfoHandler).GetList-fm]
2018-09-25 22:50:48.253 [DEBUG] [router.go:453] DotWeb:Router:RegisterRoute success [POST] [/APIGroup/Add] [github.com/a526757124/polaris/uiserver/handlers.(*APIGroupHandler).Add-fm]
2018-09-25 22:50:48.2575 [DEBUG] [router.go:479] DotWeb:Router:RegisterRoute AutoOPTIONS success [OPTIONS] [/APIGroup/Add] [github.com/a526757124/polaris/uiserver/handlers.(*APIGroupHandler).Add-fm]
2018-09-25 22:50:48.259 [DEBUG] [router.go:453] DotWeb:Router:RegisterRoute success [POST] [/APIGroup/Update] [github.com/a526757124/polaris/uiserver/handlers.(*APIGroupHandler).Update-fm]
2018-09-25 22:50:48.26 [DEBUG] [router.go:479] DotWeb:Router:RegisterRoute AutoOPTIONS success [OPTIONS] [/APIGroup/Update] [github.com/a526757124/polaris/uiserver/handlers.(*APIGroupHandler).Update-fm]
2018-09-25 22:50:48.2605 [DEBUG] [router.go:453] DotWeb:Router:RegisterRoute success [POST] [/APIGroup/Delete] [github.com/a526757124/polaris/uiserver/handlers.(*APIGroupHandler).Delete-fm]
2018-09-25 22:50:48.261 [DEBUG] [router.go:479] DotWeb:Router:RegisterRoute AutoOPTIONS success [OPTIONS] [/APIGroup/Delete] [github.com/a526757124/polaris/uiserver/handlers.(*APIGroupHandler).Delete-fm]
2018-09-25 22:50:48.261 [DEBUG] [router.go:453] DotWeb:Router:RegisterRoute success [POST] [/APIGroup/GetList] [github.com/a526757124/polaris/uiserver/handlers.(*APIGroupHandler).GetList-fm]
2018-09-25 22:50:48.2615 [DEBUG] [router.go:479] DotWeb:Router:RegisterRoute AutoOPTIONS success [OPTIONS] [/APIGroup/GetList] [github.com/a526757124/polaris/uiserver/handlers.(*APIGroupHandler).GetList-fm]
2018-09-25 22:50:48.2615 [DEBUG] [server.go:412] DotWeb:HttpServer SetEnabledGzip [false]
2018-09-25 22:50:48.262 [DEBUG] [dotweb.go:461] DotWeb initBindMiddleware [app] OPTIONS^$^/App/Add *dotweb.xMiddleware match
2018-09-25 22:50:48.263 [DEBUG] [dotweb.go:461] DotWeb initBindMiddleware [app] OPTIONS^$^/App/Add *cors.CORSMiddleware match
2018-09-25 22:50:48.2635 [DEBUG] [dotweb.go:461] DotWeb initBindMiddleware [app] OPTIONS^$^/App/Update *dotweb.xMiddleware match
2018-09-25 22:50:48.264 [DEBUG] [dotweb.go:461] DotWeb initBindMiddleware [app] OPTIONS^$^/App/Update *cors.CORSMiddleware match
2018-09-25 22:50:48.264 [DEBUG] [dotweb.go:461] DotWeb initBindMiddleware [app] POST^$^/App/GetList *dotweb.xMiddleware match
2018-09-25 22:50:48.2645 [DEBUG] [dotweb.go:461] DotWeb initBindMiddleware [app] POST^$^/App/GetList *cors.CORSMiddleware match
2018-09-25 22:50:48.2645 [DEBUG] [dotweb.go:461] DotWeb initBindMiddleware [app] POST^$^/APIGroup/Update *dotweb.xMiddleware match
2018-09-25 22:50:48.265 [DEBUG] [dotweb.go:461] DotWeb initBindMiddleware [app] POST^$^/APIGroup/Update *cors.CORSMiddleware match
2018-09-25 22:50:48.265 [DEBUG] [dotweb.go:461] DotWeb initBindMiddleware [app] OPTIONS^$^/APIGroup/GetList *dotweb.xMiddleware match
2018-09-25 22:50:48.2655 [DEBUG] [dotweb.go:461] DotWeb initBindMiddleware [app] OPTIONS^$^/APIGroup/GetList *cors.CORSMiddleware match
2018-09-25 22:50:48.2655 [DEBUG] [dotweb.go:461] DotWeb initBindMiddleware [app] POST^$^/APIGroup/Add *dotweb.xMiddleware match
2018-09-25 22:50:48.266 [DEBUG] [dotweb.go:461] DotWeb initBindMiddleware [app] POST^$^/APIGroup/Add *cors.CORSMiddleware match
2018-09-25 22:50:48.2665 [DEBUG] [dotweb.go:461] DotWeb initBindMiddleware [app] OPTIONS^$^/APIGroup/Update *dotweb.xMiddleware match
2018-09-25 22:50:48.2665 [DEBUG] [dotweb.go:461] DotWeb initBindMiddleware [app] OPTIONS^$^/APIGroup/Update *cors.CORSMiddleware match
2018-09-25 22:50:48.267 [DEBUG] [dotweb.go:461] DotWeb initBindMiddleware [app] POST^$^/APIGroup/Delete *dotweb.xMiddleware match
2018-09-25 22:50:48.267 [DEBUG] [dotweb.go:461] DotWeb initBindMiddleware [app] POST^$^/APIGroup/Delete *cors.CORSMiddleware match
2018-09-25 22:50:48.2675 [DEBUG] [dotweb.go:461] DotWeb initBindMiddleware [app] POST^$^/App/Update *dotweb.xMiddleware match
2018-09-25 22:50:48.2675 [DEBUG] [dotweb.go:461] DotWeb initBindMiddleware [app] POST^$^/App/Update *cors.CORSMiddleware match
2018-09-25 22:50:48.268 [DEBUG] [dotweb.go:461] DotWeb initBindMiddleware [app] POST^$^/App/Delete *dotweb.xMiddleware match
2018-09-25 22:50:48.268 [DEBUG] [dotweb.go:461] DotWeb initBindMiddleware [app] POST^$^/App/Delete *cors.CORSMiddleware match
2018-09-25 22:50:48.2685 [DEBUG] [dotweb.go:461] DotWeb initBindMiddleware [app] OPTIONS^$^/APIGroup/Add *dotweb.xMiddleware match
2018-09-25 22:50:48.269 [DEBUG] [dotweb.go:461] DotWeb initBindMiddleware [app] OPTIONS^$^/APIGroup/Add *cors.CORSMiddleware match
2018-09-25 22:50:48.269 [DEBUG] [dotweb.go:461] DotWeb initBindMiddleware [app] POST^$^/APIGroup/GetList *dotweb.xMiddleware match
2018-09-25 22:50:48.2695 [DEBUG] [dotweb.go:461] DotWeb initBindMiddleware [app] POST^$^/APIGroup/GetList *cors.CORSMiddleware match
2018-09-25 22:50:48.27 [DEBUG] [dotweb.go:461] DotWeb initBindMiddleware [app] POST^$^/App/Add *dotweb.xMiddleware match
2018-09-25 22:50:48.27 [DEBUG] [dotweb.go:461] DotWeb initBindMiddleware [app] POST^$^/App/Add *cors.CORSMiddleware match
2018-09-25 22:50:48.2705 [DEBUG] [dotweb.go:461] DotWeb initBindMiddleware [app] OPTIONS^$^/App/Delete *dotweb.xMiddleware match
2018-09-25 22:50:48.2705 [DEBUG] [dotweb.go:461] DotWeb initBindMiddleware [app] OPTIONS^$^/App/Delete *cors.CORSMiddleware match
2018-09-25 22:50:48.271 [DEBUG] [dotweb.go:461] DotWeb initBindMiddleware [app] OPTIONS^$^/App/GetList *dotweb.xMiddleware match
2018-09-25 22:50:48.271 [DEBUG] [dotweb.go:461] DotWeb initBindMiddleware [app] OPTIONS^$^/App/GetList *cors.CORSMiddleware match
2018-09-25 22:50:48.2715 [DEBUG] [dotweb.go:461] DotWeb initBindMiddleware [app] OPTIONS^$^/APIGroup/Delete *dotweb.xMiddleware match
2018-09-25 22:50:48.2715 [DEBUG] [dotweb.go:461] DotWeb initBindMiddleware [app] OPTIONS^$^/APIGroup/Delete *cors.CORSMiddleware match
2018-09-25 22:50:48.272 [DEBUG] [group.go:31] DotWeb:Group NewGroup [/dotweb]
2018-09-25 22:50:48.272 [DEBUG] [router.go:453] DotWeb:Router:RegisterRoute success [GET] [/dotweb/debug/pprof/:key] [github.com/devfeel/dotweb.initPProf]
2018-09-25 22:50:48.2725 [DEBUG] [router.go:479] DotWeb:Router:RegisterRoute AutoOPTIONS success [OPTIONS] [/dotweb/debug/pprof/:key] [github.com/devfeel/dotweb.initPProf]
2018-09-25 22:50:48.2725 [DEBUG] [router.go:453] DotWeb:Router:RegisterRoute success [GET] [/dotweb/debug/freemem] [github.com/devfeel/dotweb.freeMemory]
2018-09-25 22:50:48.2725 [DEBUG] [router.go:479] DotWeb:Router:RegisterRoute AutoOPTIONS success [OPTIONS] [/dotweb/debug/freemem] [github.com/devfeel/dotweb.freeMemory]
2018-09-25 22:50:48.273 [DEBUG] [router.go:453] DotWeb:Router:RegisterRoute success [GET] [/dotweb/state] [github.com/devfeel/dotweb.showServerState]
2018-09-25 22:50:48.273 [DEBUG] [router.go:479] DotWeb:Router:RegisterRoute AutoOPTIONS success [OPTIONS] [/dotweb/state] [github.com/devfeel/dotweb.showServerState]
2018-09-25 22:50:48.2735 [DEBUG] [router.go:453] DotWeb:Router:RegisterRoute success [GET] [/dotweb/state/interval] [github.com/devfeel/dotweb.showIntervalData]
2018-09-25 22:50:48.274 [DEBUG] [router.go:479] DotWeb:Router:RegisterRoute AutoOPTIONS success [OPTIONS] [/dotweb/state/interval] [github.com/devfeel/dotweb.showIntervalData]
2018-09-25 22:50:48.2745 [DEBUG] [router.go:453] DotWeb:Router:RegisterRoute success [GET] [/dotweb/query/:key] [github.com/devfeel/dotweb.showQuery]
2018-09-25 22:50:48.2745 [DEBUG] [router.go:479] DotWeb:Router:RegisterRoute AutoOPTIONS success [OPTIONS] [/dotweb/query/:key] [github.com/devfeel/dotweb.showQuery]
2018-09-25 22:50:48.275 [DEBUG] [dotweb.go:331] DotWeb RunMode is production
2018-09-25 22:50:48.2755 [DEBUG] [server.go:109] DotWeb:HttpServer ListenAndServe [:10001]
    ____           __                     __
   / __ \  ____   / /_ _      __  ___    / /_
  / / / / / __ \ / __/| | /| / / / _ \  / __ \
 / /_/ / / /_/ // /_  | |/ |/ / /  __/ / /_/ /
/_____/  \____/ \__/  |__/|__/  \___/ /_.___/
2018-09-25 22:57:05.1958 [DEBUG] [dotweb.go:115] DotWeb Start New AppServer
2018-09-25 22:57:05.1963 [DEBUG] [server.go:386] DotWeb:HttpServer SetEnabledAutoOPTIONS [true]
2018-09-25 22:57:05.1968 [DEBUG] [router.go:453] DotWeb:Router:RegisterRoute success [POST] [/App/Add] [github.com/a526757124/polaris/uiserver/handlers.(*AppInfoHandler).Add-fm]
2018-09-25 22:57:05.1973 [DEBUG] [router.go:479] DotWeb:Router:RegisterRoute AutoOPTIONS success [OPTIONS] [/App/Add] [github.com/a526757124/polaris/uiserver/handlers.(*AppInfoHandler).Add-fm]
2018-09-25 22:57:05.1973 [DEBUG] [router.go:453] DotWeb:Router:RegisterRoute success [POST] [/App/Update] [github.com/a526757124/polaris/uiserver/handlers.(*AppInfoHandler).Update-fm]
2018-09-25 22:57:05.1978 [DEBUG] [router.go:479] DotWeb:Router:RegisterRoute AutoOPTIONS success [OPTIONS] [/App/Update] [github.com/a526757124/polaris/uiserver/handlers.(*AppInfoHandler).Update-fm]
2018-09-25 22:57:05.1983 [DEBUG] [router.go:453] DotWeb:Router:RegisterRoute success [POST] [/App/Delete] [github.com/a526757124/polaris/uiserver/handlers.(*AppInfoHandler).Delete-fm]
2018-09-25 22:57:05.1983 [DEBUG] [router.go:479] DotWeb:Router:RegisterRoute AutoOPTIONS success [OPTIONS] [/App/Delete] [github.com/a526757124/polaris/uiserver/handlers.(*AppInfoHandler).Delete-fm]
2018-09-25 22:57:05.1988 [DEBUG] [router.go:453] DotWeb:Router:RegisterRoute success [POST] [/App/GetList] [github.com/a526757124/polaris/uiserver/handlers.(*AppInfoHandler).GetList-fm]
2018-09-25 22:57:05.1993 [DEBUG] [router.go:479] DotWeb:Router:RegisterRoute AutoOPTIONS success [OPTIONS] [/App/GetList] [github.com/a526757124/polaris/uiserver/handlers.(*AppInfoHandler).GetList-fm]
2018-09-25 22:57:05.1993 [DEBUG] [router.go:453] DotWeb:Router:RegisterRoute success [POST] [/APIGroup/Add] [github.com/a526757124/polaris/uiserver/handlers.(*APIGroupHandler).Add-fm]
2018-09-25 22:57:05.1998 [DEBUG] [router.go:479] DotWeb:Router:RegisterRoute AutoOPTIONS success [OPTIONS] [/APIGroup/Add] [github.com/a526757124/polaris/uiserver/handlers.(*APIGroupHandler).Add-fm]
2018-09-25 22:57:05.2003 [DEBUG] [router.go:453] DotWeb:Router:RegisterRoute success [POST] [/APIGroup/Update] [github.com/a526757124/polaris/uiserver/handlers.(*APIGroupHandler).Update-fm]
2018-09-25 22:57:05.2003 [DEBUG] [router.go:479] DotWeb:Router:RegisterRoute AutoOPTIONS success [OPTIONS] [/APIGroup/Update] [github.com/a526757124/polaris/uiserver/handlers.(*APIGroupHandler).Update-fm]
2018-09-25 22:57:05.2008 [DEBUG] [router.go:453] DotWeb:Router:RegisterRoute success [POST] [/APIGroup/Delete] [github.com/a526757124/polaris/uiserver/handlers.(*APIGroupHandler).Delete-fm]
2018-09-25 22:57:05.2013 [DEBUG] [router.go:479] DotWeb:Router:RegisterRoute AutoOPTIONS success [OPTIONS] [/APIGroup/Delete] [github.com/a526757124/polaris/uiserver/handlers.(*APIGroupHandler).Delete-fm]
2018-09-25 22:57:05.2018 [DEBUG] [router.go:453] DotWeb:Router:RegisterRoute success [POST] [/APIGroup/GetList] [github.com/a526757124/polaris/uiserver/handlers.(*APIGroupHandler).GetList-fm]
2018-09-25 22:57:05.2018 [DEBUG] [router.go:479] DotWeb:Router:RegisterRoute AutoOPTIONS success [OPTIONS] [/APIGroup/GetList] [github.com/a526757124/polaris/uiserver/handlers.(*APIGroupHandler).GetList-fm]
2018-09-25 22:57:05.2023 [DEBUG] [server.go:412] DotWeb:HttpServer SetEnabledGzip [false]
2018-09-25 22:57:05.2028 [DEBUG] [dotweb.go:461] DotWeb initBindMiddleware [app] POST^$^/APIGroup/Delete *dotweb.xMiddleware match
2018-09-25 22:57:05.2028 [DEBUG] [dotweb.go:461] DotWeb initBindMiddleware [app] POST^$^/APIGroup/Delete *cors.CORSMiddleware match
2018-09-25 22:57:05.2034 [DEBUG] [dotweb.go:461] DotWeb initBindMiddleware [app] POST^$^/App/GetList *dotweb.xMiddleware match
2018-09-25 22:57:05.2034 [DEBUG] [dotweb.go:461] DotWeb initBindMiddleware [app] POST^$^/App/GetList *cors.CORSMiddleware match
2018-09-25 22:57:05.2039 [DEBUG] [dotweb.go:461] DotWeb initBindMiddleware [app] POST^$^/APIGroup/Add *dotweb.xMiddleware match
2018-09-25 22:57:05.2039 [DEBUG] [dotweb.go:461] DotWeb initBindMiddleware [app] POST^$^/APIGroup/Add *cors.CORSMiddleware match
2018-09-25 22:57:05.2044 [DEBUG] [dotweb.go:461] DotWeb initBindMiddleware [app] POST^$^/APIGroup/Update *dotweb.xMiddleware match
2018-09-25 22:57:05.2049 [DEBUG] [dotweb.go:461] DotWeb initBindMiddleware [app] POST^$^/APIGroup/Update *cors.CORSMiddleware match
2018-09-25 22:57:05.2054 [DEBUG] [dotweb.go:461] DotWeb initBindMiddleware [app] OPTIONS^$^/APIGroup/Update *dotweb.xMiddleware match
2018-09-25 22:57:05.2054 [DEBUG] [dotweb.go:461] DotWeb initBindMiddleware [app] OPTIONS^$^/APIGroup/Update *cors.CORSMiddleware match
2018-09-25 22:57:05.2059 [DEBUG] [dotweb.go:461] DotWeb initBindMiddleware [app] POST^$^/App/Add *dotweb.xMiddleware match
2018-09-25 22:57:05.2059 [DEBUG] [dotweb.go:461] DotWeb initBindMiddleware [app] POST^$^/App/Add *cors.CORSMiddleware match
2018-09-25 22:57:05.2064 [DEBUG] [dotweb.go:461] DotWeb initBindMiddleware [app] POST^$^/App/Update *dotweb.xMiddleware match
2018-09-25 22:57:05.2069 [DEBUG] [dotweb.go:461] DotWeb initBindMiddleware [app] POST^$^/App/Update *cors.CORSMiddleware match
2018-09-25 22:57:05.2074 [DEBUG] [dotweb.go:461] DotWeb initBindMiddleware [app] OPTIONS^$^/App/Update *dotweb.xMiddleware match
2018-09-25 22:57:05.2074 [DEBUG] [dotweb.go:461] DotWeb initBindMiddleware [app] OPTIONS^$^/App/Update *cors.CORSMiddleware match
2018-09-25 22:57:05.2079 [DEBUG] [dotweb.go:461] DotWeb initBindMiddleware [app] POST^$^/App/Delete *dotweb.xMiddleware match
2018-09-25 22:57:05.2079 [DEBUG] [dotweb.go:461] DotWeb initBindMiddleware [app] POST^$^/App/Delete *cors.CORSMiddleware match
2018-09-25 22:57:05.2084 [DEBUG] [dotweb.go:461] DotWeb initBindMiddleware [app] OPTIONS^$^/APIGroup/GetList *dotweb.xMiddleware match
2018-09-25 22:57:05.2084 [DEBUG] [dotweb.go:461] DotWeb initBindMiddleware [app] OPTIONS^$^/APIGroup/GetList *cors.CORSMiddleware match
2018-09-25 22:57:05.2089 [DEBUG] [dotweb.go:461] DotWeb initBindMiddleware [app] OPTIONS^$^/App/Add *dotweb.xMiddleware match
2018-09-25 22:57:05.2094 [DEBUG] [dotweb.go:461] DotWeb initBindMiddleware [app] OPTIONS^$^/App/Add *cors.CORSMiddleware match
2018-09-25 22:57:05.2094 [DEBUG] [dotweb.go:461] DotWeb initBindMiddleware [app] OPTIONS^$^/App/GetList *dotweb.xMiddleware match
2018-09-25 22:57:05.2099 [DEBUG] [dotweb.go:461] DotWeb initBindMiddleware [app] OPTIONS^$^/App/GetList *cors.CORSMiddleware match
2018-09-25 22:57:05.2099 [DEBUG] [dotweb.go:461] DotWeb initBindMiddleware [app] OPTIONS^$^/APIGroup/Add *dotweb.xMiddleware match
2018-09-25 22:57:05.2104 [DEBUG] [dotweb.go:461] DotWeb initBindMiddleware [app] OPTIONS^$^/APIGroup/Add *cors.CORSMiddleware match
2018-09-25 22:57:05.2104 [DEBUG] [dotweb.go:461] DotWeb initBindMiddleware [app] POST^$^/APIGroup/GetList *dotweb.xMiddleware match
2018-09-25 22:57:05.2109 [DEBUG] [dotweb.go:461] DotWeb initBindMiddleware [app] POST^$^/APIGroup/GetList *cors.CORSMiddleware match
2018-09-25 22:57:05.2114 [DEBUG] [dotweb.go:461] DotWeb initBindMiddleware [app] OPTIONS^$^/App/Delete *dotweb.xMiddleware match
2018-09-25 22:57:05.2114 [DEBUG] [dotweb.go:461] DotWeb initBindMiddleware [app] OPTIONS^$^/App/Delete *cors.CORSMiddleware match
2018-09-25 22:57:05.2119 [DEBUG] [dotweb.go:461] DotWeb initBindMiddleware [app] OPTIONS^$^/APIGroup/Delete *dotweb.xMiddleware match
2018-09-25 22:57:05.2119 [DEBUG] [dotweb.go:461] DotWeb initBindMiddleware [app] OPTIONS^$^/APIGroup/Delete *cors.CORSMiddleware match
2018-09-25 22:57:05.2124 [DEBUG] [group.go:31] DotWeb:Group NewGroup [/dotweb]
2018-09-25 22:57:05.2129 [DEBUG] [router.go:453] DotWeb:Router:RegisterRoute success [GET] [/dotweb/debug/pprof/:key] [github.com/devfeel/dotweb.initPProf]
2018-09-25 22:57:05.2134 [DEBUG] [router.go:479] DotWeb:Router:RegisterRoute AutoOPTIONS success [OPTIONS] [/dotweb/debug/pprof/:key] [github.com/devfeel/dotweb.initPProf]
2018-09-25 22:57:05.2139 [DEBUG] [router.go:453] DotWeb:Router:RegisterRoute success [GET] [/dotweb/debug/freemem] [github.com/devfeel/dotweb.freeMemory]
2018-09-25 22:57:05.2139 [DEBUG] [router.go:479] DotWeb:Router:RegisterRoute AutoOPTIONS success [OPTIONS] [/dotweb/debug/freemem] [github.com/devfeel/dotweb.freeMemory]
2018-09-25 22:57:05.2144 [DEBUG] [router.go:453] DotWeb:Router:RegisterRoute success [GET] [/dotweb/state] [github.com/devfeel/dotweb.showServerState]
2018-09-25 22:57:05.2149 [DEBUG] [router.go:479] DotWeb:Router:RegisterRoute AutoOPTIONS success [OPTIONS] [/dotweb/state] [github.com/devfeel/dotweb.showServerState]
2018-09-25 22:57:05.2149 [DEBUG] [router.go:453] DotWeb:Router:RegisterRoute success [GET] [/dotweb/state/interval] [github.com/devfeel/dotweb.showIntervalData]
2018-09-25 22:57:05.2154 [DEBUG] [router.go:479] DotWeb:Router:RegisterRoute AutoOPTIONS success [OPTIONS] [/dotweb/state/interval] [github.com/devfeel/dotweb.showIntervalData]
2018-09-25 22:57:05.2154 [DEBUG] [router.go:453] DotWeb:Router:RegisterRoute success [GET] [/dotweb/query/:key] [github.com/devfeel/dotweb.showQuery]
2018-09-25 22:57:05.2159 [DEBUG] [router.go:479] DotWeb:Router:RegisterRoute AutoOPTIONS success [OPTIONS] [/dotweb/query/:key] [github.com/devfeel/dotweb.showQuery]
2018-09-25 22:57:05.2164 [DEBUG] [dotweb.go:331] DotWeb RunMode is production
2018-09-25 22:57:05.2164 [DEBUG] [server.go:109] DotWeb:HttpServer ListenAndServe [:10001]
    ____           __                     __
   / __ \  ____   / /_ _      __  ___    / /_
  / / / / / __ \ / __/| | /| / / / _ \  / __ \
 / /_/ / / /_/ // /_  | |/ |/ / /  __/ / /_/ /
/_____/  \____/ \__/  |__/|__/  \___/ /_.___/
2018-09-25 23:11:07.1703 [DEBUG] [dotweb.go:115] DotWeb Start New AppServer
2018-09-25 23:11:07.1708 [DEBUG] [server.go:386] DotWeb:HttpServer SetEnabledAutoOPTIONS [true]
2018-09-25 23:11:07.1708 [DEBUG] [router.go:453] DotWeb:Router:RegisterRoute success [POST] [/App/Add] [github.com/a526757124/polaris/uiserver/handlers.(*AppInfoHandler).Add-fm]
2018-09-25 23:11:07.1713 [DEBUG] [router.go:479] DotWeb:Router:RegisterRoute AutoOPTIONS success [OPTIONS] [/App/Add] [github.com/a526757124/polaris/uiserver/handlers.(*AppInfoHandler).Add-fm]
2018-09-25 23:11:07.1718 [DEBUG] [router.go:453] DotWeb:Router:RegisterRoute success [POST] [/App/Update] [github.com/a526757124/polaris/uiserver/handlers.(*AppInfoHandler).Update-fm]
2018-09-25 23:11:07.1718 [DEBUG] [router.go:479] DotWeb:Router:RegisterRoute AutoOPTIONS success [OPTIONS] [/App/Update] [github.com/a526757124/polaris/uiserver/handlers.(*AppInfoHandler).Update-fm]
2018-09-25 23:11:07.1723 [DEBUG] [router.go:453] DotWeb:Router:RegisterRoute success [POST] [/App/Delete] [github.com/a526757124/polaris/uiserver/handlers.(*AppInfoHandler).Delete-fm]
2018-09-25 23:11:07.1728 [DEBUG] [router.go:479] DotWeb:Router:RegisterRoute AutoOPTIONS success [OPTIONS] [/App/Delete] [github.com/a526757124/polaris/uiserver/handlers.(*AppInfoHandler).Delete-fm]
2018-09-25 23:11:07.1728 [DEBUG] [router.go:453] DotWeb:Router:RegisterRoute success [POST] [/App/GetList] [github.com/a526757124/polaris/uiserver/handlers.(*AppInfoHandler).GetList-fm]
2018-09-25 23:11:07.1733 [DEBUG] [router.go:479] DotWeb:Router:RegisterRoute AutoOPTIONS success [OPTIONS] [/App/GetList] [github.com/a526757124/polaris/uiserver/handlers.(*AppInfoHandler).GetList-fm]
2018-09-25 23:11:07.1738 [DEBUG] [router.go:453] DotWeb:Router:RegisterRoute success [POST] [/APIGroup/Add] [github.com/a526757124/polaris/uiserver/handlers.(*APIGroupHandler).Add-fm]
2018-09-25 23:11:07.1738 [DEBUG] [router.go:479] DotWeb:Router:RegisterRoute AutoOPTIONS success [OPTIONS] [/APIGroup/Add] [github.com/a526757124/polaris/uiserver/handlers.(*APIGroupHandler).Add-fm]
2018-09-25 23:11:07.1743 [DEBUG] [router.go:453] DotWeb:Router:RegisterRoute success [POST] [/APIGroup/Update] [github.com/a526757124/polaris/uiserver/handlers.(*APIGroupHandler).Update-fm]
2018-09-25 23:11:07.1743 [DEBUG] [router.go:479] DotWeb:Router:RegisterRoute AutoOPTIONS success [OPTIONS] [/APIGroup/Update] [github.com/a526757124/polaris/uiserver/handlers.(*APIGroupHandler).Update-fm]
2018-09-25 23:11:07.1748 [DEBUG] [router.go:453] DotWeb:Router:RegisterRoute success [POST] [/APIGroup/Delete] [github.com/a526757124/polaris/uiserver/handlers.(*APIGroupHandler).Delete-fm]
2018-09-25 23:11:07.1754 [DEBUG] [router.go:479] DotWeb:Router:RegisterRoute AutoOPTIONS success [OPTIONS] [/APIGroup/Delete] [github.com/a526757124/polaris/uiserver/handlers.(*APIGroupHandler).Delete-fm]
2018-09-25 23:11:07.1754 [DEBUG] [router.go:453] DotWeb:Router:RegisterRoute success [POST] [/APIGroup/GetList] [github.com/a526757124/polaris/uiserver/handlers.(*APIGroupHandler).GetList-fm]
2018-09-25 23:11:07.1759 [DEBUG] [router.go:479] DotWeb:Router:RegisterRoute AutoOPTIONS success [OPTIONS] [/APIGroup/GetList] [github.com/a526757124/polaris/uiserver/handlers.(*APIGroupHandler).GetList-fm]
2018-09-25 23:11:07.1759 [DEBUG] [server.go:412] DotWeb:HttpServer SetEnabledGzip [false]
2018-09-25 23:11:07.1764 [DEBUG] [dotweb.go:461] DotWeb initBindMiddleware [app] POST^$^/APIGroup/Delete *dotweb.xMiddleware match
2018-09-25 23:11:07.1764 [DEBUG] [dotweb.go:461] DotWeb initBindMiddleware [app] POST^$^/APIGroup/Delete *cors.CORSMiddleware match
2018-09-25 23:11:07.1769 [DEBUG] [dotweb.go:461] DotWeb initBindMiddleware [app] OPTIONS^$^/App/Add *dotweb.xMiddleware match
2018-09-25 23:11:07.1769 [DEBUG] [dotweb.go:461] DotWeb initBindMiddleware [app] OPTIONS^$^/App/Add *cors.CORSMiddleware match
2018-09-25 23:11:07.1774 [DEBUG] [dotweb.go:461] DotWeb initBindMiddleware [app] OPTIONS^$^/App/Delete *dotweb.xMiddleware match
2018-09-25 23:11:07.1779 [DEBUG] [dotweb.go:461] DotWeb initBindMiddleware [app] OPTIONS^$^/App/Delete *cors.CORSMiddleware match
2018-09-25 23:11:07.1779 [DEBUG] [dotweb.go:461] DotWeb initBindMiddleware [app] OPTIONS^$^/App/GetList *dotweb.xMiddleware match
2018-09-25 23:11:07.1784 [DEBUG] [dotweb.go:461] DotWeb initBindMiddleware [app] OPTIONS^$^/App/GetList *cors.CORSMiddleware match
2018-09-25 23:11:07.1794 [DEBUG] [dotweb.go:461] DotWeb initBindMiddleware [app] OPTIONS^$^/App/Update *dotweb.xMiddleware match
2018-09-25 23:11:07.1799 [DEBUG] [dotweb.go:461] DotWeb initBindMiddleware [app] OPTIONS^$^/App/Update *cors.CORSMiddleware match
2018-09-25 23:11:07.1804 [DEBUG] [dotweb.go:461] DotWeb initBindMiddleware [app] POST^$^/App/Delete *dotweb.xMiddleware match
2018-09-25 23:11:07.1809 [DEBUG] [dotweb.go:461] DotWeb initBindMiddleware [app] POST^$^/App/Delete *cors.CORSMiddleware match
2018-09-25 23:11:07.1814 [DEBUG] [dotweb.go:461] DotWeb initBindMiddleware [app] OPTIONS^$^/APIGroup/Add *dotweb.xMiddleware match
2018-09-25 23:11:07.1829 [DEBUG] [dotweb.go:461] DotWeb initBindMiddleware [app] OPTIONS^$^/APIGroup/Add *cors.CORSMiddleware match
2018-09-25 23:11:07.1839 [DEBUG] [dotweb.go:461] DotWeb initBindMiddleware [app] OPTIONS^$^/APIGroup/Delete *dotweb.xMiddleware match
2018-09-25 23:11:07.1849 [DEBUG] [dotweb.go:461] DotWeb initBindMiddleware [app] OPTIONS^$^/APIGroup/Delete *cors.CORSMiddleware match
2018-09-25 23:11:07.1859 [DEBUG] [dotweb.go:461] DotWeb initBindMiddleware [app] POST^$^/APIGroup/GetList *dotweb.xMiddleware match
2018-09-25 23:11:07.1869 [DEBUG] [dotweb.go:461] DotWeb initBindMiddleware [app] POST^$^/APIGroup/GetList *cors.CORSMiddleware match
2018-09-25 23:11:07.1874 [DEBUG] [dotweb.go:461] DotWeb initBindMiddleware [app] POST^$^/App/Add *dotweb.xMiddleware match
2018-09-25 23:11:07.1884 [DEBUG] [dotweb.go:461] DotWeb initBindMiddleware [app] POST^$^/App/Add *cors.CORSMiddleware match
2018-09-25 23:11:07.1894 [DEBUG] [dotweb.go:461] DotWeb initBindMiddleware [app] POST^$^/App/Update *dotweb.xMiddleware match
2018-09-25 23:11:07.1899 [DEBUG] [dotweb.go:461] DotWeb initBindMiddleware [app] POST^$^/App/Update *cors.CORSMiddleware match
2018-09-25 23:11:07.1904 [DEBUG] [dotweb.go:461] DotWeb initBindMiddleware [app] POST^$^/APIGroup/Update *dotweb.xMiddleware match
2018-09-25 23:11:07.1909 [DEBUG] [dotweb.go:461] DotWeb initBindMiddleware [app] POST^$^/APIGroup/Update *cors.CORSMiddleware match
2018-09-25 23:11:07.1914 [DEBUG] [dotweb.go:461] DotWeb initBindMiddleware [app] OPTIONS^$^/APIGroup/Update *dotweb.xMiddleware match
2018-09-25 23:11:07.1919 [DEBUG] [dotweb.go:461] DotWeb initBindMiddleware [app] OPTIONS^$^/APIGroup/Update *cors.CORSMiddleware match
2018-09-25 23:11:07.1924 [DEBUG] [dotweb.go:461] DotWeb initBindMiddleware [app] OPTIONS^$^/APIGroup/GetList *dotweb.xMiddleware match
2018-09-25 23:11:07.1934 [DEBUG] [dotweb.go:461] DotWeb initBindMiddleware [app] OPTIONS^$^/APIGroup/GetList *cors.CORSMiddleware match
2018-09-25 23:11:07.1939 [DEBUG] [dotweb.go:461] DotWeb initBindMiddleware [app] POST^$^/App/GetList *dotweb.xMiddleware match
2018-09-25 23:11:07.1954 [DEBUG] [dotweb.go:461] DotWeb initBindMiddleware [app] POST^$^/App/GetList *cors.CORSMiddleware match
2018-09-25 23:11:07.1959 [DEBUG] [dotweb.go:461] DotWeb initBindMiddleware [app] POST^$^/APIGroup/Add *dotweb.xMiddleware match
2018-09-25 23:11:07.1969 [DEBUG] [dotweb.go:461] DotWeb initBindMiddleware [app] POST^$^/APIGroup/Add *cors.CORSMiddleware match
2018-09-25 23:11:07.1979 [DEBUG] [group.go:31] DotWeb:Group NewGroup [/dotweb]
2018-09-25 23:11:07.1994 [DEBUG] [router.go:453] DotWeb:Router:RegisterRoute success [GET] [/dotweb/debug/pprof/:key] [github.com/devfeel/dotweb.initPProf]
2018-09-25 23:11:07.2004 [DEBUG] [router.go:479] DotWeb:Router:RegisterRoute AutoOPTIONS success [OPTIONS] [/dotweb/debug/pprof/:key] [github.com/devfeel/dotweb.initPProf]
2018-09-25 23:11:07.2014 [DEBUG] [router.go:453] DotWeb:Router:RegisterRoute success [GET] [/dotweb/debug/freemem] [github.com/devfeel/dotweb.freeMemory]
2018-09-25 23:11:07.2029 [DEBUG] [router.go:479] DotWeb:Router:RegisterRoute AutoOPTIONS success [OPTIONS] [/dotweb/debug/freemem] [github.com/devfeel/dotweb.freeMemory]
2018-09-25 23:11:07.2049 [DEBUG] [router.go:453] DotWeb:Router:RegisterRoute success [GET] [/dotweb/state] [github.com/devfeel/dotweb.showServerState]
2018-09-25 23:11:07.2059 [DEBUG] [router.go:479] DotWeb:Router:RegisterRoute AutoOPTIONS success [OPTIONS] [/dotweb/state] [github.com/devfeel/dotweb.showServerState]
2018-09-25 23:11:07.2074 [DEBUG] [router.go:453] DotWeb:Router:RegisterRoute success [GET] [/dotweb/state/interval] [github.com/devfeel/dotweb.showIntervalData]
2018-09-25 23:11:07.2089 [DEBUG] [router.go:479] DotWeb:Router:RegisterRoute AutoOPTIONS success [OPTIONS] [/dotweb/state/interval] [github.com/devfeel/dotweb.showIntervalData]
2018-09-25 23:11:07.2099 [DEBUG] [router.go:453] DotWeb:Router:RegisterRoute success [GET] [/dotweb/query/:key] [github.com/devfeel/dotweb.showQuery]
2018-09-25 23:11:07.2109 [DEBUG] [router.go:479] DotWeb:Router:RegisterRoute AutoOPTIONS success [OPTIONS] [/dotweb/query/:key] [github.com/devfeel/dotweb.showQuery]
2018-09-25 23:11:07.2119 [DEBUG] [dotweb.go:331] DotWeb RunMode is production
2018-09-25 23:11:07.2124 [DEBUG] [server.go:109] DotWeb:HttpServer ListenAndServe [:10001]
    ____           __                     __
   / __ \  ____   / /_ _      __  ___    / /_
  / / / / / __ \ / __/| | /| / / / _ \  / __ \
 / /_/ / / /_/ // /_  | |/ |/ / /  __/ / /_/ /
/_____/  \____/ \__/  |__/|__/  \___/ /_.___/
2018-09-25 23:11:56.2965 [DEBUG] [dotweb.go:115] DotWeb Start New AppServer
2018-09-25 23:11:56.2965 [DEBUG] [server.go:386] DotWeb:HttpServer SetEnabledAutoOPTIONS [true]
2018-09-25 23:11:56.297 [DEBUG] [router.go:453] DotWeb:Router:RegisterRoute success [POST] [/App/Add] [github.com/a526757124/polaris/uiserver/handlers.(*AppInfoHandler).Add-fm]
2018-09-25 23:11:56.297 [DEBUG] [router.go:479] DotWeb:Router:RegisterRoute AutoOPTIONS success [OPTIONS] [/App/Add] [github.com/a526757124/polaris/uiserver/handlers.(*AppInfoHandler).Add-fm]
2018-09-25 23:11:56.2975 [DEBUG] [router.go:453] DotWeb:Router:RegisterRoute success [POST] [/App/Update] [github.com/a526757124/polaris/uiserver/handlers.(*AppInfoHandler).Update-fm]
2018-09-25 23:11:56.2975 [DEBUG] [router.go:479] DotWeb:Router:RegisterRoute AutoOPTIONS success [OPTIONS] [/App/Update] [github.com/a526757124/polaris/uiserver/handlers.(*AppInfoHandler).Update-fm]
2018-09-25 23:11:56.298 [DEBUG] [router.go:453] DotWeb:Router:RegisterRoute success [POST] [/App/Delete] [github.com/a526757124/polaris/uiserver/handlers.(*AppInfoHandler).Delete-fm]
2018-09-25 23:11:56.2985 [DEBUG] [router.go:479] DotWeb:Router:RegisterRoute AutoOPTIONS success [OPTIONS] [/App/Delete] [github.com/a526757124/polaris/uiserver/handlers.(*AppInfoHandler).Delete-fm]
2018-09-25 23:11:56.2985 [DEBUG] [router.go:453] DotWeb:Router:RegisterRoute success [POST] [/App/GetList] [github.com/a526757124/polaris/uiserver/handlers.(*AppInfoHandler).GetList-fm]
2018-09-25 23:11:56.299 [DEBUG] [router.go:479] DotWeb:Router:RegisterRoute AutoOPTIONS success [OPTIONS] [/App/GetList] [github.com/a526757124/polaris/uiserver/handlers.(*AppInfoHandler).GetList-fm]
2018-09-25 23:11:56.2995 [DEBUG] [router.go:453] DotWeb:Router:RegisterRoute success [POST] [/APIGroup/Add] [github.com/a526757124/polaris/uiserver/handlers.(*APIGroupHandler).Add-fm]
2018-09-25 23:11:56.2995 [DEBUG] [router.go:479] DotWeb:Router:RegisterRoute AutoOPTIONS success [OPTIONS] [/APIGroup/Add] [github.com/a526757124/polaris/uiserver/handlers.(*APIGroupHandler).Add-fm]
2018-09-25 23:11:56.3 [DEBUG] [router.go:453] DotWeb:Router:RegisterRoute success [POST] [/APIGroup/Update] [github.com/a526757124/polaris/uiserver/handlers.(*APIGroupHandler).Update-fm]
2018-09-25 23:11:56.3 [DEBUG] [router.go:479] DotWeb:Router:RegisterRoute AutoOPTIONS success [OPTIONS] [/APIGroup/Update] [github.com/a526757124/polaris/uiserver/handlers.(*APIGroupHandler).Update-fm]
2018-09-25 23:11:56.3005 [DEBUG] [router.go:453] DotWeb:Router:RegisterRoute success [POST] [/APIGroup/Delete] [github.com/a526757124/polaris/uiserver/handlers.(*APIGroupHandler).Delete-fm]
2018-09-25 23:11:56.3005 [DEBUG] [router.go:479] DotWeb:Router:RegisterRoute AutoOPTIONS success [OPTIONS] [/APIGroup/Delete] [github.com/a526757124/polaris/uiserver/handlers.(*APIGroupHandler).Delete-fm]
2018-09-25 23:11:56.301 [DEBUG] [router.go:453] DotWeb:Router:RegisterRoute success [POST] [/APIGroup/GetList] [github.com/a526757124/polaris/uiserver/handlers.(*APIGroupHandler).GetList-fm]
2018-09-25 23:11:56.3015 [DEBUG] [router.go:479] DotWeb:Router:RegisterRoute AutoOPTIONS success [OPTIONS] [/APIGroup/GetList] [github.com/a526757124/polaris/uiserver/handlers.(*APIGroupHandler).GetList-fm]
2018-09-25 23:11:56.3015 [DEBUG] [server.go:412] DotWeb:HttpServer SetEnabledGzip [false]
2018-09-25 23:11:56.302 [DEBUG] [dotweb.go:461] DotWeb initBindMiddleware [app] OPTIONS^$^/APIGroup/Update *dotweb.xMiddleware match
2018-09-25 23:11:56.3025 [DEBUG] [dotweb.go:461] DotWeb initBindMiddleware [app] OPTIONS^$^/APIGroup/Update *cors.CORSMiddleware match
2018-09-25 23:11:56.3025 [DEBUG] [dotweb.go:461] DotWeb initBindMiddleware [app] OPTIONS^$^/APIGroup/Delete *dotweb.xMiddleware match
2018-09-25 23:11:56.303 [DEBUG] [dotweb.go:461] DotWeb initBindMiddleware [app] OPTIONS^$^/APIGroup/Delete *cors.CORSMiddleware match
2018-09-25 23:11:56.303 [DEBUG] [dotweb.go:461] DotWeb initBindMiddleware [app] POST^$^/App/Update *dotweb.xMiddleware match
2018-09-25 23:11:56.3035 [DEBUG] [dotweb.go:461] DotWeb initBindMiddleware [app] POST^$^/App/Update *cors.CORSMiddleware match
2018-09-25 23:11:56.304 [DEBUG] [dotweb.go:461] DotWeb initBindMiddleware [app] POST^$^/App/GetList *dotweb.xMiddleware match
2018-09-25 23:11:56.304 [DEBUG] [dotweb.go:461] DotWeb initBindMiddleware [app] POST^$^/App/GetList *cors.CORSMiddleware match
2018-09-25 23:11:56.3045 [DEBUG] [dotweb.go:461] DotWeb initBindMiddleware [app] POST^$^/APIGroup/Add *dotweb.xMiddleware match
2018-09-25 23:11:56.3045 [DEBUG] [dotweb.go:461] DotWeb initBindMiddleware [app] POST^$^/APIGroup/Add *cors.CORSMiddleware match
2018-09-25 23:11:56.305 [DEBUG] [dotweb.go:461] DotWeb initBindMiddleware [app] OPTIONS^$^/APIGroup/GetList *dotweb.xMiddleware match
2018-09-25 23:11:56.305 [DEBUG] [dotweb.go:461] DotWeb initBindMiddleware [app] OPTIONS^$^/APIGroup/GetList *cors.CORSMiddleware match
2018-09-25 23:11:56.3055 [DEBUG] [dotweb.go:461] DotWeb initBindMiddleware [app] OPTIONS^$^/App/Update *dotweb.xMiddleware match
2018-09-25 23:11:56.3055 [DEBUG] [dotweb.go:461] DotWeb initBindMiddleware [app] OPTIONS^$^/App/Update *cors.CORSMiddleware match
2018-09-25 23:11:56.306 [DEBUG] [dotweb.go:461] DotWeb initBindMiddleware [app] POST^$^/App/Delete *dotweb.xMiddleware match
2018-09-25 23:11:56.3065 [DEBUG] [dotweb.go:461] DotWeb initBindMiddleware [app] POST^$^/App/Delete *cors.CORSMiddleware match
2018-09-25 23:11:56.3065 [DEBUG] [dotweb.go:461] DotWeb initBindMiddleware [app] OPTIONS^$^/App/GetList *dotweb.xMiddleware match
2018-09-25 23:11:56.307 [DEBUG] [dotweb.go:461] DotWeb initBindMiddleware [app] OPTIONS^$^/App/GetList *cors.CORSMiddleware match
2018-09-25 23:11:56.307 [DEBUG] [dotweb.go:461] DotWeb initBindMiddleware [app] POST^$^/APIGroup/Update *dotweb.xMiddleware match
2018-09-25 23:11:56.3075 [DEBUG] [dotweb.go:461] DotWeb initBindMiddleware [app] POST^$^/APIGroup/Update *cors.CORSMiddleware match
2018-09-25 23:11:56.3075 [DEBUG] [dotweb.go:461] DotWeb initBindMiddleware [app] POST^$^/APIGroup/Delete *dotweb.xMiddleware match
2018-09-25 23:11:56.308 [DEBUG] [dotweb.go:461] DotWeb initBindMiddleware [app] POST^$^/APIGroup/Delete *cors.CORSMiddleware match
2018-09-25 23:11:56.308 [DEBUG] [dotweb.go:461] DotWeb initBindMiddleware [app] POST^$^/APIGroup/GetList *dotweb.xMiddleware match
2018-09-25 23:11:56.3085 [DEBUG] [dotweb.go:461] DotWeb initBindMiddleware [app] POST^$^/APIGroup/GetList *cors.CORSMiddleware match
2018-09-25 23:11:56.3085 [DEBUG] [dotweb.go:461] DotWeb initBindMiddleware [app] POST^$^/App/Add *dotweb.xMiddleware match
2018-09-25 23:11:56.309 [DEBUG] [dotweb.go:461] DotWeb initBindMiddleware [app] POST^$^/App/Add *cors.CORSMiddleware match
2018-09-25 23:11:56.309 [DEBUG] [dotweb.go:461] DotWeb initBindMiddleware [app] OPTIONS^$^/App/Add *dotweb.xMiddleware match
2018-09-25 23:11:56.3095 [DEBUG] [dotweb.go:461] DotWeb initBindMiddleware [app] OPTIONS^$^/App/Add *cors.CORSMiddleware match
2018-09-25 23:11:56.31 [DEBUG] [dotweb.go:461] DotWeb initBindMiddleware [app] OPTIONS^$^/App/Delete *dotweb.xMiddleware match
2018-09-25 23:11:56.31 [DEBUG] [dotweb.go:461] DotWeb initBindMiddleware [app] OPTIONS^$^/App/Delete *cors.CORSMiddleware match
2018-09-25 23:11:56.3105 [DEBUG] [dotweb.go:461] DotWeb initBindMiddleware [app] OPTIONS^$^/APIGroup/Add *dotweb.xMiddleware match
2018-09-25 23:11:56.3105 [DEBUG] [dotweb.go:461] DotWeb initBindMiddleware [app] OPTIONS^$^/APIGroup/Add *cors.CORSMiddleware match
2018-09-25 23:11:56.311 [DEBUG] [group.go:31] DotWeb:Group NewGroup [/dotweb]
2018-09-25 23:11:56.311 [DEBUG] [router.go:453] DotWeb:Router:RegisterRoute success [GET] [/dotweb/debug/pprof/:key] [github.com/devfeel/dotweb.initPProf]
2018-09-25 23:11:56.3115 [DEBUG] [router.go:479] DotWeb:Router:RegisterRoute AutoOPTIONS success [OPTIONS] [/dotweb/debug/pprof/:key] [github.com/devfeel/dotweb.initPProf]
2018-09-25 23:11:56.312 [DEBUG] [router.go:453] DotWeb:Router:RegisterRoute success [GET] [/dotweb/debug/freemem] [github.com/devfeel/dotweb.freeMemory]
2018-09-25 23:11:56.312 [DEBUG] [router.go:479] DotWeb:Router:RegisterRoute AutoOPTIONS success [OPTIONS] [/dotweb/debug/freemem] [github.com/devfeel/dotweb.freeMemory]
2018-09-25 23:11:56.3125 [DEBUG] [router.go:453] DotWeb:Router:RegisterRoute success [GET] [/dotweb/state] [github.com/devfeel/dotweb.showServerState]
2018-09-25 23:11:56.3125 [DEBUG] [router.go:479] DotWeb:Router:RegisterRoute AutoOPTIONS success [OPTIONS] [/dotweb/state] [github.com/devfeel/dotweb.showServerState]
2018-09-25 23:11:56.313 [DEBUG] [router.go:453] DotWeb:Router:RegisterRoute success [GET] [/dotweb/state/interval] [github.com/devfeel/dotweb.showIntervalData]
2018-09-25 23:11:56.3135 [DEBUG] [router.go:479] DotWeb:Router:RegisterRoute AutoOPTIONS success [OPTIONS] [/dotweb/state/interval] [github.com/devfeel/dotweb.showIntervalData]
2018-09-25 23:11:56.3135 [DEBUG] [router.go:453] DotWeb:Router:RegisterRoute success [GET] [/dotweb/query/:key] [github.com/devfeel/dotweb.showQuery]
2018-09-25 23:11:56.314 [DEBUG] [router.go:479] DotWeb:Router:RegisterRoute AutoOPTIONS success [OPTIONS] [/dotweb/query/:key] [github.com/devfeel/dotweb.showQuery]
2018-09-25 23:11:56.314 [DEBUG] [dotweb.go:331] DotWeb RunMode is production
2018-09-25 23:11:56.3145 [DEBUG] [server.go:109] DotWeb:HttpServer ListenAndServe [:10001]
