    ____           __                     __
   / __ \  ____   / /_ _      __  ___    / /_
  / / / / / __ \ / __/| | /| / / / _ \  / __ \
 / /_/ / / /_/ // /_  | |/ |/ / /  __/ / /_/ /
/_____/  \____/ \__/  |__/|__/  \___/ /_.___/
2018-09-17 14:15:46.8917 [DEBUG] [dotweb.go:115] DotWeb Start New AppServer
2018-09-17 14:15:46.8917 [DEBUG] [server.go:404] DotWeb:HttpServer SetEnabledGzip [false]
2018-09-17 14:15:46.8922 [DEBUG] [group.go:31] DotWeb:Group NewGroup [/dotweb]
2018-09-17 14:15:46.8927 [DEBUG] [router.go:437] DotWeb:Router:RegisterRoute success [GET] [/dotweb/debug/pprof/:key] [github.com/devfeel/dotweb.initPProf]
2018-09-17 14:15:46.8927 [DEBUG] [router.go:437] DotWeb:Router:RegisterRoute success [GET] [/dotweb/debug/freemem] [github.com/devfeel/dotweb.freeMemory]
2018-09-17 14:15:46.8937 [DEBUG] [router.go:437] DotWeb:Router:RegisterRoute success [GET] [/dotweb/state] [github.com/devfeel/dotweb.showServerState]
2018-09-17 14:15:46.8942 [DEBUG] [router.go:437] DotWeb:Router:RegisterRoute success [GET] [/dotweb/state/interval] [github.com/devfeel/dotweb.showIntervalData]
2018-09-17 14:15:46.8942 [DEBUG] [router.go:437] DotWeb:Router:RegisterRoute success [GET] [/dotweb/query/:key] [github.com/devfeel/dotweb.showQuery]
2018-09-17 14:15:46.8947 [DEBUG] [dotweb.go:331] DotWeb RunMode is production
2018-09-17 14:15:46.8947 [DEBUG] [server.go:109] DotWeb:HttpServer ListenAndServe [:10001]
    ____           __                     __
   / __ \  ____   / /_ _      __  ___    / /_
  / / / / / __ \ / __/| | /| / / / _ \  / __ \
 / /_/ / / /_/ // /_  | |/ |/ / /  __/ / /_/ /
/_____/  \____/ \__/  |__/|__/  \___/ /_.___/
2018-09-17 14:21:46.944 [DEBUG] [dotweb.go:115] DotWeb Start New AppServer
2018-09-17 14:21:46.9445 [DEBUG] [server.go:404] DotWeb:HttpServer SetEnabledGzip [false]
2018-09-17 14:21:46.9445 [DEBUG] [group.go:31] DotWeb:Group NewGroup [/dotweb]
2018-09-17 14:21:46.945 [DEBUG] [router.go:437] DotWeb:Router:RegisterRoute success [GET] [/dotweb/debug/pprof/:key] [github.com/devfeel/dotweb.initPProf]
2018-09-17 14:21:46.945 [DEBUG] [router.go:437] DotWeb:Router:RegisterRoute success [GET] [/dotweb/debug/freemem] [github.com/devfeel/dotweb.freeMemory]
2018-09-17 14:21:46.9455 [DEBUG] [router.go:437] DotWeb:Router:RegisterRoute success [GET] [/dotweb/state] [github.com/devfeel/dotweb.showServerState]
2018-09-17 14:21:46.9455 [DEBUG] [router.go:437] DotWeb:Router:RegisterRoute success [GET] [/dotweb/state/interval] [github.com/devfeel/dotweb.showIntervalData]
2018-09-17 14:21:46.946 [DEBUG] [router.go:437] DotWeb:Router:RegisterRoute success [GET] [/dotweb/query/:key] [github.com/devfeel/dotweb.showQuery]
2018-09-17 14:21:46.9465 [DEBUG] [dotweb.go:331] DotWeb RunMode is production
2018-09-17 14:21:46.9465 [DEBUG] [server.go:109] DotWeb:HttpServer ListenAndServe [:10001]
    ____           __                     __
   / __ \  ____   / /_ _      __  ___    / /_
  / / / / / __ \ / __/| | /| / / / _ \  / __ \
 / /_/ / / /_/ // /_  | |/ |/ / /  __/ / /_/ /
/_____/  \____/ \__/  |__/|__/  \___/ /_.___/
2018-09-17 14:24:57.5142 [DEBUG] [dotweb.go:115] DotWeb Start New AppServer
2018-09-17 14:24:57.5147 [DEBUG] [server.go:404] DotWeb:HttpServer SetEnabledGzip [false]
2018-09-17 14:24:57.5147 [DEBUG] [group.go:31] DotWeb:Group NewGroup [/dotweb]
2018-09-17 14:24:57.5152 [DEBUG] [router.go:437] DotWeb:Router:RegisterRoute success [GET] [/dotweb/debug/pprof/:key] [github.com/devfeel/dotweb.initPProf]
2018-09-17 14:24:57.5157 [DEBUG] [router.go:437] DotWeb:Router:RegisterRoute success [GET] [/dotweb/debug/freemem] [github.com/devfeel/dotweb.freeMemory]
2018-09-17 14:24:57.5157 [DEBUG] [router.go:437] DotWeb:Router:RegisterRoute success [GET] [/dotweb/state] [github.com/devfeel/dotweb.showServerState]
2018-09-17 14:24:57.5162 [DEBUG] [router.go:437] DotWeb:Router:RegisterRoute success [GET] [/dotweb/state/interval] [github.com/devfeel/dotweb.showIntervalData]
2018-09-17 14:24:57.5167 [DEBUG] [router.go:437] DotWeb:Router:RegisterRoute success [GET] [/dotweb/query/:key] [github.com/devfeel/dotweb.showQuery]
2018-09-17 14:24:57.5167 [DEBUG] [dotweb.go:331] DotWeb RunMode is production
2018-09-17 14:24:57.5172 [DEBUG] [server.go:109] DotWeb:HttpServer ListenAndServe [:10001]
    ____           __                     __
   / __ \  ____   / /_ _      __  ___    / /_
  / / / / / __ \ / __/| | /| / / / _ \  / __ \
 / /_/ / / /_/ // /_  | |/ |/ / /  __/ / /_/ /
/_____/  \____/ \__/  |__/|__/  \___/ /_.___/
2018-09-17 15:36:57.3871 [DEBUG] [dotweb.go:115] DotWeb Start New AppServer
2018-09-17 15:36:57.3876 [DEBUG] [server.go:404] DotWeb:HttpServer SetEnabledGzip [false]
2018-09-17 15:36:57.3876 [DEBUG] [group.go:31] DotWeb:Group NewGroup [/dotweb]
2018-09-17 15:36:57.3881 [DEBUG] [router.go:437] DotWeb:Router:RegisterRoute success [GET] [/dotweb/debug/pprof/:key] [github.com/devfeel/dotweb.initPProf]
2018-09-17 15:36:57.3886 [DEBUG] [router.go:437] DotWeb:Router:RegisterRoute success [GET] [/dotweb/debug/freemem] [github.com/devfeel/dotweb.freeMemory]
2018-09-17 15:36:57.3886 [DEBUG] [router.go:437] DotWeb:Router:RegisterRoute success [GET] [/dotweb/state] [github.com/devfeel/dotweb.showServerState]
2018-09-17 15:36:57.3891 [DEBUG] [router.go:437] DotWeb:Router:RegisterRoute success [GET] [/dotweb/state/interval] [github.com/devfeel/dotweb.showIntervalData]
2018-09-17 15:36:57.3891 [DEBUG] [router.go:437] DotWeb:Router:RegisterRoute success [GET] [/dotweb/query/:key] [github.com/devfeel/dotweb.showQuery]
2018-09-17 15:36:57.3896 [DEBUG] [dotweb.go:331] DotWeb RunMode is production
2018-09-17 15:36:57.3896 [DEBUG] [server.go:109] DotWeb:HttpServer ListenAndServe [:10001]
    ____           __                     __
   / __ \  ____   / /_ _      __  ___    / /_
  / / / / / __ \ / __/| | /| / / / _ \  / __ \
 / /_/ / / /_/ // /_  | |/ |/ / /  __/ / /_/ /
/_____/  \____/ \__/  |__/|__/  \___/ /_.___/
2018-09-17 15:39:28.0709 [DEBUG] [dotweb.go:115] DotWeb Start New AppServer
2018-09-17 15:39:28.0714 [DEBUG] [server.go:404] DotWeb:HttpServer SetEnabledGzip [false]
2018-09-17 15:39:28.0714 [DEBUG] [group.go:31] DotWeb:Group NewGroup [/dotweb]
2018-09-17 15:39:28.0719 [DEBUG] [router.go:437] DotWeb:Router:RegisterRoute success [GET] [/dotweb/debug/pprof/:key] [github.com/devfeel/dotweb.initPProf]
2018-09-17 15:39:28.0724 [DEBUG] [router.go:437] DotWeb:Router:RegisterRoute success [GET] [/dotweb/debug/freemem] [github.com/devfeel/dotweb.freeMemory]
2018-09-17 15:39:28.0729 [DEBUG] [router.go:437] DotWeb:Router:RegisterRoute success [GET] [/dotweb/state] [github.com/devfeel/dotweb.showServerState]
2018-09-17 15:39:28.0729 [DEBUG] [router.go:437] DotWeb:Router:RegisterRoute success [GET] [/dotweb/state/interval] [github.com/devfeel/dotweb.showIntervalData]
2018-09-17 15:39:28.0734 [DEBUG] [router.go:437] DotWeb:Router:RegisterRoute success [GET] [/dotweb/query/:key] [github.com/devfeel/dotweb.showQuery]
2018-09-17 15:39:28.0734 [DEBUG] [dotweb.go:331] DotWeb RunMode is production
2018-09-17 15:39:28.0739 [DEBUG] [server.go:109] DotWeb:HttpServer ListenAndServe [:10001]
    ____           __                     __
   / __ \  ____   / /_ _      __  ___    / /_
  / / / / / __ \ / __/| | /| / / / _ \  / __ \
 / /_/ / / /_/ // /_  | |/ |/ / /  __/ / /_/ /
/_____/  \____/ \__/  |__/|__/  \___/ /_.___/
2018-09-17 15:39:52.8802 [DEBUG] [dotweb.go:115] DotWeb Start New AppServer
2018-09-17 15:39:52.8802 [DEBUG] [server.go:404] DotWeb:HttpServer SetEnabledGzip [false]
2018-09-17 15:39:52.8807 [DEBUG] [group.go:31] DotWeb:Group NewGroup [/dotweb]
2018-09-17 15:39:52.8807 [DEBUG] [router.go:437] DotWeb:Router:RegisterRoute success [GET] [/dotweb/debug/pprof/:key] [github.com/devfeel/dotweb.initPProf]
2018-09-17 15:39:52.8812 [DEBUG] [router.go:437] DotWeb:Router:RegisterRoute success [GET] [/dotweb/debug/freemem] [github.com/devfeel/dotweb.freeMemory]
2018-09-17 15:39:52.8817 [DEBUG] [router.go:437] DotWeb:Router:RegisterRoute success [GET] [/dotweb/state] [github.com/devfeel/dotweb.showServerState]
2018-09-17 15:39:52.8817 [DEBUG] [router.go:437] DotWeb:Router:RegisterRoute success [GET] [/dotweb/state/interval] [github.com/devfeel/dotweb.showIntervalData]
2018-09-17 15:39:52.8822 [DEBUG] [router.go:437] DotWeb:Router:RegisterRoute success [GET] [/dotweb/query/:key] [github.com/devfeel/dotweb.showQuery]
2018-09-17 15:39:52.8822 [DEBUG] [dotweb.go:331] DotWeb RunMode is production
2018-09-17 15:39:52.8827 [DEBUG] [server.go:109] DotWeb:HttpServer ListenAndServe [:10001]
